01-10-2024 10:07:21 - __main__ - <module> - INFO: Testing training grid_256_v3 - phase blanking in loss function , with 30 Epochs
01-10-2024 10:07:21 - __main__ - <module> - INFO: Writing into log file: ./logs/training_9.log
01-10-2024 10:07:21 - __main__ - <module> - INFO: Dataset used: /mnt/data/desy/frog_simulated/grid_256_v3/
01-10-2024 10:07:21 - __main__ - <module> - INFO: Spectrograms used: as_gn00.dat
01-10-2024 10:07:21 - __main__ - <module> - INFO: Size of output tensor: 512 elements
01-10-2024 10:07:21 - __main__ - <module> - INFO: Batch size: 10 elements
01-10-2024 10:07:21 - __main__ - <module> - INFO: Number of epochs: 30
01-10-2024 10:07:21 - __main__ - <module> - INFO: Initial learning rate: 0.001
01-10-2024 10:07:21 - __main__ - <module> - INFO: Only Pulses with PBDrms lower than 0.3 are used!
01-10-2024 10:07:21 - __main__ - <module> - INFO: Device used (cuda/cpu): cuda
01-10-2024 10:07:21 - __main__ - <module> - INFO: Loading Model...
01-10-2024 10:07:22 - __main__ - <module> - INFO: Freezing early layers!
01-10-2024 10:07:22 - __main__ - <module> - INFO: Loading Model finished!
01-10-2024 10:07:22 - __main__ - <module> - INFO: Loading Data...
01-10-2024 10:07:22 - __main__ - <module> - INFO: Size of dataset: 2029
01-10-2024 10:07:22 - __main__ - <module> - INFO: Size of training data:   1625
01-10-2024 10:07:22 - __main__ - <module> - INFO: Size of validation data: 202
01-10-2024 10:07:22 - __main__ - <module> - INFO: Size of test data:       202
01-10-2024 10:07:22 - __main__ - <module> - INFO: Finished loading data!
01-10-2024 10:07:22 - __main__ - <module> - INFO: Starting training...
01-10-2024 10:07:29 - __main__ - <module> - INFO: Epoch 1 / 30, Step 10 / 162, Loss = 2.4656815529e+00
01-10-2024 10:07:35 - __main__ - <module> - INFO: Epoch 1 / 30, Step 20 / 162, Loss = 2.5408606529e+00
01-10-2024 10:07:42 - __main__ - <module> - INFO: Epoch 1 / 30, Step 30 / 162, Loss = 2.3655827045e+00
01-10-2024 10:07:48 - __main__ - <module> - INFO: Epoch 1 / 30, Step 40 / 162, Loss = 2.7255475521e+00
01-10-2024 10:07:55 - __main__ - <module> - INFO: Epoch 1 / 30, Step 50 / 162, Loss = 2.7271947861e+00
01-10-2024 10:08:01 - __main__ - <module> - INFO: Epoch 1 / 30, Step 60 / 162, Loss = 2.1234664917e+00
01-10-2024 10:08:08 - __main__ - <module> - INFO: Epoch 1 / 30, Step 70 / 162, Loss = 2.4404404163e+00
01-10-2024 10:08:14 - __main__ - <module> - INFO: Epoch 1 / 30, Step 80 / 162, Loss = 2.1630094051e+00
01-10-2024 10:08:21 - __main__ - <module> - INFO: Epoch 1 / 30, Step 90 / 162, Loss = 2.6355218887e+00
01-10-2024 10:08:27 - __main__ - <module> - INFO: Epoch 1 / 30, Step 100 / 162, Loss = 2.2918789387e+00
01-10-2024 10:08:34 - __main__ - <module> - INFO: Epoch 1 / 30, Step 110 / 162, Loss = 2.0764515400e+00
01-10-2024 10:08:40 - __main__ - <module> - INFO: Epoch 1 / 30, Step 120 / 162, Loss = 2.2482955456e+00
01-10-2024 10:08:47 - __main__ - <module> - INFO: Epoch 1 / 30, Step 130 / 162, Loss = 1.8912147284e+00
01-10-2024 10:08:53 - __main__ - <module> - INFO: Epoch 1 / 30, Step 140 / 162, Loss = 2.1452627182e+00
01-10-2024 10:09:00 - __main__ - <module> - INFO: Epoch 1 / 30, Step 150 / 162, Loss = 1.7443189621e+00
01-10-2024 10:09:06 - __main__ - <module> - INFO: Epoch 1 / 30, Step 160 / 162, Loss = 1.4850578308e+00
01-10-2024 10:09:08 - __main__ - <module> - INFO: Starting Validation for epoch 1 / 30
01-10-2024 10:09:20 - __main__ - <module> - INFO: Validation Loss: 1.9117349500e+00
01-10-2024 10:09:20 - __main__ - <module> - INFO: New learning rate: 0.001
01-10-2024 10:09:27 - __main__ - <module> - INFO: Epoch 2 / 30, Step 10 / 162, Loss = 1.4937989712e+00
01-10-2024 10:09:33 - __main__ - <module> - INFO: Epoch 2 / 30, Step 20 / 162, Loss = 1.8505760431e+00
01-10-2024 10:09:39 - __main__ - <module> - INFO: Epoch 2 / 30, Step 30 / 162, Loss = 2.1550889015e+00
01-10-2024 10:09:46 - __main__ - <module> - INFO: Epoch 2 / 30, Step 40 / 162, Loss = 1.7192906141e+00
01-10-2024 10:09:52 - __main__ - <module> - INFO: Epoch 2 / 30, Step 50 / 162, Loss = 1.7705709934e+00
01-10-2024 10:09:59 - __main__ - <module> - INFO: Epoch 2 / 30, Step 60 / 162, Loss = 2.5221507549e+00
01-10-2024 10:10:05 - __main__ - <module> - INFO: Epoch 2 / 30, Step 70 / 162, Loss = 1.4896430969e+00
01-10-2024 10:10:11 - __main__ - <module> - INFO: Epoch 2 / 30, Step 80 / 162, Loss = 1.5146577358e+00
01-10-2024 10:10:18 - __main__ - <module> - INFO: Epoch 2 / 30, Step 90 / 162, Loss = 2.2746403217e+00
01-10-2024 10:10:24 - __main__ - <module> - INFO: Epoch 2 / 30, Step 100 / 162, Loss = 1.6773262024e+00
01-10-2024 10:10:31 - __main__ - <module> - INFO: Epoch 2 / 30, Step 110 / 162, Loss = 1.8264478445e+00
01-10-2024 10:10:37 - __main__ - <module> - INFO: Epoch 2 / 30, Step 120 / 162, Loss = 1.8216809034e+00
01-10-2024 10:10:43 - __main__ - <module> - INFO: Epoch 2 / 30, Step 130 / 162, Loss = 1.5342510939e+00
01-10-2024 10:10:50 - __main__ - <module> - INFO: Epoch 2 / 30, Step 140 / 162, Loss = 2.7121765614e+00
01-10-2024 10:10:56 - __main__ - <module> - INFO: Epoch 2 / 30, Step 150 / 162, Loss = 1.5448738337e+00
01-10-2024 10:11:03 - __main__ - <module> - INFO: Epoch 2 / 30, Step 160 / 162, Loss = 3.3750913143e+00
01-10-2024 10:11:04 - __main__ - <module> - INFO: Starting Validation for epoch 2 / 30
01-10-2024 10:11:17 - __main__ - <module> - INFO: Validation Loss: 1.7418665999e+00
01-10-2024 10:11:17 - __main__ - <module> - INFO: New learning rate: 0.001
01-10-2024 10:11:23 - __main__ - <module> - INFO: Epoch 3 / 30, Step 10 / 162, Loss = 2.0554177761e+00
01-10-2024 10:11:30 - __main__ - <module> - INFO: Epoch 3 / 30, Step 20 / 162, Loss = 1.7392704487e+00
01-10-2024 10:11:36 - __main__ - <module> - INFO: Epoch 3 / 30, Step 30 / 162, Loss = 1.6472719908e+00
01-10-2024 10:11:42 - __main__ - <module> - INFO: Epoch 3 / 30, Step 40 / 162, Loss = 1.9867168665e+00
01-10-2024 10:11:49 - __main__ - <module> - INFO: Epoch 3 / 30, Step 50 / 162, Loss = 1.4564938545e+00
01-10-2024 10:11:55 - __main__ - <module> - INFO: Epoch 3 / 30, Step 60 / 162, Loss = 2.3004066944e+00
01-10-2024 10:12:01 - __main__ - <module> - INFO: Epoch 3 / 30, Step 70 / 162, Loss = 1.7127541304e+00
01-10-2024 10:12:08 - __main__ - <module> - INFO: Epoch 3 / 30, Step 80 / 162, Loss = 2.2596848011e+00
01-10-2024 10:12:14 - __main__ - <module> - INFO: Epoch 3 / 30, Step 90 / 162, Loss = 1.6457500458e+00
01-10-2024 10:12:21 - __main__ - <module> - INFO: Epoch 3 / 30, Step 100 / 162, Loss = 2.2443845272e+00
01-10-2024 10:12:27 - __main__ - <module> - INFO: Epoch 3 / 30, Step 110 / 162, Loss = 1.7266079187e+00
01-10-2024 10:12:33 - __main__ - <module> - INFO: Epoch 3 / 30, Step 120 / 162, Loss = 1.4564131498e+00
01-10-2024 10:12:40 - __main__ - <module> - INFO: Epoch 3 / 30, Step 130 / 162, Loss = 1.5224514008e+00
01-10-2024 10:12:46 - __main__ - <module> - INFO: Epoch 3 / 30, Step 140 / 162, Loss = 2.4268860817e+00
01-10-2024 10:12:53 - __main__ - <module> - INFO: Epoch 3 / 30, Step 150 / 162, Loss = 1.9229081869e+00
01-10-2024 10:12:59 - __main__ - <module> - INFO: Epoch 3 / 30, Step 160 / 162, Loss = 1.5546350479e+00
01-10-2024 10:13:01 - __main__ - <module> - INFO: Starting Validation for epoch 3 / 30
01-10-2024 10:13:13 - __main__ - <module> - INFO: Validation Loss: 1.6573226073e+00
01-10-2024 10:13:13 - __main__ - <module> - INFO: New learning rate: 0.001
01-10-2024 10:13:20 - __main__ - <module> - INFO: Epoch 4 / 30, Step 10 / 162, Loss = 1.6371586323e+00
01-10-2024 10:13:26 - __main__ - <module> - INFO: Epoch 4 / 30, Step 20 / 162, Loss = 1.3527296782e+00
01-10-2024 10:13:32 - __main__ - <module> - INFO: Epoch 4 / 30, Step 30 / 162, Loss = 1.3186508417e+00
01-10-2024 10:13:39 - __main__ - <module> - INFO: Epoch 4 / 30, Step 40 / 162, Loss = 1.4111536741e+00
01-10-2024 10:13:45 - __main__ - <module> - INFO: Epoch 4 / 30, Step 50 / 162, Loss = 1.8284963369e+00
01-10-2024 10:13:52 - __main__ - <module> - INFO: Epoch 4 / 30, Step 60 / 162, Loss = 1.3628762960e+00
01-10-2024 10:13:58 - __main__ - <module> - INFO: Epoch 4 / 30, Step 70 / 162, Loss = 2.0661342144e+00
01-10-2024 10:14:04 - __main__ - <module> - INFO: Epoch 4 / 30, Step 80 / 162, Loss = 1.2398065329e+00
01-10-2024 10:14:11 - __main__ - <module> - INFO: Epoch 4 / 30, Step 90 / 162, Loss = 2.1304128170e+00
01-10-2024 10:14:17 - __main__ - <module> - INFO: Epoch 4 / 30, Step 100 / 162, Loss = 2.5059309006e+00
01-10-2024 10:14:24 - __main__ - <module> - INFO: Epoch 4 / 30, Step 110 / 162, Loss = 1.4572150707e+00
01-10-2024 10:14:30 - __main__ - <module> - INFO: Epoch 4 / 30, Step 120 / 162, Loss = 1.2071921825e+00
01-10-2024 10:14:36 - __main__ - <module> - INFO: Epoch 4 / 30, Step 130 / 162, Loss = 1.6837977171e+00
01-10-2024 10:14:43 - __main__ - <module> - INFO: Epoch 4 / 30, Step 140 / 162, Loss = 1.5997561216e+00
01-10-2024 10:14:49 - __main__ - <module> - INFO: Epoch 4 / 30, Step 150 / 162, Loss = 2.7394759655e+00
01-10-2024 10:14:56 - __main__ - <module> - INFO: Epoch 4 / 30, Step 160 / 162, Loss = 1.7709789276e+00
01-10-2024 10:14:57 - __main__ - <module> - INFO: Starting Validation for epoch 4 / 30
01-10-2024 10:15:10 - __main__ - <module> - INFO: Validation Loss: 1.5980765614e+00
01-10-2024 10:15:10 - __main__ - <module> - INFO: New learning rate: 0.001
01-10-2024 10:15:16 - __main__ - <module> - INFO: Epoch 5 / 30, Step 10 / 162, Loss = 1.4373214245e+00
01-10-2024 10:15:23 - __main__ - <module> - INFO: Epoch 5 / 30, Step 20 / 162, Loss = 2.0882651806e+00
01-10-2024 10:15:29 - __main__ - <module> - INFO: Epoch 5 / 30, Step 30 / 162, Loss = 1.6027561426e+00
01-10-2024 10:15:35 - __main__ - <module> - INFO: Epoch 5 / 30, Step 40 / 162, Loss = 1.9531301260e+00
01-10-2024 10:15:42 - __main__ - <module> - INFO: Epoch 5 / 30, Step 50 / 162, Loss = 1.8834975958e+00
01-10-2024 10:15:48 - __main__ - <module> - INFO: Epoch 5 / 30, Step 60 / 162, Loss = 1.2934035063e+00
01-10-2024 10:15:55 - __main__ - <module> - INFO: Epoch 5 / 30, Step 70 / 162, Loss = 2.0136954784e+00
01-10-2024 10:16:01 - __main__ - <module> - INFO: Epoch 5 / 30, Step 80 / 162, Loss = 2.5065877438e+00
01-10-2024 10:16:07 - __main__ - <module> - INFO: Epoch 5 / 30, Step 90 / 162, Loss = 2.3054952621e+00
01-10-2024 10:16:14 - __main__ - <module> - INFO: Epoch 5 / 30, Step 100 / 162, Loss = 1.5831321478e+00
01-10-2024 10:16:20 - __main__ - <module> - INFO: Epoch 5 / 30, Step 110 / 162, Loss = 1.6406490803e+00
01-10-2024 10:16:27 - __main__ - <module> - INFO: Epoch 5 / 30, Step 120 / 162, Loss = 9.2257881165e-01
01-10-2024 10:16:33 - __main__ - <module> - INFO: Epoch 5 / 30, Step 130 / 162, Loss = 9.9305772781e-01
01-10-2024 10:16:39 - __main__ - <module> - INFO: Epoch 5 / 30, Step 140 / 162, Loss = 1.5870808363e+00
01-10-2024 10:16:46 - __main__ - <module> - INFO: Epoch 5 / 30, Step 150 / 162, Loss = 2.4888653755e+00
01-10-2024 10:16:52 - __main__ - <module> - INFO: Epoch 5 / 30, Step 160 / 162, Loss = 9.6376609802e-01
01-10-2024 10:16:54 - __main__ - <module> - INFO: Starting Validation for epoch 5 / 30
01-10-2024 10:17:06 - __main__ - <module> - INFO: Validation Loss: 1.5567697690e+00
01-10-2024 10:17:06 - __main__ - <module> - INFO: New learning rate: 0.001
01-10-2024 10:17:13 - __main__ - <module> - INFO: Epoch 6 / 30, Step 10 / 162, Loss = 1.4229875803e+00
01-10-2024 10:17:19 - __main__ - <module> - INFO: Epoch 6 / 30, Step 20 / 162, Loss = 1.7550241947e+00
01-10-2024 10:17:26 - __main__ - <module> - INFO: Epoch 6 / 30, Step 30 / 162, Loss = 1.3861511946e+00
01-10-2024 10:17:32 - __main__ - <module> - INFO: Epoch 6 / 30, Step 40 / 162, Loss = 1.5197508335e+00
01-10-2024 10:17:38 - __main__ - <module> - INFO: Epoch 6 / 30, Step 50 / 162, Loss = 1.6984943151e+00
01-10-2024 10:17:45 - __main__ - <module> - INFO: Epoch 6 / 30, Step 60 / 162, Loss = 1.0975154638e+00
01-10-2024 10:17:51 - __main__ - <module> - INFO: Epoch 6 / 30, Step 70 / 162, Loss = 1.5125187635e+00
01-10-2024 10:17:58 - __main__ - <module> - INFO: Epoch 6 / 30, Step 80 / 162, Loss = 2.0348975658e+00
01-10-2024 10:18:04 - __main__ - <module> - INFO: Epoch 6 / 30, Step 90 / 162, Loss = 2.0476408005e+00
01-10-2024 10:18:10 - __main__ - <module> - INFO: Epoch 6 / 30, Step 100 / 162, Loss = 1.7582941055e+00
01-10-2024 10:18:17 - __main__ - <module> - INFO: Epoch 6 / 30, Step 110 / 162, Loss = 1.4295359850e+00
01-10-2024 10:18:23 - __main__ - <module> - INFO: Epoch 6 / 30, Step 120 / 162, Loss = 1.4424933195e+00
01-10-2024 10:18:30 - __main__ - <module> - INFO: Epoch 6 / 30, Step 130 / 162, Loss = 1.1361993551e+00
01-10-2024 10:18:36 - __main__ - <module> - INFO: Epoch 6 / 30, Step 140 / 162, Loss = 1.3161222935e+00
01-10-2024 10:18:43 - __main__ - <module> - INFO: Epoch 6 / 30, Step 150 / 162, Loss = 8.0764859915e-01
01-10-2024 10:18:49 - __main__ - <module> - INFO: Epoch 6 / 30, Step 160 / 162, Loss = 1.9453690052e+00
01-10-2024 10:18:51 - __main__ - <module> - INFO: Starting Validation for epoch 6 / 30
01-10-2024 10:19:03 - __main__ - <module> - INFO: Validation Loss: 1.5283858771e+00
01-10-2024 10:19:03 - __main__ - <module> - INFO: New learning rate: 0.001
01-10-2024 10:19:09 - __main__ - <module> - INFO: Epoch 7 / 30, Step 10 / 162, Loss = 1.5653609037e+00
01-10-2024 10:19:16 - __main__ - <module> - INFO: Epoch 7 / 30, Step 20 / 162, Loss = 3.7917110920e+00
01-10-2024 10:19:22 - __main__ - <module> - INFO: Epoch 7 / 30, Step 30 / 162, Loss = 1.5637124777e+00
01-10-2024 10:19:29 - __main__ - <module> - INFO: Epoch 7 / 30, Step 40 / 162, Loss = 1.2770771980e+00
01-10-2024 10:19:35 - __main__ - <module> - INFO: Epoch 7 / 30, Step 50 / 162, Loss = 2.0569243431e+00
01-10-2024 10:19:41 - __main__ - <module> - INFO: Epoch 7 / 30, Step 60 / 162, Loss = 1.4305789471e+00
01-10-2024 10:19:48 - __main__ - <module> - INFO: Epoch 7 / 30, Step 70 / 162, Loss = 1.6941970587e+00
01-10-2024 10:19:54 - __main__ - <module> - INFO: Epoch 7 / 30, Step 80 / 162, Loss = 1.6923372746e+00
01-10-2024 10:20:01 - __main__ - <module> - INFO: Epoch 7 / 30, Step 90 / 162, Loss = 1.2085162401e+00
01-10-2024 10:20:07 - __main__ - <module> - INFO: Epoch 7 / 30, Step 100 / 162, Loss = 1.3128989935e+00
01-10-2024 10:20:13 - __main__ - <module> - INFO: Epoch 7 / 30, Step 110 / 162, Loss = 1.8905190229e+00
01-10-2024 10:20:20 - __main__ - <module> - INFO: Epoch 7 / 30, Step 120 / 162, Loss = 1.6433708668e+00
01-10-2024 10:20:26 - __main__ - <module> - INFO: Epoch 7 / 30, Step 130 / 162, Loss = 1.2777422667e+00
01-10-2024 10:20:33 - __main__ - <module> - INFO: Epoch 7 / 30, Step 140 / 162, Loss = 1.1804484129e+00
01-10-2024 10:20:39 - __main__ - <module> - INFO: Epoch 7 / 30, Step 150 / 162, Loss = 1.4783400297e+00
01-10-2024 10:20:45 - __main__ - <module> - INFO: Epoch 7 / 30, Step 160 / 162, Loss = 1.5910414457e+00
01-10-2024 10:20:47 - __main__ - <module> - INFO: Starting Validation for epoch 7 / 30
01-10-2024 10:21:00 - __main__ - <module> - INFO: Validation Loss: 1.6616950445e+00
01-10-2024 10:21:00 - __main__ - <module> - INFO: New learning rate: 0.001
01-10-2024 10:21:06 - __main__ - <module> - INFO: Epoch 8 / 30, Step 10 / 162, Loss = 1.3764575720e+00
01-10-2024 10:21:12 - __main__ - <module> - INFO: Epoch 8 / 30, Step 20 / 162, Loss = 2.2947576046e+00
01-10-2024 10:21:19 - __main__ - <module> - INFO: Epoch 8 / 30, Step 30 / 162, Loss = 2.6574892998e+00
01-10-2024 10:21:25 - __main__ - <module> - INFO: Epoch 8 / 30, Step 40 / 162, Loss = 1.1257928610e+00
01-10-2024 10:21:32 - __main__ - <module> - INFO: Epoch 8 / 30, Step 50 / 162, Loss = 1.2349495888e+00
01-10-2024 10:21:38 - __main__ - <module> - INFO: Epoch 8 / 30, Step 60 / 162, Loss = 1.4162584543e+00
01-10-2024 10:21:44 - __main__ - <module> - INFO: Epoch 8 / 30, Step 70 / 162, Loss = 1.6849117279e+00
01-10-2024 10:21:51 - __main__ - <module> - INFO: Epoch 8 / 30, Step 80 / 162, Loss = 1.5527533293e+00
01-10-2024 10:21:57 - __main__ - <module> - INFO: Epoch 8 / 30, Step 90 / 162, Loss = 1.8982391357e+00
01-10-2024 10:22:04 - __main__ - <module> - INFO: Epoch 8 / 30, Step 100 / 162, Loss = 2.1574766636e+00
01-10-2024 10:22:10 - __main__ - <module> - INFO: Epoch 8 / 30, Step 110 / 162, Loss = 1.4400173426e+00
01-10-2024 10:22:16 - __main__ - <module> - INFO: Epoch 8 / 30, Step 120 / 162, Loss = 1.7981418371e+00
01-10-2024 10:22:23 - __main__ - <module> - INFO: Epoch 8 / 30, Step 130 / 162, Loss = 1.1607037783e+00
01-10-2024 10:22:29 - __main__ - <module> - INFO: Epoch 8 / 30, Step 140 / 162, Loss = 1.8551152945e+00
01-10-2024 10:22:36 - __main__ - <module> - INFO: Epoch 8 / 30, Step 150 / 162, Loss = 1.0368897915e+00
01-10-2024 10:22:42 - __main__ - <module> - INFO: Epoch 8 / 30, Step 160 / 162, Loss = 1.8445209265e+00
01-10-2024 10:22:44 - __main__ - <module> - INFO: Starting Validation for epoch 8 / 30
01-10-2024 10:22:56 - __main__ - <module> - INFO: Validation Loss: 1.6066881468e+00
01-10-2024 10:22:56 - __main__ - <module> - INFO: New learning rate: 0.001
01-10-2024 10:23:03 - __main__ - <module> - INFO: Epoch 9 / 30, Step 10 / 162, Loss = 1.4988142252e+00
01-10-2024 10:23:09 - __main__ - <module> - INFO: Epoch 9 / 30, Step 20 / 162, Loss = 1.7203924656e+00
01-10-2024 10:23:15 - __main__ - <module> - INFO: Epoch 9 / 30, Step 30 / 162, Loss = 1.2610691786e+00
01-10-2024 10:23:22 - __main__ - <module> - INFO: Epoch 9 / 30, Step 40 / 162, Loss = 9.9591726065e-01
01-10-2024 10:23:28 - __main__ - <module> - INFO: Epoch 9 / 30, Step 50 / 162, Loss = 1.8875989914e+00
01-10-2024 10:23:35 - __main__ - <module> - INFO: Epoch 9 / 30, Step 60 / 162, Loss = 1.6019518375e+00
01-10-2024 10:23:41 - __main__ - <module> - INFO: Epoch 9 / 30, Step 70 / 162, Loss = 3.2328414917e+00
01-10-2024 10:23:48 - __main__ - <module> - INFO: Epoch 9 / 30, Step 80 / 162, Loss = 1.6617673635e+00
01-10-2024 10:23:54 - __main__ - <module> - INFO: Epoch 9 / 30, Step 90 / 162, Loss = 1.0579364300e+00
01-10-2024 10:24:00 - __main__ - <module> - INFO: Epoch 9 / 30, Step 100 / 162, Loss = 1.3283319473e+00
01-10-2024 10:24:07 - __main__ - <module> - INFO: Epoch 9 / 30, Step 110 / 162, Loss = 1.8958872557e+00
01-10-2024 10:24:13 - __main__ - <module> - INFO: Epoch 9 / 30, Step 120 / 162, Loss = 1.3185521364e+00
01-10-2024 10:24:20 - __main__ - <module> - INFO: Epoch 9 / 30, Step 130 / 162, Loss = 1.5034447908e+00
01-10-2024 10:24:26 - __main__ - <module> - INFO: Epoch 9 / 30, Step 140 / 162, Loss = 1.6458469629e+00
01-10-2024 10:24:32 - __main__ - <module> - INFO: Epoch 9 / 30, Step 150 / 162, Loss = 1.8468487263e+00
01-10-2024 10:24:39 - __main__ - <module> - INFO: Epoch 9 / 30, Step 160 / 162, Loss = 9.1921520233e-01
01-10-2024 10:24:40 - __main__ - <module> - INFO: Starting Validation for epoch 9 / 30
01-10-2024 10:24:53 - __main__ - <module> - INFO: Validation Loss: 1.5885027855e+00
01-10-2024 10:24:53 - __main__ - <module> - INFO: New learning rate: 0.0005
01-10-2024 10:24:59 - __main__ - <module> - INFO: Epoch 10 / 30, Step 10 / 162, Loss = 1.5367050171e+00
01-10-2024 10:25:06 - __main__ - <module> - INFO: Epoch 10 / 30, Step 20 / 162, Loss = 1.5464533567e+00
01-10-2024 10:25:12 - __main__ - <module> - INFO: Epoch 10 / 30, Step 30 / 162, Loss = 1.1387606859e+00
01-10-2024 10:25:19 - __main__ - <module> - INFO: Epoch 10 / 30, Step 40 / 162, Loss = 1.4656666517e+00
01-10-2024 10:25:25 - __main__ - <module> - INFO: Epoch 10 / 30, Step 50 / 162, Loss = 1.5527743101e+00
01-10-2024 10:25:31 - __main__ - <module> - INFO: Epoch 10 / 30, Step 60 / 162, Loss = 1.0527315140e+00
01-10-2024 10:25:38 - __main__ - <module> - INFO: Epoch 10 / 30, Step 70 / 162, Loss = 1.4135283232e+00
01-10-2024 10:25:44 - __main__ - <module> - INFO: Epoch 10 / 30, Step 80 / 162, Loss = 2.2612106800e+00
01-10-2024 10:25:51 - __main__ - <module> - INFO: Epoch 10 / 30, Step 90 / 162, Loss = 1.2011760473e+00
01-10-2024 10:25:57 - __main__ - <module> - INFO: Epoch 10 / 30, Step 100 / 162, Loss = 9.1338092089e-01
01-10-2024 10:26:03 - __main__ - <module> - INFO: Epoch 10 / 30, Step 110 / 162, Loss = 1.9046518803e+00
01-10-2024 10:26:10 - __main__ - <module> - INFO: Epoch 10 / 30, Step 120 / 162, Loss = 2.3626029491e+00
01-10-2024 10:26:16 - __main__ - <module> - INFO: Epoch 10 / 30, Step 130 / 162, Loss = 1.3640130758e+00
01-10-2024 10:26:23 - __main__ - <module> - INFO: Epoch 10 / 30, Step 140 / 162, Loss = 1.4435013533e+00
01-10-2024 10:26:29 - __main__ - <module> - INFO: Epoch 10 / 30, Step 150 / 162, Loss = 1.3953856230e+00
01-10-2024 10:26:35 - __main__ - <module> - INFO: Epoch 10 / 30, Step 160 / 162, Loss = 1.4011850357e+00
01-10-2024 10:26:37 - __main__ - <module> - INFO: Starting Validation for epoch 10 / 30
01-10-2024 10:26:50 - __main__ - <module> - INFO: Validation Loss: 1.5385399132e+00
01-10-2024 10:26:50 - __main__ - <module> - INFO: New learning rate: 0.0005
01-10-2024 10:26:56 - __main__ - <module> - INFO: Epoch 11 / 30, Step 10 / 162, Loss = 1.6870288849e+00
01-10-2024 10:27:02 - __main__ - <module> - INFO: Epoch 11 / 30, Step 20 / 162, Loss = 7.9832857847e-01
01-10-2024 10:27:09 - __main__ - <module> - INFO: Epoch 11 / 30, Step 30 / 162, Loss = 6.7922699451e-01
01-10-2024 10:27:15 - __main__ - <module> - INFO: Epoch 11 / 30, Step 40 / 162, Loss = 1.9978483915e+00
01-10-2024 10:27:22 - __main__ - <module> - INFO: Epoch 11 / 30, Step 50 / 162, Loss = 1.1647452116e+00
01-10-2024 10:27:28 - __main__ - <module> - INFO: Epoch 11 / 30, Step 60 / 162, Loss = 1.0600918531e+00
01-10-2024 10:27:34 - __main__ - <module> - INFO: Epoch 11 / 30, Step 70 / 162, Loss = 1.2143340111e+00
01-10-2024 10:27:41 - __main__ - <module> - INFO: Epoch 11 / 30, Step 80 / 162, Loss = 1.9595472813e+00
01-10-2024 10:27:47 - __main__ - <module> - INFO: Epoch 11 / 30, Step 90 / 162, Loss = 2.1242330074e+00
01-10-2024 10:27:54 - __main__ - <module> - INFO: Epoch 11 / 30, Step 100 / 162, Loss = 1.3336552382e+00
01-10-2024 10:28:00 - __main__ - <module> - INFO: Epoch 11 / 30, Step 110 / 162, Loss = 1.6147028208e+00
01-10-2024 10:28:06 - __main__ - <module> - INFO: Epoch 11 / 30, Step 120 / 162, Loss = 1.1954047680e+00
01-10-2024 10:28:13 - __main__ - <module> - INFO: Epoch 11 / 30, Step 130 / 162, Loss = 1.0004186630e+00
01-10-2024 10:28:19 - __main__ - <module> - INFO: Epoch 11 / 30, Step 140 / 162, Loss = 1.8719211817e+00
01-10-2024 10:28:26 - __main__ - <module> - INFO: Epoch 11 / 30, Step 150 / 162, Loss = 1.3192397356e+00
01-10-2024 10:28:32 - __main__ - <module> - INFO: Epoch 11 / 30, Step 160 / 162, Loss = 8.0419331789e-01
01-10-2024 10:28:34 - __main__ - <module> - INFO: Starting Validation for epoch 11 / 30
01-10-2024 10:28:46 - __main__ - <module> - INFO: Validation Loss: 1.4950319681e+00
01-10-2024 10:28:46 - __main__ - <module> - INFO: New learning rate: 0.0005
01-10-2024 10:28:53 - __main__ - <module> - INFO: Epoch 12 / 30, Step 10 / 162, Loss = 2.0566704273e+00
01-10-2024 10:28:59 - __main__ - <module> - INFO: Epoch 12 / 30, Step 20 / 162, Loss = 1.2894059420e+00
01-10-2024 10:29:05 - __main__ - <module> - INFO: Epoch 12 / 30, Step 30 / 162, Loss = 2.8179020882e+00
01-10-2024 10:29:12 - __main__ - <module> - INFO: Epoch 12 / 30, Step 40 / 162, Loss = 1.2156890631e+00
01-10-2024 10:29:18 - __main__ - <module> - INFO: Epoch 12 / 30, Step 50 / 162, Loss = 2.2455728054e+00
01-10-2024 10:29:25 - __main__ - <module> - INFO: Epoch 12 / 30, Step 60 / 162, Loss = 1.7810219526e+00
01-10-2024 10:29:31 - __main__ - <module> - INFO: Epoch 12 / 30, Step 70 / 162, Loss = 1.5058612823e+00
01-10-2024 10:29:38 - __main__ - <module> - INFO: Epoch 12 / 30, Step 80 / 162, Loss = 1.1493767500e+00
01-10-2024 10:29:44 - __main__ - <module> - INFO: Epoch 12 / 30, Step 90 / 162, Loss = 1.2709058523e+00
01-10-2024 10:29:50 - __main__ - <module> - INFO: Epoch 12 / 30, Step 100 / 162, Loss = 1.4030073881e+00
01-10-2024 10:29:57 - __main__ - <module> - INFO: Epoch 12 / 30, Step 110 / 162, Loss = 1.0740689039e+00
01-10-2024 10:30:03 - __main__ - <module> - INFO: Epoch 12 / 30, Step 120 / 162, Loss = 1.4208446741e+00
01-10-2024 10:30:09 - __main__ - <module> - INFO: Epoch 12 / 30, Step 130 / 162, Loss = 1.3010588884e+00
01-10-2024 10:30:16 - __main__ - <module> - INFO: Epoch 12 / 30, Step 140 / 162, Loss = 1.0535110235e+00
01-10-2024 10:30:22 - __main__ - <module> - INFO: Epoch 12 / 30, Step 150 / 162, Loss = 1.3311351538e+00
01-10-2024 10:30:29 - __main__ - <module> - INFO: Epoch 12 / 30, Step 160 / 162, Loss = 1.2239786386e+00
01-10-2024 10:30:30 - __main__ - <module> - INFO: Starting Validation for epoch 12 / 30
01-10-2024 10:30:43 - __main__ - <module> - INFO: Validation Loss: 1.4833340967e+00
01-10-2024 10:30:43 - __main__ - <module> - INFO: New learning rate: 0.0005
01-10-2024 10:30:49 - __main__ - <module> - INFO: Epoch 13 / 30, Step 10 / 162, Loss = 1.7214568853e+00
01-10-2024 10:30:56 - __main__ - <module> - INFO: Epoch 13 / 30, Step 20 / 162, Loss = 1.3903088570e+00
01-10-2024 10:31:02 - __main__ - <module> - INFO: Epoch 13 / 30, Step 30 / 162, Loss = 1.7328016758e+00
01-10-2024 10:31:09 - __main__ - <module> - INFO: Epoch 13 / 30, Step 40 / 162, Loss = 1.4653097391e+00
01-10-2024 10:31:15 - __main__ - <module> - INFO: Epoch 13 / 30, Step 50 / 162, Loss = 8.8577270508e-01
01-10-2024 10:31:21 - __main__ - <module> - INFO: Epoch 13 / 30, Step 60 / 162, Loss = 9.2708826065e-01
01-10-2024 10:31:28 - __main__ - <module> - INFO: Epoch 13 / 30, Step 70 / 162, Loss = 1.4375835657e+00
01-10-2024 10:31:34 - __main__ - <module> - INFO: Epoch 13 / 30, Step 80 / 162, Loss = 2.1589162350e+00
01-10-2024 10:31:41 - __main__ - <module> - INFO: Epoch 13 / 30, Step 90 / 162, Loss = 1.3780087233e+00
01-10-2024 10:31:47 - __main__ - <module> - INFO: Epoch 13 / 30, Step 100 / 162, Loss = 1.6146415472e+00
01-10-2024 10:31:53 - __main__ - <module> - INFO: Epoch 13 / 30, Step 110 / 162, Loss = 6.5197461843e-01
01-10-2024 10:32:00 - __main__ - <module> - INFO: Epoch 13 / 30, Step 120 / 162, Loss = 1.7607544661e+00
01-10-2024 10:32:06 - __main__ - <module> - INFO: Epoch 13 / 30, Step 130 / 162, Loss = 1.6858730316e+00
01-10-2024 10:32:13 - __main__ - <module> - INFO: Epoch 13 / 30, Step 140 / 162, Loss = 1.6355577707e+00
01-10-2024 10:32:19 - __main__ - <module> - INFO: Epoch 13 / 30, Step 150 / 162, Loss = 7.5862330198e-01
01-10-2024 10:32:25 - __main__ - <module> - INFO: Epoch 13 / 30, Step 160 / 162, Loss = 1.4588812590e+00
01-10-2024 10:32:27 - __main__ - <module> - INFO: Starting Validation for epoch 13 / 30
01-10-2024 10:32:40 - __main__ - <module> - INFO: Validation Loss: 1.4697997690e+00
01-10-2024 10:32:40 - __main__ - <module> - INFO: New learning rate: 0.0005
01-10-2024 10:32:46 - __main__ - <module> - INFO: Epoch 14 / 30, Step 10 / 162, Loss = 8.0148905516e-01
01-10-2024 10:32:52 - __main__ - <module> - INFO: Epoch 14 / 30, Step 20 / 162, Loss = 1.1188228130e+00
01-10-2024 10:32:59 - __main__ - <module> - INFO: Epoch 14 / 30, Step 30 / 162, Loss = 1.7817300558e+00
01-10-2024 10:33:05 - __main__ - <module> - INFO: Epoch 14 / 30, Step 40 / 162, Loss = 1.0603685379e+00
01-10-2024 10:33:12 - __main__ - <module> - INFO: Epoch 14 / 30, Step 50 / 162, Loss = 1.1622439623e+00
01-10-2024 10:33:18 - __main__ - <module> - INFO: Epoch 14 / 30, Step 60 / 162, Loss = 1.4700013399e+00
01-10-2024 10:33:25 - __main__ - <module> - INFO: Epoch 14 / 30, Step 70 / 162, Loss = 1.2715045214e+00
01-10-2024 10:33:31 - __main__ - <module> - INFO: Epoch 14 / 30, Step 80 / 162, Loss = 1.2789913416e+00
01-10-2024 10:33:37 - __main__ - <module> - INFO: Epoch 14 / 30, Step 90 / 162, Loss = 1.1893582344e+00
01-10-2024 10:33:44 - __main__ - <module> - INFO: Epoch 14 / 30, Step 100 / 162, Loss = 1.4065281153e+00
01-10-2024 10:33:50 - __main__ - <module> - INFO: Epoch 14 / 30, Step 110 / 162, Loss = 1.6408814192e+00
01-10-2024 10:33:57 - __main__ - <module> - INFO: Epoch 14 / 30, Step 120 / 162, Loss = 1.3177359104e+00
01-10-2024 10:34:03 - __main__ - <module> - INFO: Epoch 14 / 30, Step 130 / 162, Loss = 1.5005140305e+00
01-10-2024 10:34:09 - __main__ - <module> - INFO: Epoch 14 / 30, Step 140 / 162, Loss = 8.1846219301e-01
01-10-2024 10:34:16 - __main__ - <module> - INFO: Epoch 14 / 30, Step 150 / 162, Loss = 8.8691866398e-01
01-10-2024 10:34:22 - __main__ - <module> - INFO: Epoch 14 / 30, Step 160 / 162, Loss = 1.0903550386e+00
01-10-2024 10:34:24 - __main__ - <module> - INFO: Starting Validation for epoch 14 / 30
01-10-2024 10:34:36 - __main__ - <module> - INFO: Validation Loss: 1.4542167783e+00
01-10-2024 10:34:36 - __main__ - <module> - INFO: New learning rate: 0.0005
01-10-2024 10:34:43 - __main__ - <module> - INFO: Epoch 15 / 30, Step 10 / 162, Loss = 1.1535614729e+00
01-10-2024 10:34:49 - __main__ - <module> - INFO: Epoch 15 / 30, Step 20 / 162, Loss = 1.0120842457e+00
01-10-2024 10:34:56 - __main__ - <module> - INFO: Epoch 15 / 30, Step 30 / 162, Loss = 6.9555717707e-01
01-10-2024 10:35:02 - __main__ - <module> - INFO: Epoch 15 / 30, Step 40 / 162, Loss = 1.5074051619e+00
01-10-2024 10:35:08 - __main__ - <module> - INFO: Epoch 15 / 30, Step 50 / 162, Loss = 9.6498405933e-01
01-10-2024 10:35:15 - __main__ - <module> - INFO: Epoch 15 / 30, Step 60 / 162, Loss = 9.9646013975e-01
01-10-2024 10:35:21 - __main__ - <module> - INFO: Epoch 15 / 30, Step 70 / 162, Loss = 1.3064965010e+00
01-10-2024 10:35:28 - __main__ - <module> - INFO: Epoch 15 / 30, Step 80 / 162, Loss = 1.7354316711e+00
01-10-2024 10:35:34 - __main__ - <module> - INFO: Epoch 15 / 30, Step 90 / 162, Loss = 1.5337932110e+00
01-10-2024 10:35:40 - __main__ - <module> - INFO: Epoch 15 / 30, Step 100 / 162, Loss = 1.3382230997e+00
01-10-2024 10:35:47 - __main__ - <module> - INFO: Epoch 15 / 30, Step 110 / 162, Loss = 1.1662267447e+00
01-10-2024 10:35:53 - __main__ - <module> - INFO: Epoch 15 / 30, Step 120 / 162, Loss = 8.0309385061e-01
01-10-2024 10:35:59 - __main__ - <module> - INFO: Epoch 15 / 30, Step 130 / 162, Loss = 1.3326865435e+00
01-10-2024 10:36:06 - __main__ - <module> - INFO: Epoch 15 / 30, Step 140 / 162, Loss = 9.4890207052e-01
01-10-2024 10:36:12 - __main__ - <module> - INFO: Epoch 15 / 30, Step 150 / 162, Loss = 1.2280063629e+00
01-10-2024 10:36:19 - __main__ - <module> - INFO: Epoch 15 / 30, Step 160 / 162, Loss = 1.8777197599e+00
01-10-2024 10:36:20 - __main__ - <module> - INFO: Starting Validation for epoch 15 / 30
01-10-2024 10:36:33 - __main__ - <module> - INFO: Validation Loss: 1.4359052616e+00
01-10-2024 10:36:33 - __main__ - <module> - INFO: New learning rate: 0.0005
01-10-2024 10:36:39 - __main__ - <module> - INFO: Epoch 16 / 30, Step 10 / 162, Loss = 9.4082987309e-01
01-10-2024 10:36:45 - __main__ - <module> - INFO: Epoch 16 / 30, Step 20 / 162, Loss = 8.0858945847e-01
01-10-2024 10:36:52 - __main__ - <module> - INFO: Epoch 16 / 30, Step 30 / 162, Loss = 1.1589380503e+00
01-10-2024 10:36:58 - __main__ - <module> - INFO: Epoch 16 / 30, Step 40 / 162, Loss = 1.6560385227e+00
01-10-2024 10:37:05 - __main__ - <module> - INFO: Epoch 16 / 30, Step 50 / 162, Loss = 1.0990089178e+00
01-10-2024 10:37:11 - __main__ - <module> - INFO: Epoch 16 / 30, Step 60 / 162, Loss = 7.8460115194e-01
01-10-2024 10:37:17 - __main__ - <module> - INFO: Epoch 16 / 30, Step 70 / 162, Loss = 7.8718280792e-01
01-10-2024 10:37:24 - __main__ - <module> - INFO: Epoch 16 / 30, Step 80 / 162, Loss = 1.1245526075e+00
01-10-2024 10:37:30 - __main__ - <module> - INFO: Epoch 16 / 30, Step 90 / 162, Loss = 1.1302932501e+00
01-10-2024 10:37:36 - __main__ - <module> - INFO: Epoch 16 / 30, Step 100 / 162, Loss = 1.3579380512e+00
01-10-2024 10:37:43 - __main__ - <module> - INFO: Epoch 16 / 30, Step 110 / 162, Loss = 9.6883219481e-01
01-10-2024 10:37:49 - __main__ - <module> - INFO: Epoch 16 / 30, Step 120 / 162, Loss = 1.3854361773e+00
01-10-2024 10:37:55 - __main__ - <module> - INFO: Epoch 16 / 30, Step 130 / 162, Loss = 1.4247403145e+00
01-10-2024 10:38:02 - __main__ - <module> - INFO: Epoch 16 / 30, Step 140 / 162, Loss = 1.1207025051e+00
01-10-2024 10:38:08 - __main__ - <module> - INFO: Epoch 16 / 30, Step 150 / 162, Loss = 1.2407664061e+00
01-10-2024 10:38:14 - __main__ - <module> - INFO: Epoch 16 / 30, Step 160 / 162, Loss = 1.0118889809e+00
01-10-2024 10:38:16 - __main__ - <module> - INFO: Starting Validation for epoch 16 / 30
01-10-2024 10:38:28 - __main__ - <module> - INFO: Validation Loss: 1.4047830176e+00
01-10-2024 10:38:28 - __main__ - <module> - INFO: New learning rate: 0.0005
01-10-2024 10:38:34 - __main__ - <module> - INFO: Epoch 17 / 30, Step 10 / 162, Loss = 8.6569100618e-01
01-10-2024 10:38:41 - __main__ - <module> - INFO: Epoch 17 / 30, Step 20 / 162, Loss = 9.1358089447e-01
01-10-2024 10:38:47 - __main__ - <module> - INFO: Epoch 17 / 30, Step 30 / 162, Loss = 9.5379036665e-01
01-10-2024 10:38:53 - __main__ - <module> - INFO: Epoch 17 / 30, Step 40 / 162, Loss = 9.4888097048e-01
01-10-2024 10:38:59 - __main__ - <module> - INFO: Epoch 17 / 30, Step 50 / 162, Loss = 1.3724801540e+00
01-10-2024 10:39:06 - __main__ - <module> - INFO: Epoch 17 / 30, Step 60 / 162, Loss = 1.3119341135e+00
01-10-2024 10:39:12 - __main__ - <module> - INFO: Epoch 17 / 30, Step 70 / 162, Loss = 1.0093343258e+00
01-10-2024 10:39:18 - __main__ - <module> - INFO: Epoch 17 / 30, Step 80 / 162, Loss = 9.1508305073e-01
01-10-2024 10:39:25 - __main__ - <module> - INFO: Epoch 17 / 30, Step 90 / 162, Loss = 9.1861945391e-01
01-10-2024 10:39:31 - __main__ - <module> - INFO: Epoch 17 / 30, Step 100 / 162, Loss = 1.3627775908e+00
01-10-2024 10:39:37 - __main__ - <module> - INFO: Epoch 17 / 30, Step 110 / 162, Loss = 1.3100384474e+00
01-10-2024 10:39:44 - __main__ - <module> - INFO: Epoch 17 / 30, Step 120 / 162, Loss = 6.4014953375e-01
01-10-2024 10:39:50 - __main__ - <module> - INFO: Epoch 17 / 30, Step 130 / 162, Loss = 2.0929234028e+00
01-10-2024 10:39:56 - __main__ - <module> - INFO: Epoch 17 / 30, Step 140 / 162, Loss = 1.1826746464e+00
01-10-2024 10:40:03 - __main__ - <module> - INFO: Epoch 17 / 30, Step 150 / 162, Loss = 7.6851469278e-01
01-10-2024 10:40:09 - __main__ - <module> - INFO: Epoch 17 / 30, Step 160 / 162, Loss = 1.4501818419e+00
01-10-2024 10:40:11 - __main__ - <module> - INFO: Starting Validation for epoch 17 / 30
01-10-2024 10:40:23 - __main__ - <module> - INFO: Validation Loss: 1.3846154034e+00
01-10-2024 10:40:23 - __main__ - <module> - INFO: New learning rate: 0.0005
01-10-2024 10:40:30 - __main__ - <module> - INFO: Epoch 18 / 30, Step 10 / 162, Loss = 9.4017058611e-01
01-10-2024 10:40:36 - __main__ - <module> - INFO: Epoch 18 / 30, Step 20 / 162, Loss = 1.0838205814e+00
01-10-2024 10:40:42 - __main__ - <module> - INFO: Epoch 18 / 30, Step 30 / 162, Loss = 1.4551519156e+00
01-10-2024 10:40:49 - __main__ - <module> - INFO: Epoch 18 / 30, Step 40 / 162, Loss = 1.2590448856e+00
01-10-2024 10:40:55 - __main__ - <module> - INFO: Epoch 18 / 30, Step 50 / 162, Loss = 1.2718267441e+00
01-10-2024 10:41:01 - __main__ - <module> - INFO: Epoch 18 / 30, Step 60 / 162, Loss = 2.3116631508e+00
01-10-2024 10:41:08 - __main__ - <module> - INFO: Epoch 18 / 30, Step 70 / 162, Loss = 7.6885205507e-01
01-10-2024 10:41:14 - __main__ - <module> - INFO: Epoch 18 / 30, Step 80 / 162, Loss = 7.4152201414e-01
01-10-2024 10:41:21 - __main__ - <module> - INFO: Epoch 18 / 30, Step 90 / 162, Loss = 1.6120967865e+00
01-10-2024 10:41:27 - __main__ - <module> - INFO: Epoch 18 / 30, Step 100 / 162, Loss = 2.1422860622e+00
01-10-2024 10:41:33 - __main__ - <module> - INFO: Epoch 18 / 30, Step 110 / 162, Loss = 1.9000132084e+00
01-10-2024 10:41:40 - __main__ - <module> - INFO: Epoch 18 / 30, Step 120 / 162, Loss = 1.5409005880e+00
01-10-2024 10:41:46 - __main__ - <module> - INFO: Epoch 18 / 30, Step 130 / 162, Loss = 1.5792541504e+00
01-10-2024 10:41:52 - __main__ - <module> - INFO: Epoch 18 / 30, Step 140 / 162, Loss = 5.8608072996e-01
01-10-2024 10:41:59 - __main__ - <module> - INFO: Epoch 18 / 30, Step 150 / 162, Loss = 1.0230709314e+00
01-10-2024 10:42:05 - __main__ - <module> - INFO: Epoch 18 / 30, Step 160 / 162, Loss = 1.2428995371e+00
01-10-2024 10:42:07 - __main__ - <module> - INFO: Starting Validation for epoch 18 / 30
01-10-2024 10:42:19 - __main__ - <module> - INFO: Validation Loss: 1.3700907514e+00
01-10-2024 10:42:19 - __main__ - <module> - INFO: New learning rate: 0.0005
01-10-2024 10:42:25 - __main__ - <module> - INFO: Epoch 19 / 30, Step 10 / 162, Loss = 2.5052115917e+00
01-10-2024 10:42:31 - __main__ - <module> - INFO: Epoch 19 / 30, Step 20 / 162, Loss = 1.2433506250e+00
01-10-2024 10:42:38 - __main__ - <module> - INFO: Epoch 19 / 30, Step 30 / 162, Loss = 1.0046268702e+00
01-10-2024 10:42:44 - __main__ - <module> - INFO: Epoch 19 / 30, Step 40 / 162, Loss = 2.0392119884e+00
01-10-2024 10:42:50 - __main__ - <module> - INFO: Epoch 19 / 30, Step 50 / 162, Loss = 9.2734891176e-01
01-10-2024 10:42:57 - __main__ - <module> - INFO: Epoch 19 / 30, Step 60 / 162, Loss = 1.0085824728e+00
01-10-2024 10:43:03 - __main__ - <module> - INFO: Epoch 19 / 30, Step 70 / 162, Loss = 1.4679194689e+00
01-10-2024 10:43:09 - __main__ - <module> - INFO: Epoch 19 / 30, Step 80 / 162, Loss = 1.2237857580e+00
01-10-2024 10:43:15 - __main__ - <module> - INFO: Epoch 19 / 30, Step 90 / 162, Loss = 1.1379588842e+00
01-10-2024 10:43:22 - __main__ - <module> - INFO: Epoch 19 / 30, Step 100 / 162, Loss = 1.5514065027e+00
01-10-2024 10:43:28 - __main__ - <module> - INFO: Epoch 19 / 30, Step 110 / 162, Loss = 1.5675692558e+00
01-10-2024 10:43:34 - __main__ - <module> - INFO: Epoch 19 / 30, Step 120 / 162, Loss = 1.9335981607e+00
01-10-2024 10:43:41 - __main__ - <module> - INFO: Epoch 19 / 30, Step 130 / 162, Loss = 1.6577392817e+00
01-10-2024 10:43:47 - __main__ - <module> - INFO: Epoch 19 / 30, Step 140 / 162, Loss = 9.7451275587e-01
01-10-2024 10:43:53 - __main__ - <module> - INFO: Epoch 19 / 30, Step 150 / 162, Loss = 1.5175656080e+00
01-10-2024 10:44:00 - __main__ - <module> - INFO: Epoch 19 / 30, Step 160 / 162, Loss = 1.0665563345e+00
01-10-2024 10:44:01 - __main__ - <module> - INFO: Starting Validation for epoch 19 / 30
01-10-2024 10:44:13 - __main__ - <module> - INFO: Validation Loss: 1.3533576270e+00
01-10-2024 10:44:13 - __main__ - <module> - INFO: New learning rate: 0.0005
01-10-2024 10:44:20 - __main__ - <module> - INFO: Epoch 20 / 30, Step 10 / 162, Loss = 1.8980787992e+00
01-10-2024 10:44:26 - __main__ - <module> - INFO: Epoch 20 / 30, Step 20 / 162, Loss = 9.7959309816e-01
01-10-2024 10:44:32 - __main__ - <module> - INFO: Epoch 20 / 30, Step 30 / 162, Loss = 1.5323852301e+00
01-10-2024 10:44:39 - __main__ - <module> - INFO: Epoch 20 / 30, Step 40 / 162, Loss = 1.4913320541e+00
01-10-2024 10:44:45 - __main__ - <module> - INFO: Epoch 20 / 30, Step 50 / 162, Loss = 9.0827459097e-01
01-10-2024 10:44:51 - __main__ - <module> - INFO: Epoch 20 / 30, Step 60 / 162, Loss = 1.3486281633e+00
01-10-2024 10:44:57 - __main__ - <module> - INFO: Epoch 20 / 30, Step 70 / 162, Loss = 2.2230796814e+00
01-10-2024 10:45:04 - __main__ - <module> - INFO: Epoch 20 / 30, Step 80 / 162, Loss = 2.2556703091e+00
01-10-2024 10:45:10 - __main__ - <module> - INFO: Epoch 20 / 30, Step 90 / 162, Loss = 1.5894856453e+00
01-10-2024 10:45:16 - __main__ - <module> - INFO: Epoch 20 / 30, Step 100 / 162, Loss = 2.0302469730e+00
01-10-2024 10:45:22 - __main__ - <module> - INFO: Epoch 20 / 30, Step 110 / 162, Loss = 1.7672283649e+00
01-10-2024 10:45:29 - __main__ - <module> - INFO: Epoch 20 / 30, Step 120 / 162, Loss = 8.2955276966e-01
01-10-2024 10:45:35 - __main__ - <module> - INFO: Epoch 20 / 30, Step 130 / 162, Loss = 1.2475725412e+00
01-10-2024 10:45:41 - __main__ - <module> - INFO: Epoch 20 / 30, Step 140 / 162, Loss = 1.8698457479e+00
01-10-2024 10:45:48 - __main__ - <module> - INFO: Epoch 20 / 30, Step 150 / 162, Loss = 1.1212816238e+00
01-10-2024 10:45:54 - __main__ - <module> - INFO: Epoch 20 / 30, Step 160 / 162, Loss = 1.2660995722e+00
01-10-2024 10:45:55 - __main__ - <module> - INFO: Unfreezing earlier layers
01-10-2024 10:45:55 - __main__ - <module> - INFO: Starting Validation for epoch 20 / 30
01-10-2024 10:46:08 - __main__ - <module> - INFO: Validation Loss: 1.3509534680e+00
01-10-2024 10:46:08 - __main__ - <module> - INFO: New learning rate: 0.001
01-10-2024 10:46:16 - __main__ - <module> - INFO: Epoch 21 / 30, Step 10 / 162, Loss = 1.2737848759e+00
01-10-2024 10:46:24 - __main__ - <module> - INFO: Epoch 21 / 30, Step 20 / 162, Loss = 8.0317956209e-01
01-10-2024 10:46:32 - __main__ - <module> - INFO: Epoch 21 / 30, Step 30 / 162, Loss = 1.2929326296e+00
01-10-2024 10:46:40 - __main__ - <module> - INFO: Epoch 21 / 30, Step 40 / 162, Loss = 1.2377934456e+00
01-10-2024 10:46:48 - __main__ - <module> - INFO: Epoch 21 / 30, Step 50 / 162, Loss = 1.7923666239e+00
01-10-2024 10:46:56 - __main__ - <module> - INFO: Epoch 21 / 30, Step 60 / 162, Loss = 1.1605482101e+00
01-10-2024 10:47:04 - __main__ - <module> - INFO: Epoch 21 / 30, Step 70 / 162, Loss = 1.1677278280e+00
01-10-2024 10:47:12 - __main__ - <module> - INFO: Epoch 21 / 30, Step 80 / 162, Loss = 1.4840730429e+00
01-10-2024 10:47:21 - __main__ - <module> - INFO: Epoch 21 / 30, Step 90 / 162, Loss = 9.8448389769e-01
01-10-2024 10:47:29 - __main__ - <module> - INFO: Epoch 21 / 30, Step 100 / 162, Loss = 1.2219218016e+00
01-10-2024 10:47:37 - __main__ - <module> - INFO: Epoch 21 / 30, Step 110 / 162, Loss = 1.4086033106e+00
01-10-2024 10:47:45 - __main__ - <module> - INFO: Epoch 21 / 30, Step 120 / 162, Loss = 9.6202880144e-01
01-10-2024 10:47:53 - __main__ - <module> - INFO: Epoch 21 / 30, Step 130 / 162, Loss = 1.2564392090e+00
01-10-2024 10:48:01 - __main__ - <module> - INFO: Epoch 21 / 30, Step 140 / 162, Loss = 8.4574335814e-01
01-10-2024 10:48:09 - __main__ - <module> - INFO: Epoch 21 / 30, Step 150 / 162, Loss = 1.1128088236e+00
01-10-2024 10:48:17 - __main__ - <module> - INFO: Epoch 21 / 30, Step 160 / 162, Loss = 1.1103214025e+00
01-10-2024 10:48:19 - __main__ - <module> - INFO: Starting Validation for epoch 21 / 30
01-10-2024 10:48:31 - __main__ - <module> - INFO: Validation Loss: 1.3432542537e+00
01-10-2024 10:48:31 - __main__ - <module> - INFO: New learning rate: 0.001
01-10-2024 10:48:39 - __main__ - <module> - INFO: Epoch 22 / 30, Step 10 / 162, Loss = 2.1683731079e+00
01-10-2024 10:48:47 - __main__ - <module> - INFO: Epoch 22 / 30, Step 20 / 162, Loss = 1.2758473158e+00
01-10-2024 10:48:55 - __main__ - <module> - INFO: Epoch 22 / 30, Step 30 / 162, Loss = 1.1506211758e+00
01-10-2024 10:49:03 - __main__ - <module> - INFO: Epoch 22 / 30, Step 40 / 162, Loss = 8.0477094650e-01
01-10-2024 10:49:11 - __main__ - <module> - INFO: Epoch 22 / 30, Step 50 / 162, Loss = 1.5170512199e+00
01-10-2024 10:49:19 - __main__ - <module> - INFO: Epoch 22 / 30, Step 60 / 162, Loss = 1.2039412260e+00
01-10-2024 10:49:27 - __main__ - <module> - INFO: Epoch 22 / 30, Step 70 / 162, Loss = 1.2275023460e+00
01-10-2024 10:49:35 - __main__ - <module> - INFO: Epoch 22 / 30, Step 80 / 162, Loss = 1.9929910898e+00
01-10-2024 10:49:43 - __main__ - <module> - INFO: Epoch 22 / 30, Step 90 / 162, Loss = 1.6884258986e+00
01-10-2024 10:49:51 - __main__ - <module> - INFO: Epoch 22 / 30, Step 100 / 162, Loss = 1.8669894934e+00
01-10-2024 10:49:59 - __main__ - <module> - INFO: Epoch 22 / 30, Step 110 / 162, Loss = 1.4731830359e+00
01-10-2024 10:50:07 - __main__ - <module> - INFO: Epoch 22 / 30, Step 120 / 162, Loss = 1.1308109760e+00
01-10-2024 10:50:15 - __main__ - <module> - INFO: Epoch 22 / 30, Step 130 / 162, Loss = 1.4773272276e+00
01-10-2024 10:50:23 - __main__ - <module> - INFO: Epoch 22 / 30, Step 140 / 162, Loss = 1.0928038359e+00
01-10-2024 10:50:31 - __main__ - <module> - INFO: Epoch 22 / 30, Step 150 / 162, Loss = 1.1810317039e+00
01-10-2024 10:50:39 - __main__ - <module> - INFO: Epoch 22 / 30, Step 160 / 162, Loss = 9.4723397493e-01
01-10-2024 10:50:41 - __main__ - <module> - INFO: Starting Validation for epoch 22 / 30
01-10-2024 10:50:53 - __main__ - <module> - INFO: Validation Loss: 1.3295052805e+00
01-10-2024 10:50:53 - __main__ - <module> - INFO: New learning rate: 0.001
01-10-2024 10:51:01 - __main__ - <module> - INFO: Epoch 23 / 30, Step 10 / 162, Loss = 1.3613096476e+00
01-10-2024 10:51:09 - __main__ - <module> - INFO: Epoch 23 / 30, Step 20 / 162, Loss = 1.3858131170e+00
01-10-2024 10:51:17 - __main__ - <module> - INFO: Epoch 23 / 30, Step 30 / 162, Loss = 6.9611030817e-01
01-10-2024 10:51:25 - __main__ - <module> - INFO: Epoch 23 / 30, Step 40 / 162, Loss = 1.2041616440e+00
01-10-2024 10:51:33 - __main__ - <module> - INFO: Epoch 23 / 30, Step 50 / 162, Loss = 1.4647769928e+00
01-10-2024 10:51:41 - __main__ - <module> - INFO: Epoch 23 / 30, Step 60 / 162, Loss = 1.0904417038e+00
01-10-2024 10:51:49 - __main__ - <module> - INFO: Epoch 23 / 30, Step 70 / 162, Loss = 1.7983648777e+00
01-10-2024 10:51:57 - __main__ - <module> - INFO: Epoch 23 / 30, Step 80 / 162, Loss = 1.4577436447e+00
01-10-2024 10:52:05 - __main__ - <module> - INFO: Epoch 23 / 30, Step 90 / 162, Loss = 7.8648281097e-01
01-10-2024 10:52:14 - __main__ - <module> - INFO: Epoch 23 / 30, Step 100 / 162, Loss = 1.8422144651e+00
01-10-2024 10:52:22 - __main__ - <module> - INFO: Epoch 23 / 30, Step 110 / 162, Loss = 1.0436131954e+00
01-10-2024 10:52:30 - __main__ - <module> - INFO: Epoch 23 / 30, Step 120 / 162, Loss = 1.0509320498e+00
01-10-2024 10:52:38 - __main__ - <module> - INFO: Epoch 23 / 30, Step 130 / 162, Loss = 1.2183636427e+00
01-10-2024 10:52:46 - __main__ - <module> - INFO: Epoch 23 / 30, Step 140 / 162, Loss = 8.2850784063e-01
01-10-2024 10:52:54 - __main__ - <module> - INFO: Epoch 23 / 30, Step 150 / 162, Loss = 1.2558865547e+00
01-10-2024 10:53:02 - __main__ - <module> - INFO: Epoch 23 / 30, Step 160 / 162, Loss = 1.2726095915e+00
01-10-2024 10:53:04 - __main__ - <module> - INFO: Starting Validation for epoch 23 / 30
01-10-2024 10:53:17 - __main__ - <module> - INFO: Validation Loss: 1.3294724185e+00
01-10-2024 10:53:17 - __main__ - <module> - INFO: New learning rate: 0.001
01-10-2024 10:53:25 - __main__ - <module> - INFO: Epoch 24 / 30, Step 10 / 162, Loss = 1.1017074585e+00
01-10-2024 10:53:33 - __main__ - <module> - INFO: Epoch 24 / 30, Step 20 / 162, Loss = 1.5347718000e+00
01-10-2024 10:53:41 - __main__ - <module> - INFO: Epoch 24 / 30, Step 30 / 162, Loss = 9.5839291811e-01
01-10-2024 10:53:49 - __main__ - <module> - INFO: Epoch 24 / 30, Step 40 / 162, Loss = 1.5750560760e+00
01-10-2024 10:53:57 - __main__ - <module> - INFO: Epoch 24 / 30, Step 50 / 162, Loss = 1.0583926439e+00
01-10-2024 10:54:05 - __main__ - <module> - INFO: Epoch 24 / 30, Step 60 / 162, Loss = 1.5123322010e+00
01-10-2024 10:54:13 - __main__ - <module> - INFO: Epoch 24 / 30, Step 70 / 162, Loss = 7.5697016716e-01
01-10-2024 10:54:21 - __main__ - <module> - INFO: Epoch 24 / 30, Step 80 / 162, Loss = 8.9710110426e-01
01-10-2024 10:54:29 - __main__ - <module> - INFO: Epoch 24 / 30, Step 90 / 162, Loss = 1.0929949284e+00
01-10-2024 10:54:38 - __main__ - <module> - INFO: Epoch 24 / 30, Step 100 / 162, Loss = 7.7643990517e-01
01-10-2024 10:54:46 - __main__ - <module> - INFO: Epoch 24 / 30, Step 110 / 162, Loss = 1.3131204844e+00
01-10-2024 10:54:54 - __main__ - <module> - INFO: Epoch 24 / 30, Step 120 / 162, Loss = 1.6607555151e+00
01-10-2024 10:55:02 - __main__ - <module> - INFO: Epoch 24 / 30, Step 130 / 162, Loss = 1.0664498806e+00
01-10-2024 10:55:10 - __main__ - <module> - INFO: Epoch 24 / 30, Step 140 / 162, Loss = 1.1305094957e+00
01-10-2024 10:55:18 - __main__ - <module> - INFO: Epoch 24 / 30, Step 150 / 162, Loss = 7.3368692398e-01
01-10-2024 10:55:26 - __main__ - <module> - INFO: Epoch 24 / 30, Step 160 / 162, Loss = 9.5055341721e-01
01-10-2024 10:55:28 - __main__ - <module> - INFO: Starting Validation for epoch 24 / 30
01-10-2024 10:55:40 - __main__ - <module> - INFO: Validation Loss: 1.3214716143e+00
01-10-2024 10:55:40 - __main__ - <module> - INFO: New learning rate: 0.001
01-10-2024 10:55:49 - __main__ - <module> - INFO: Epoch 25 / 30, Step 10 / 162, Loss = 1.4881900549e+00
01-10-2024 10:55:57 - __main__ - <module> - INFO: Epoch 25 / 30, Step 20 / 162, Loss = 8.0700474977e-01
01-10-2024 10:56:05 - __main__ - <module> - INFO: Epoch 25 / 30, Step 30 / 162, Loss = 8.8209247589e-01
01-10-2024 10:56:13 - __main__ - <module> - INFO: Epoch 25 / 30, Step 40 / 162, Loss = 1.0864709616e+00
01-10-2024 10:56:21 - __main__ - <module> - INFO: Epoch 25 / 30, Step 50 / 162, Loss = 1.5011633635e+00
01-10-2024 10:56:29 - __main__ - <module> - INFO: Epoch 25 / 30, Step 60 / 162, Loss = 1.4487742186e+00
01-10-2024 10:56:37 - __main__ - <module> - INFO: Epoch 25 / 30, Step 70 / 162, Loss = 1.8038805723e+00
01-10-2024 10:56:45 - __main__ - <module> - INFO: Epoch 25 / 30, Step 80 / 162, Loss = 1.6317989826e+00
01-10-2024 10:56:53 - __main__ - <module> - INFO: Epoch 25 / 30, Step 90 / 162, Loss = 1.5473645926e+00
01-10-2024 10:57:01 - __main__ - <module> - INFO: Epoch 25 / 30, Step 100 / 162, Loss = 1.1194422245e+00
01-10-2024 10:57:09 - __main__ - <module> - INFO: Epoch 25 / 30, Step 110 / 162, Loss = 1.0805692673e+00
01-10-2024 10:57:18 - __main__ - <module> - INFO: Epoch 25 / 30, Step 120 / 162, Loss = 1.2046231031e+00
01-10-2024 10:57:26 - __main__ - <module> - INFO: Epoch 25 / 30, Step 130 / 162, Loss = 1.1541584730e+00
01-10-2024 10:57:34 - __main__ - <module> - INFO: Epoch 25 / 30, Step 140 / 162, Loss = 1.1131634712e+00
01-10-2024 10:57:42 - __main__ - <module> - INFO: Epoch 25 / 30, Step 150 / 162, Loss = 8.4775447845e-01
01-10-2024 10:57:50 - __main__ - <module> - INFO: Epoch 25 / 30, Step 160 / 162, Loss = 1.0147660971e+00
01-10-2024 10:57:52 - __main__ - <module> - INFO: Starting Validation for epoch 25 / 30
01-10-2024 10:58:04 - __main__ - <module> - INFO: Validation Loss: 1.3206033427e+00
01-10-2024 10:58:04 - __main__ - <module> - INFO: New learning rate: 0.001
01-10-2024 10:58:13 - __main__ - <module> - INFO: Epoch 26 / 30, Step 10 / 162, Loss = 7.7962172031e-01
01-10-2024 10:58:21 - __main__ - <module> - INFO: Epoch 26 / 30, Step 20 / 162, Loss = 1.2965096235e+00
01-10-2024 10:58:29 - __main__ - <module> - INFO: Epoch 26 / 30, Step 30 / 162, Loss = 7.9863786697e-01
01-10-2024 10:58:37 - __main__ - <module> - INFO: Epoch 26 / 30, Step 40 / 162, Loss = 1.2468706369e+00
01-10-2024 10:58:45 - __main__ - <module> - INFO: Epoch 26 / 30, Step 50 / 162, Loss = 1.4386342764e+00
01-10-2024 10:58:53 - __main__ - <module> - INFO: Epoch 26 / 30, Step 60 / 162, Loss = 1.4267896414e+00
01-10-2024 10:59:01 - __main__ - <module> - INFO: Epoch 26 / 30, Step 70 / 162, Loss = 6.5336889029e-01
01-10-2024 10:59:09 - __main__ - <module> - INFO: Epoch 26 / 30, Step 80 / 162, Loss = 9.5995217562e-01
01-10-2024 10:59:17 - __main__ - <module> - INFO: Epoch 26 / 30, Step 90 / 162, Loss = 1.3043807745e+00
01-10-2024 10:59:25 - __main__ - <module> - INFO: Epoch 26 / 30, Step 100 / 162, Loss = 8.9932119846e-01
01-10-2024 10:59:34 - __main__ - <module> - INFO: Epoch 26 / 30, Step 110 / 162, Loss = 1.1490885019e+00
01-10-2024 10:59:42 - __main__ - <module> - INFO: Epoch 26 / 30, Step 120 / 162, Loss = 9.1185313463e-01
01-10-2024 10:59:50 - __main__ - <module> - INFO: Epoch 26 / 30, Step 130 / 162, Loss = 7.0154255629e-01
01-10-2024 10:59:58 - __main__ - <module> - INFO: Epoch 26 / 30, Step 140 / 162, Loss = 1.0856713057e+00
01-10-2024 11:00:06 - __main__ - <module> - INFO: Epoch 26 / 30, Step 150 / 162, Loss = 1.1438120604e+00
01-10-2024 11:00:14 - __main__ - <module> - INFO: Epoch 26 / 30, Step 160 / 162, Loss = 1.1437268257e+00
01-10-2024 11:00:16 - __main__ - <module> - INFO: Starting Validation for epoch 26 / 30
01-10-2024 11:00:28 - __main__ - <module> - INFO: Validation Loss: 1.3063488845e+00
01-10-2024 11:00:28 - __main__ - <module> - INFO: New learning rate: 0.001
01-10-2024 11:00:36 - __main__ - <module> - INFO: Epoch 27 / 30, Step 10 / 162, Loss = 1.4357804060e+00
01-10-2024 11:00:45 - __main__ - <module> - INFO: Epoch 27 / 30, Step 20 / 162, Loss = 9.7317427397e-01
01-10-2024 11:00:53 - __main__ - <module> - INFO: Epoch 27 / 30, Step 30 / 162, Loss = 8.8689130545e-01
01-10-2024 11:01:01 - __main__ - <module> - INFO: Epoch 27 / 30, Step 40 / 162, Loss = 1.8615044355e+00
01-10-2024 11:01:09 - __main__ - <module> - INFO: Epoch 27 / 30, Step 50 / 162, Loss = 1.4403027296e+00
01-10-2024 11:01:17 - __main__ - <module> - INFO: Epoch 27 / 30, Step 60 / 162, Loss = 6.8085765839e-01
01-10-2024 11:01:25 - __main__ - <module> - INFO: Epoch 27 / 30, Step 70 / 162, Loss = 1.2395211458e+00
01-10-2024 11:01:33 - __main__ - <module> - INFO: Epoch 27 / 30, Step 80 / 162, Loss = 8.9905971289e-01
01-10-2024 11:01:41 - __main__ - <module> - INFO: Epoch 27 / 30, Step 90 / 162, Loss = 1.7199118137e+00
01-10-2024 11:01:49 - __main__ - <module> - INFO: Epoch 27 / 30, Step 100 / 162, Loss = 1.0491483212e+00
01-10-2024 11:01:57 - __main__ - <module> - INFO: Epoch 27 / 30, Step 110 / 162, Loss = 1.2060598135e+00
01-10-2024 11:02:05 - __main__ - <module> - INFO: Epoch 27 / 30, Step 120 / 162, Loss = 1.0194014311e+00
01-10-2024 11:02:13 - __main__ - <module> - INFO: Epoch 27 / 30, Step 130 / 162, Loss = 1.5607692003e+00
01-10-2024 11:02:22 - __main__ - <module> - INFO: Epoch 27 / 30, Step 140 / 162, Loss = 1.5735082626e+00
01-10-2024 11:02:30 - __main__ - <module> - INFO: Epoch 27 / 30, Step 150 / 162, Loss = 1.0837301016e+00
01-10-2024 11:02:38 - __main__ - <module> - INFO: Epoch 27 / 30, Step 160 / 162, Loss = 1.5396139622e+00
01-10-2024 11:02:40 - __main__ - <module> - INFO: Starting Validation for epoch 27 / 30
01-10-2024 11:02:52 - __main__ - <module> - INFO: Validation Loss: 1.2954109943e+00
01-10-2024 11:02:52 - __main__ - <module> - INFO: New learning rate: 0.001
01-10-2024 11:03:00 - __main__ - <module> - INFO: Epoch 28 / 30, Step 10 / 162, Loss = 9.3716144562e-01
01-10-2024 11:03:08 - __main__ - <module> - INFO: Epoch 28 / 30, Step 20 / 162, Loss = 1.2975320816e+00
01-10-2024 11:03:16 - __main__ - <module> - INFO: Epoch 28 / 30, Step 30 / 162, Loss = 1.1500625610e+00
01-10-2024 11:03:25 - __main__ - <module> - INFO: Epoch 28 / 30, Step 40 / 162, Loss = 1.7392624617e+00
01-10-2024 11:03:33 - __main__ - <module> - INFO: Epoch 28 / 30, Step 50 / 162, Loss = 9.4435471296e-01
01-10-2024 11:03:41 - __main__ - <module> - INFO: Epoch 28 / 30, Step 60 / 162, Loss = 1.3981193304e+00
01-10-2024 11:03:49 - __main__ - <module> - INFO: Epoch 28 / 30, Step 70 / 162, Loss = 8.6541289091e-01
01-10-2024 11:03:57 - __main__ - <module> - INFO: Epoch 28 / 30, Step 80 / 162, Loss = 1.8188194036e+00
01-10-2024 11:04:05 - __main__ - <module> - INFO: Epoch 28 / 30, Step 90 / 162, Loss = 1.2146285772e+00
01-10-2024 11:04:13 - __main__ - <module> - INFO: Epoch 28 / 30, Step 100 / 162, Loss = 1.1315287352e+00
01-10-2024 11:04:21 - __main__ - <module> - INFO: Epoch 28 / 30, Step 110 / 162, Loss = 1.0673987865e+00
01-10-2024 11:04:29 - __main__ - <module> - INFO: Epoch 28 / 30, Step 120 / 162, Loss = 1.1442984343e+00
01-10-2024 11:04:37 - __main__ - <module> - INFO: Epoch 28 / 30, Step 130 / 162, Loss = 1.0593074560e+00
01-10-2024 11:04:45 - __main__ - <module> - INFO: Epoch 28 / 30, Step 140 / 162, Loss = 1.2091535330e+00
01-10-2024 11:04:53 - __main__ - <module> - INFO: Epoch 28 / 30, Step 150 / 162, Loss = 1.8184665442e+00
01-10-2024 11:05:02 - __main__ - <module> - INFO: Epoch 28 / 30, Step 160 / 162, Loss = 5.0835675001e-01
01-10-2024 11:05:04 - __main__ - <module> - INFO: Starting Validation for epoch 28 / 30
01-10-2024 11:05:16 - __main__ - <module> - INFO: Validation Loss: 1.2828178448e+00
01-10-2024 11:05:16 - __main__ - <module> - INFO: New learning rate: 0.001
01-10-2024 11:05:24 - __main__ - <module> - INFO: Epoch 29 / 30, Step 10 / 162, Loss = 6.7165273428e-01
01-10-2024 11:05:32 - __main__ - <module> - INFO: Epoch 29 / 30, Step 20 / 162, Loss = 1.0344718695e+00
01-10-2024 11:05:40 - __main__ - <module> - INFO: Epoch 29 / 30, Step 30 / 162, Loss = 9.2473375797e-01
01-10-2024 11:05:48 - __main__ - <module> - INFO: Epoch 29 / 30, Step 40 / 162, Loss = 1.0219014883e+00
01-10-2024 11:05:56 - __main__ - <module> - INFO: Epoch 29 / 30, Step 50 / 162, Loss = 2.1259284019e+00
01-10-2024 11:06:04 - __main__ - <module> - INFO: Epoch 29 / 30, Step 60 / 162, Loss = 1.1371642351e+00
01-10-2024 11:06:13 - __main__ - <module> - INFO: Epoch 29 / 30, Step 70 / 162, Loss = 1.0932154655e+00
01-10-2024 11:06:21 - __main__ - <module> - INFO: Epoch 29 / 30, Step 80 / 162, Loss = 1.1685308218e+00
01-10-2024 11:06:29 - __main__ - <module> - INFO: Epoch 29 / 30, Step 90 / 162, Loss = 1.1818026304e+00
01-10-2024 11:06:37 - __main__ - <module> - INFO: Epoch 29 / 30, Step 100 / 162, Loss = 1.4521000385e+00
01-10-2024 11:06:45 - __main__ - <module> - INFO: Epoch 29 / 30, Step 110 / 162, Loss = 1.4818339348e+00
01-10-2024 11:06:53 - __main__ - <module> - INFO: Epoch 29 / 30, Step 120 / 162, Loss = 1.2855279446e+00
01-10-2024 11:07:01 - __main__ - <module> - INFO: Epoch 29 / 30, Step 130 / 162, Loss = 1.1266614199e+00
01-10-2024 11:07:09 - __main__ - <module> - INFO: Epoch 29 / 30, Step 140 / 162, Loss = 1.3821328878e+00
01-10-2024 11:07:17 - __main__ - <module> - INFO: Epoch 29 / 30, Step 150 / 162, Loss = 1.0580579042e+00
01-10-2024 11:07:25 - __main__ - <module> - INFO: Epoch 29 / 30, Step 160 / 162, Loss = 1.1156454086e+00
01-10-2024 11:07:27 - __main__ - <module> - INFO: Starting Validation for epoch 29 / 30
01-10-2024 11:07:40 - __main__ - <module> - INFO: Validation Loss: 1.2770809603e+00
01-10-2024 11:07:40 - __main__ - <module> - INFO: New learning rate: 0.001
01-10-2024 11:07:48 - __main__ - <module> - INFO: Epoch 30 / 30, Step 10 / 162, Loss = 9.1577547789e-01
01-10-2024 11:07:56 - __main__ - <module> - INFO: Epoch 30 / 30, Step 20 / 162, Loss = 1.4997205734e+00
01-10-2024 11:08:04 - __main__ - <module> - INFO: Epoch 30 / 30, Step 30 / 162, Loss = 8.1131440401e-01
01-10-2024 11:08:12 - __main__ - <module> - INFO: Epoch 30 / 30, Step 40 / 162, Loss = 1.2174690962e+00
01-10-2024 11:08:20 - __main__ - <module> - INFO: Epoch 30 / 30, Step 50 / 162, Loss = 9.6990835667e-01
01-10-2024 11:08:28 - __main__ - <module> - INFO: Epoch 30 / 30, Step 60 / 162, Loss = 1.3950585127e+00
01-10-2024 11:08:36 - __main__ - <module> - INFO: Epoch 30 / 30, Step 70 / 162, Loss = 1.1549900770e+00
01-10-2024 11:08:44 - __main__ - <module> - INFO: Epoch 30 / 30, Step 80 / 162, Loss = 1.2200106382e+00
01-10-2024 11:08:53 - __main__ - <module> - INFO: Epoch 30 / 30, Step 90 / 162, Loss = 9.5065277815e-01
01-10-2024 11:09:01 - __main__ - <module> - INFO: Epoch 30 / 30, Step 100 / 162, Loss = 1.5497807264e+00
01-10-2024 11:09:09 - __main__ - <module> - INFO: Epoch 30 / 30, Step 110 / 162, Loss = 1.3050760031e+00
01-10-2024 11:09:17 - __main__ - <module> - INFO: Epoch 30 / 30, Step 120 / 162, Loss = 6.5396338701e-01
01-10-2024 11:09:25 - __main__ - <module> - INFO: Epoch 30 / 30, Step 130 / 162, Loss = 8.5648792982e-01
01-10-2024 11:09:33 - __main__ - <module> - INFO: Epoch 30 / 30, Step 140 / 162, Loss = 1.4266290665e+00
01-10-2024 11:09:41 - __main__ - <module> - INFO: Epoch 30 / 30, Step 150 / 162, Loss = 9.4235086441e-01
01-10-2024 11:09:49 - __main__ - <module> - INFO: Epoch 30 / 30, Step 160 / 162, Loss = 1.7414821386e+00
01-10-2024 11:09:51 - __main__ - <module> - INFO: Starting Validation for epoch 30 / 30
01-10-2024 11:10:04 - __main__ - <module> - INFO: Validation Loss: 1.2760522976e+00
01-10-2024 11:10:04 - visualize - save_plot_training_loss - INFO: Plot writen to ./logs/training_loss_9.png
01-10-2024 11:10:04 - __main__ - <module> - INFO: Training finished!
01-10-2024 11:10:04 - __main__ - <module> - INFO: Saved Model
01-10-2024 11:10:04 - __main__ - <module> - INFO: Starting Test Step...
01-10-2024 11:10:17 - __main__ - <module> - INFO: Test Loss: 1.2915406539e+00
01-10-2024 11:10:17 - visualize - compareTimeDomainComplex - INFO: Saved comparison of random prediction and label to ./plots/post_training_prediction_9.png
01-10-2024 11:10:17 - __main__ - <module> - INFO: Test Step finished!
