21-01-2025 13:27:16 - __main__ - <module> - INFO: Training supervised 50% TBD, loading model39, new dataset and FROG-Error - with 1 Epochs
21-01-2025 13:27:16 - __main__ - <module> - INFO: Supervised Training
21-01-2025 13:27:16 - __main__ - <module> - INFO: Writing into log file: ./logs/log_46/training.log
21-01-2025 13:27:16 - __main__ - <module> - INFO: Dataset used: /mnt/data/desy/frog_simulated/grid_256_v4/
21-01-2025 13:27:16 - __main__ - <module> - INFO: SHG-matrix used: as_gn00.dat
21-01-2025 13:27:16 - __main__ - <module> - INFO: Size of output tensor: 512 elements
21-01-2025 13:27:16 - __main__ - <module> - INFO: Batch size: 10 elements
21-01-2025 13:27:16 - __main__ - <module> - INFO: Number of epochs: 1
21-01-2025 13:27:16 - __main__ - <module> - INFO: Initial learning rate: 2.13e-06
21-01-2025 13:27:16 - __main__ - <module> - INFO: Only Pulses with PBDrms lower than 0.5514 are used!
21-01-2025 13:27:16 - __main__ - <module> - INFO: Device used (cuda/cpu): cuda
21-01-2025 13:27:16 - __main__ - <module> - INFO: Loading Model...
21-01-2025 13:27:17 - __main__ - <module> - INFO: Freezing early layers!
21-01-2025 13:27:17 - __main__ - <module> - INFO: Loading Model finished!
21-01-2025 13:27:17 - __main__ - <module> - INFO: Loading Data...
21-01-2025 13:27:20 - __main__ - <module> - INFO: Size of dataset: 50006
21-01-2025 13:27:20 - __main__ - <module> - INFO: Size of training data:   1000
21-01-2025 13:27:20 - __main__ - <module> - INFO: Size of validation data: 2
21-01-2025 13:27:20 - __main__ - <module> - INFO: Size of test data:       500
21-01-2025 13:27:20 - __main__ - <module> - INFO: Finished loading data!
21-01-2025 13:27:20 - __main__ - <module> - INFO: Starting training...
21-01-2025 13:27:20 - __main__ - <module> - INFO: Threshold over which signal is considered part of the pulse: 0.001
21-01-2025 13:27:20 - __main__ - <module> - INFO: Penalty for signal outside of pulse:  1.0
21-01-2025 13:27:20 - __main__ - <module> - INFO: Weight Used for MSE of Real part:     0.0
21-01-2025 13:27:20 - __main__ - <module> - INFO: Weight Used for MSE of imaginary part:0.0
21-01-2025 13:27:20 - __main__ - <module> - INFO: Weight Used for MSE of Intensity:     0.0
21-01-2025 13:27:20 - __main__ - <module> - INFO: Weight Used for MSE of Phase:         0.0
21-01-2025 13:27:20 - __main__ - <module> - INFO: Weight Used for FROG-Error:           1.0
21-01-2025 13:27:20 - __main__ - <module> - INFO: Unfreezing earlier layers
21-01-2025 13:27:26 - __main__ - <module> - INFO: Epoch 1 / 1, Step 1 / 100, Loss = 2.7314504981e-01, LR = 2.1300e-06
21-01-2025 13:27:32 - __main__ - <module> - INFO: Epoch 1 / 1, Step 2 / 100, Loss = 2.7320343256e-01, LR = 2.1862e-06
21-01-2025 13:27:38 - __main__ - <module> - INFO: Epoch 1 / 1, Step 3 / 100, Loss = 2.7371317148e-01, LR = 2.3541e-06
21-01-2025 13:27:43 - __main__ - <module> - INFO: Epoch 1 / 1, Step 4 / 100, Loss = 2.7356019616e-01, LR = 2.6317e-06
21-01-2025 13:27:49 - __main__ - <module> - INFO: Epoch 1 / 1, Step 5 / 100, Loss = 2.7328202128e-01, LR = 3.0159e-06
21-01-2025 13:27:55 - __main__ - <module> - INFO: Epoch 1 / 1, Step 6 / 100, Loss = 2.7324956656e-01, LR = 3.5020e-06
21-01-2025 13:28:01 - __main__ - <module> - INFO: Epoch 1 / 1, Step 7 / 100, Loss = 2.7329331636e-01, LR = 4.0844e-06
21-01-2025 13:28:07 - __main__ - <module> - INFO: Epoch 1 / 1, Step 8 / 100, Loss = 2.7351385355e-01, LR = 4.7563e-06
21-01-2025 13:28:13 - __main__ - <module> - INFO: Epoch 1 / 1, Step 9 / 100, Loss = 2.7293944359e-01, LR = 5.5098e-06
21-01-2025 13:28:18 - __main__ - <module> - INFO: Epoch 1 / 1, Step 10 / 100, Loss = 2.7294453979e-01, LR = 6.3360e-06
21-01-2025 13:28:24 - __main__ - <module> - INFO: Epoch 1 / 1, Step 11 / 100, Loss = 2.7302303910e-01, LR = 7.2253e-06
21-01-2025 13:28:30 - __main__ - <module> - INFO: Epoch 1 / 1, Step 12 / 100, Loss = 2.7274137735e-01, LR = 8.1672e-06
21-01-2025 13:28:36 - __main__ - <module> - INFO: Epoch 1 / 1, Step 13 / 100, Loss = 2.7316364646e-01, LR = 9.1507e-06
21-01-2025 13:28:42 - __main__ - <module> - INFO: Epoch 1 / 1, Step 14 / 100, Loss = 2.7284201980e-01, LR = 1.0164e-05
21-01-2025 13:28:48 - __main__ - <module> - INFO: Epoch 1 / 1, Step 15 / 100, Loss = 2.7292987704e-01, LR = 1.1196e-05
21-01-2025 13:28:54 - __main__ - <module> - INFO: Epoch 1 / 1, Step 16 / 100, Loss = 2.7326115966e-01, LR = 1.2234e-05
21-01-2025 13:28:59 - __main__ - <module> - INFO: Epoch 1 / 1, Step 17 / 100, Loss = 2.7392813563e-01, LR = 1.3266e-05
21-01-2025 13:29:05 - __main__ - <module> - INFO: Epoch 1 / 1, Step 18 / 100, Loss = 2.7292385697e-01, LR = 1.4279e-05
21-01-2025 13:29:11 - __main__ - <module> - INFO: Epoch 1 / 1, Step 19 / 100, Loss = 2.7297532558e-01, LR = 1.5263e-05
21-01-2025 13:29:17 - __main__ - <module> - INFO: Epoch 1 / 1, Step 20 / 100, Loss = 2.7303463221e-01, LR = 1.6205e-05
21-01-2025 13:29:23 - __main__ - <module> - INFO: Epoch 1 / 1, Step 21 / 100, Loss = 2.7279254794e-01, LR = 1.7094e-05
21-01-2025 13:29:29 - __main__ - <module> - INFO: Epoch 1 / 1, Step 22 / 100, Loss = 2.7294763923e-01, LR = 1.7920e-05
21-01-2025 13:29:35 - __main__ - <module> - INFO: Epoch 1 / 1, Step 23 / 100, Loss = 2.7296605706e-01, LR = 1.8674e-05
21-01-2025 13:29:40 - __main__ - <module> - INFO: Epoch 1 / 1, Step 24 / 100, Loss = 2.7264899015e-01, LR = 1.9346e-05
21-01-2025 13:29:46 - __main__ - <module> - INFO: Epoch 1 / 1, Step 25 / 100, Loss = 2.7275574207e-01, LR = 1.9928e-05
21-01-2025 13:29:52 - __main__ - <module> - INFO: Epoch 1 / 1, Step 26 / 100, Loss = 2.7320811152e-01, LR = 2.0414e-05
21-01-2025 13:29:58 - __main__ - <module> - INFO: Epoch 1 / 1, Step 27 / 100, Loss = 2.7260473371e-01, LR = 2.0798e-05
21-01-2025 13:30:04 - __main__ - <module> - INFO: Epoch 1 / 1, Step 28 / 100, Loss = 2.7256616950e-01, LR = 2.1076e-05
21-01-2025 13:30:10 - __main__ - <module> - INFO: Epoch 1 / 1, Step 29 / 100, Loss = 2.7258980274e-01, LR = 2.1244e-05
21-01-2025 13:30:15 - __main__ - <module> - INFO: Epoch 1 / 1, Step 30 / 100, Loss = 2.7268463373e-01, LR = 2.1300e-05
21-01-2025 13:30:21 - __main__ - <module> - INFO: Epoch 1 / 1, Step 31 / 100, Loss = 2.7248513699e-01, LR = 2.1290e-05
21-01-2025 13:30:27 - __main__ - <module> - INFO: Epoch 1 / 1, Step 32 / 100, Loss = 2.7255770564e-01, LR = 2.1261e-05
21-01-2025 13:30:33 - __main__ - <module> - INFO: Epoch 1 / 1, Step 33 / 100, Loss = 2.7234956622e-01, LR = 2.1213e-05
21-01-2025 13:30:39 - __main__ - <module> - INFO: Epoch 1 / 1, Step 34 / 100, Loss = 2.7240753174e-01, LR = 2.1146e-05
21-01-2025 13:30:45 - __main__ - <module> - INFO: Epoch 1 / 1, Step 35 / 100, Loss = 2.7229890227e-01, LR = 2.1060e-05
21-01-2025 13:30:51 - __main__ - <module> - INFO: Epoch 1 / 1, Step 36 / 100, Loss = 2.7243983746e-01, LR = 2.0955e-05
21-01-2025 13:30:56 - __main__ - <module> - INFO: Epoch 1 / 1, Step 37 / 100, Loss = 2.7233326435e-01, LR = 2.0831e-05
21-01-2025 13:31:02 - __main__ - <module> - INFO: Epoch 1 / 1, Step 38 / 100, Loss = 2.7239820361e-01, LR = 2.0689e-05
21-01-2025 13:31:08 - __main__ - <module> - INFO: Epoch 1 / 1, Step 39 / 100, Loss = 2.7230158448e-01, LR = 2.0529e-05
21-01-2025 13:31:14 - __main__ - <module> - INFO: Epoch 1 / 1, Step 40 / 100, Loss = 2.7231407166e-01, LR = 2.0351e-05
21-01-2025 13:31:20 - __main__ - <module> - INFO: Epoch 1 / 1, Step 41 / 100, Loss = 2.7230373025e-01, LR = 2.0156e-05
21-01-2025 13:31:26 - __main__ - <module> - INFO: Epoch 1 / 1, Step 42 / 100, Loss = 2.7223041654e-01, LR = 1.9943e-05
21-01-2025 13:31:31 - __main__ - <module> - INFO: Epoch 1 / 1, Step 43 / 100, Loss = 2.7256414294e-01, LR = 1.9714e-05
21-01-2025 13:31:37 - __main__ - <module> - INFO: Epoch 1 / 1, Step 44 / 100, Loss = 2.7221417427e-01, LR = 1.9469e-05
21-01-2025 13:31:43 - __main__ - <module> - INFO: Epoch 1 / 1, Step 45 / 100, Loss = 2.7218481898e-01, LR = 1.9209e-05
21-01-2025 13:31:49 - __main__ - <module> - INFO: Epoch 1 / 1, Step 46 / 100, Loss = 2.7247053385e-01, LR = 1.8933e-05
21-01-2025 13:31:55 - __main__ - <module> - INFO: Epoch 1 / 1, Step 47 / 100, Loss = 2.7227875590e-01, LR = 1.8643e-05
21-01-2025 13:32:01 - __main__ - <module> - INFO: Epoch 1 / 1, Step 48 / 100, Loss = 2.7215322852e-01, LR = 1.8339e-05
21-01-2025 13:32:07 - __main__ - <module> - INFO: Epoch 1 / 1, Step 49 / 100, Loss = 2.7225539088e-01, LR = 1.8021e-05
21-01-2025 13:32:13 - __main__ - <module> - INFO: Epoch 1 / 1, Step 50 / 100, Loss = 2.7223297954e-01, LR = 1.7691e-05
21-01-2025 13:32:18 - __main__ - <module> - INFO: Epoch 1 / 1, Step 51 / 100, Loss = 2.7234756947e-01, LR = 1.7349e-05
21-01-2025 13:32:24 - __main__ - <module> - INFO: Epoch 1 / 1, Step 52 / 100, Loss = 2.7227082849e-01, LR = 1.6995e-05
21-01-2025 13:32:30 - __main__ - <module> - INFO: Epoch 1 / 1, Step 53 / 100, Loss = 2.7213624120e-01, LR = 1.6631e-05
21-01-2025 13:32:36 - __main__ - <module> - INFO: Epoch 1 / 1, Step 54 / 100, Loss = 2.7246651053e-01, LR = 1.6257e-05
21-01-2025 13:32:42 - __main__ - <module> - INFO: Epoch 1 / 1, Step 55 / 100, Loss = 2.7259847522e-01, LR = 1.5874e-05
21-01-2025 13:32:48 - __main__ - <module> - INFO: Epoch 1 / 1, Step 56 / 100, Loss = 2.7212187648e-01, LR = 1.5482e-05
21-01-2025 13:32:54 - __main__ - <module> - INFO: Epoch 1 / 1, Step 57 / 100, Loss = 2.7225789428e-01, LR = 1.5083e-05
21-01-2025 13:32:59 - __main__ - <module> - INFO: Epoch 1 / 1, Step 58 / 100, Loss = 2.7216359973e-01, LR = 1.4677e-05
21-01-2025 13:33:05 - __main__ - <module> - INFO: Epoch 1 / 1, Step 59 / 100, Loss = 2.7224120498e-01, LR = 1.4265e-05
21-01-2025 13:33:11 - __main__ - <module> - INFO: Epoch 1 / 1, Step 60 / 100, Loss = 2.7249401808e-01, LR = 1.3848e-05
21-01-2025 13:33:17 - __main__ - <module> - INFO: Epoch 1 / 1, Step 61 / 100, Loss = 2.7214202285e-01, LR = 1.3426e-05
21-01-2025 13:33:23 - __main__ - <module> - INFO: Epoch 1 / 1, Step 62 / 100, Loss = 2.7206149697e-01, LR = 1.3002e-05
21-01-2025 13:33:29 - __main__ - <module> - INFO: Epoch 1 / 1, Step 63 / 100, Loss = 2.7205440402e-01, LR = 1.2574e-05
21-01-2025 13:33:35 - __main__ - <module> - INFO: Epoch 1 / 1, Step 64 / 100, Loss = 2.7211982012e-01, LR = 1.2145e-05
21-01-2025 13:33:41 - __main__ - <module> - INFO: Epoch 1 / 1, Step 65 / 100, Loss = 2.7203708887e-01, LR = 1.1715e-05
21-01-2025 13:33:46 - __main__ - <module> - INFO: Epoch 1 / 1, Step 66 / 100, Loss = 2.7195566893e-01, LR = 1.1285e-05
21-01-2025 13:33:52 - __main__ - <module> - INFO: Epoch 1 / 1, Step 67 / 100, Loss = 2.7196294069e-01, LR = 1.0856e-05
21-01-2025 13:33:58 - __main__ - <module> - INFO: Epoch 1 / 1, Step 68 / 100, Loss = 2.7200469375e-01, LR = 1.0428e-05
21-01-2025 13:34:04 - __main__ - <module> - INFO: Epoch 1 / 1, Step 69 / 100, Loss = 2.7217397094e-01, LR = 1.0004e-05
21-01-2025 13:34:10 - __main__ - <module> - INFO: Epoch 1 / 1, Step 70 / 100, Loss = 2.7229645848e-01, LR = 9.5821e-06
21-01-2025 13:34:16 - __main__ - <module> - INFO: Epoch 1 / 1, Step 71 / 100, Loss = 2.7209663391e-01, LR = 9.1650e-06
21-01-2025 13:34:21 - __main__ - <module> - INFO: Epoch 1 / 1, Step 72 / 100, Loss = 2.7197149396e-01, LR = 8.7531e-06
21-01-2025 13:34:27 - __main__ - <module> - INFO: Epoch 1 / 1, Step 73 / 100, Loss = 2.7195712924e-01, LR = 8.3471e-06
21-01-2025 13:34:33 - __main__ - <module> - INFO: Epoch 1 / 1, Step 74 / 100, Loss = 2.7202001214e-01, LR = 7.9479e-06
21-01-2025 13:34:39 - __main__ - <module> - INFO: Epoch 1 / 1, Step 75 / 100, Loss = 2.7218791842e-01, LR = 7.5562e-06
21-01-2025 13:34:45 - __main__ - <module> - INFO: Epoch 1 / 1, Step 76 / 100, Loss = 2.7205410600e-01, LR = 7.1730e-06
21-01-2025 13:34:51 - __main__ - <module> - INFO: Epoch 1 / 1, Step 77 / 100, Loss = 2.7205854654e-01, LR = 6.7989e-06
21-01-2025 13:34:57 - __main__ - <module> - INFO: Epoch 1 / 1, Step 78 / 100, Loss = 2.7262142301e-01, LR = 6.4347e-06
21-01-2025 13:35:02 - __main__ - <module> - INFO: Epoch 1 / 1, Step 79 / 100, Loss = 2.7199026942e-01, LR = 6.0811e-06
21-01-2025 13:35:08 - __main__ - <module> - INFO: Epoch 1 / 1, Step 80 / 100, Loss = 2.7207332850e-01, LR = 5.7389e-06
21-01-2025 13:35:14 - __main__ - <module> - INFO: Epoch 1 / 1, Step 81 / 100, Loss = 2.7191463113e-01, LR = 5.4087e-06
21-01-2025 13:35:20 - __main__ - <module> - INFO: Epoch 1 / 1, Step 82 / 100, Loss = 2.7198514342e-01, LR = 5.0912e-06
21-01-2025 13:35:26 - __main__ - <module> - INFO: Epoch 1 / 1, Step 83 / 100, Loss = 2.7201709151e-01, LR = 4.7870e-06
21-01-2025 13:35:32 - __main__ - <module> - INFO: Epoch 1 / 1, Step 84 / 100, Loss = 2.7192798257e-01, LR = 4.4968e-06
21-01-2025 13:35:38 - __main__ - <module> - INFO: Epoch 1 / 1, Step 85 / 100, Loss = 2.7193477750e-01, LR = 4.2211e-06
21-01-2025 13:35:43 - __main__ - <module> - INFO: Epoch 1 / 1, Step 86 / 100, Loss = 2.7202042937e-01, LR = 3.9606e-06
21-01-2025 13:35:49 - __main__ - <module> - INFO: Epoch 1 / 1, Step 87 / 100, Loss = 2.7191212773e-01, LR = 3.7156e-06
21-01-2025 13:35:55 - __main__ - <module> - INFO: Epoch 1 / 1, Step 88 / 100, Loss = 2.7194458246e-01, LR = 3.4868e-06
21-01-2025 13:36:01 - __main__ - <module> - INFO: Epoch 1 / 1, Step 89 / 100, Loss = 2.7191779017e-01, LR = 3.2745e-06
21-01-2025 13:36:07 - __main__ - <module> - INFO: Epoch 1 / 1, Step 90 / 100, Loss = 2.7174285054e-01, LR = 3.0792e-06
21-01-2025 13:36:13 - __main__ - <module> - INFO: Epoch 1 / 1, Step 91 / 100, Loss = 2.7195987105e-01, LR = 2.9013e-06
21-01-2025 13:36:19 - __main__ - <module> - INFO: Epoch 1 / 1, Step 92 / 100, Loss = 2.7189409733e-01, LR = 2.7412e-06
21-01-2025 13:36:25 - __main__ - <module> - INFO: Epoch 1 / 1, Step 93 / 100, Loss = 2.7182725072e-01, LR = 2.5991e-06
21-01-2025 13:36:30 - __main__ - <module> - INFO: Epoch 1 / 1, Step 94 / 100, Loss = 2.7201095223e-01, LR = 2.4754e-06
21-01-2025 13:36:37 - __main__ - <module> - INFO: Epoch 1 / 1, Step 95 / 100, Loss = 2.7180480957e-01, LR = 2.3703e-06
21-01-2025 13:36:42 - __main__ - <module> - INFO: Epoch 1 / 1, Step 96 / 100, Loss = 2.7200517058e-01, LR = 2.2840e-06
21-01-2025 13:36:48 - __main__ - <module> - INFO: Epoch 1 / 1, Step 97 / 100, Loss = 2.7186462283e-01, LR = 2.2167e-06
21-01-2025 13:36:54 - __main__ - <module> - INFO: Epoch 1 / 1, Step 98 / 100, Loss = 2.7182874084e-01, LR = 2.1686e-06
21-01-2025 13:37:00 - __main__ - <module> - INFO: Epoch 1 / 1, Step 99 / 100, Loss = 2.7183747292e-01, LR = 2.1397e-06
21-01-2025 13:37:06 - __main__ - <module> - INFO: Epoch 1 / 1, Step 100 / 100, Loss = 2.7191314101e-01, LR = 2.1300e-06
21-01-2025 13:37:06 - __main__ - <module> - INFO: Starting Validation for epoch 1 / 1
21-01-2025 13:37:07 - __main__ - <module> - INFO: Validation Loss: 2.7193367481e-01
21-01-2025 13:37:07 - modules.visualize - save_plot_training_loss - INFO: Plot writen to ./logs/log_46/loss
21-01-2025 13:37:07 - __main__ - <module> - INFO: Training finished!
21-01-2025 13:37:07 - __main__ - <module> - INFO: Saved Model
21-01-2025 13:37:07 - __main__ - <module> - INFO: Starting Test Step...
21-01-2025 13:39:29 - __main__ - <module> - INFO: Test Loss: 2.7197388053e-01
21-01-2025 13:39:30 - modules.visualize - compareTimeDomainComplex - INFO: Saved comparison of random prediction and label to ./logs/log_46/random_prediction
21-01-2025 13:39:30 - __main__ - <module> - INFO: Determine the test sample with the lowest and highest loss, as well as the closest loss to the mean loss
21-01-2025 13:39:30 - __main__ - <module> - INFO: Create plot of the test value with the lowest loss
21-01-2025 13:39:30 - modules.visualize - compareTimeDomainComplex - INFO: Saved comparison of random prediction and label to ./logs/log_46/prediction_min
21-01-2025 13:39:30 - __main__ - <module> - INFO: Create plot of the test value with the highest loss
21-01-2025 13:39:30 - modules.visualize - compareTimeDomainComplex - INFO: Saved comparison of random prediction and label to ./logs/log_46/prediction_max
21-01-2025 13:39:30 - __main__ - <module> - INFO: Create plot of the closest test value to the mean loss
21-01-2025 13:39:31 - modules.visualize - compareTimeDomainComplex - INFO: Saved comparison of random prediction and label to ./logs/log_46/prediction_mean
21-01-2025 13:39:31 - __main__ - <module> - INFO: Test Step finished!
