18-09-2024 15:02:37 - __main__ - <module> - INFO: Testing training grid_256_v3 - Reduced factor of intensity in loss function
18-09-2024 15:02:37 - __main__ - <module> - INFO: Writing into log file: ./logs/training_5.log
18-09-2024 15:02:37 - __main__ - <module> - INFO: Dataset used: /mnt/data/desy/frog_simulated/grid_256_v3/
18-09-2024 15:02:37 - __main__ - <module> - INFO: Spectrograms used: as_gn00.dat
18-09-2024 15:02:37 - __main__ - <module> - INFO: Size of output tensor: 256 elements
18-09-2024 15:02:37 - __main__ - <module> - INFO: Batch size: 10 elements
18-09-2024 15:02:37 - __main__ - <module> - INFO: Number of epochs: 5
18-09-2024 15:02:37 - __main__ - <module> - INFO: Initial learning rate: 0.001
18-09-2024 15:02:37 - __main__ - <module> - INFO: Only Pulses with PBDrms lower than 0.3 are used!
18-09-2024 15:02:37 - __main__ - <module> - INFO: Device used (cuda/cpu): cuda
18-09-2024 15:02:37 - __main__ - <module> - INFO: Loading Model...
18-09-2024 15:02:37 - __main__ - <module> - INFO: Freezing early layers!
18-09-2024 15:02:37 - __main__ - <module> - INFO: Loading Model finished!
18-09-2024 15:02:37 - __main__ - <module> - INFO: Loading Data...
18-09-2024 15:02:38 - __main__ - <module> - INFO: Size of dataset: 2029
18-09-2024 15:02:38 - __main__ - <module> - INFO: Size of training data:   1625
18-09-2024 15:02:38 - __main__ - <module> - INFO: Size of validation data: 202
18-09-2024 15:02:38 - __main__ - <module> - INFO: Size of test data:       202
18-09-2024 15:02:38 - __main__ - <module> - INFO: Finished loading data!
18-09-2024 15:02:38 - __main__ - <module> - INFO: Starting training...
18-09-2024 15:02:45 - __main__ - <module> - INFO: Epoch 1 / 5, Step 10 / 162, Loss = 1.9520719528e+01
18-09-2024 15:02:51 - __main__ - <module> - INFO: Epoch 1 / 5, Step 20 / 162, Loss = 1.6969511032e+01
18-09-2024 15:02:58 - __main__ - <module> - INFO: Epoch 1 / 5, Step 30 / 162, Loss = 1.5433341980e+01
18-09-2024 15:03:04 - __main__ - <module> - INFO: Epoch 1 / 5, Step 40 / 162, Loss = 1.5678361893e+01
18-09-2024 15:03:11 - __main__ - <module> - INFO: Epoch 1 / 5, Step 50 / 162, Loss = 1.5255047798e+01
18-09-2024 15:03:18 - __main__ - <module> - INFO: Epoch 1 / 5, Step 60 / 162, Loss = 1.5460543633e+01
18-09-2024 15:03:24 - __main__ - <module> - INFO: Epoch 1 / 5, Step 70 / 162, Loss = 1.4886797905e+01
18-09-2024 15:03:31 - __main__ - <module> - INFO: Epoch 1 / 5, Step 80 / 162, Loss = 1.4352182388e+01
18-09-2024 15:03:37 - __main__ - <module> - INFO: Epoch 1 / 5, Step 90 / 162, Loss = 1.5612916946e+01
18-09-2024 15:03:44 - __main__ - <module> - INFO: Epoch 1 / 5, Step 100 / 162, Loss = 1.4540579796e+01
18-09-2024 15:03:51 - __main__ - <module> - INFO: Epoch 1 / 5, Step 110 / 162, Loss = 1.4919043541e+01
18-09-2024 15:03:57 - __main__ - <module> - INFO: Epoch 1 / 5, Step 120 / 162, Loss = 1.5511725426e+01
18-09-2024 15:04:04 - __main__ - <module> - INFO: Epoch 1 / 5, Step 130 / 162, Loss = 1.4642422676e+01
18-09-2024 15:04:11 - __main__ - <module> - INFO: Epoch 1 / 5, Step 140 / 162, Loss = 1.4817163467e+01
18-09-2024 15:04:17 - __main__ - <module> - INFO: Epoch 1 / 5, Step 150 / 162, Loss = 1.5361200333e+01
18-09-2024 15:04:24 - __main__ - <module> - INFO: Epoch 1 / 5, Step 160 / 162, Loss = 1.3647607803e+01
18-09-2024 15:04:26 - __main__ - <module> - INFO: New learning rate: 0.0009000000000000001
18-09-2024 15:04:26 - __main__ - <module> - INFO: Starting Validation for epoch 1 / 5
18-09-2024 15:04:39 - __main__ - <module> - INFO: Validation Loss: 1.4289082573e+01
18-09-2024 15:04:45 - __main__ - <module> - INFO: Epoch 2 / 5, Step 10 / 162, Loss = 1.4960783958e+01
18-09-2024 15:04:52 - __main__ - <module> - INFO: Epoch 2 / 5, Step 20 / 162, Loss = 1.4173622131e+01
18-09-2024 15:04:58 - __main__ - <module> - INFO: Epoch 2 / 5, Step 30 / 162, Loss = 1.3280769348e+01
18-09-2024 15:05:05 - __main__ - <module> - INFO: Epoch 2 / 5, Step 40 / 162, Loss = 1.4358560562e+01
18-09-2024 15:05:11 - __main__ - <module> - INFO: Epoch 2 / 5, Step 50 / 162, Loss = 1.3650700569e+01
18-09-2024 15:05:18 - __main__ - <module> - INFO: Epoch 2 / 5, Step 60 / 162, Loss = 1.3932379723e+01
18-09-2024 15:05:24 - __main__ - <module> - INFO: Epoch 2 / 5, Step 70 / 162, Loss = 1.4755762100e+01
18-09-2024 15:05:31 - __main__ - <module> - INFO: Epoch 2 / 5, Step 80 / 162, Loss = 1.4368822098e+01
18-09-2024 15:05:37 - __main__ - <module> - INFO: Epoch 2 / 5, Step 90 / 162, Loss = 1.4600717545e+01
18-09-2024 15:05:44 - __main__ - <module> - INFO: Epoch 2 / 5, Step 100 / 162, Loss = 1.3573928833e+01
18-09-2024 15:05:51 - __main__ - <module> - INFO: Epoch 2 / 5, Step 110 / 162, Loss = 1.3344378471e+01
18-09-2024 15:05:57 - __main__ - <module> - INFO: Epoch 2 / 5, Step 120 / 162, Loss = 1.3868125916e+01
18-09-2024 15:06:04 - __main__ - <module> - INFO: Epoch 2 / 5, Step 130 / 162, Loss = 1.3884454727e+01
18-09-2024 15:06:10 - __main__ - <module> - INFO: Epoch 2 / 5, Step 140 / 162, Loss = 1.4335062981e+01
18-09-2024 15:06:17 - __main__ - <module> - INFO: Epoch 2 / 5, Step 150 / 162, Loss = 1.4185691833e+01
18-09-2024 15:06:23 - __main__ - <module> - INFO: Epoch 2 / 5, Step 160 / 162, Loss = 1.3347754478e+01
18-09-2024 15:06:25 - __main__ - <module> - INFO: New learning rate: 0.0008100000000000001
18-09-2024 15:06:25 - __main__ - <module> - INFO: Starting Validation for epoch 2 / 5
18-09-2024 15:06:38 - __main__ - <module> - INFO: Validation Loss: 1.4063067936e+01
18-09-2024 15:06:44 - __main__ - <module> - INFO: Epoch 3 / 5, Step 10 / 162, Loss = 1.3828791618e+01
18-09-2024 15:06:51 - __main__ - <module> - INFO: Epoch 3 / 5, Step 20 / 162, Loss = 1.3000035286e+01
18-09-2024 15:06:57 - __main__ - <module> - INFO: Epoch 3 / 5, Step 30 / 162, Loss = 1.5046297073e+01
18-09-2024 15:07:04 - __main__ - <module> - INFO: Epoch 3 / 5, Step 40 / 162, Loss = 1.4510943413e+01
18-09-2024 15:07:10 - __main__ - <module> - INFO: Epoch 3 / 5, Step 50 / 162, Loss = 1.3908999443e+01
18-09-2024 15:07:17 - __main__ - <module> - INFO: Epoch 3 / 5, Step 60 / 162, Loss = 1.2267472267e+01
18-09-2024 15:07:24 - __main__ - <module> - INFO: Epoch 3 / 5, Step 70 / 162, Loss = 1.5371978760e+01
18-09-2024 15:07:30 - __main__ - <module> - INFO: Epoch 3 / 5, Step 80 / 162, Loss = 1.4051085472e+01
18-09-2024 15:07:37 - __main__ - <module> - INFO: Epoch 3 / 5, Step 90 / 162, Loss = 1.5548336983e+01
18-09-2024 15:07:43 - __main__ - <module> - INFO: Epoch 3 / 5, Step 100 / 162, Loss = 1.4219644547e+01
18-09-2024 15:07:50 - __main__ - <module> - INFO: Epoch 3 / 5, Step 110 / 162, Loss = 1.4219537735e+01
18-09-2024 15:07:56 - __main__ - <module> - INFO: Epoch 3 / 5, Step 120 / 162, Loss = 1.2274826050e+01
18-09-2024 15:08:03 - __main__ - <module> - INFO: Epoch 3 / 5, Step 130 / 162, Loss = 1.5771308899e+01
18-09-2024 15:08:09 - __main__ - <module> - INFO: Epoch 3 / 5, Step 140 / 162, Loss = 1.3271513939e+01
18-09-2024 15:08:16 - __main__ - <module> - INFO: Epoch 3 / 5, Step 150 / 162, Loss = 1.3425665855e+01
18-09-2024 15:08:22 - __main__ - <module> - INFO: Epoch 3 / 5, Step 160 / 162, Loss = 1.3788125992e+01
18-09-2024 15:08:24 - __main__ - <module> - INFO: New learning rate: 0.000729
18-09-2024 15:08:24 - __main__ - <module> - INFO: Starting Validation for epoch 3 / 5
18-09-2024 15:08:37 - __main__ - <module> - INFO: Validation Loss: 1.3813024612e+01
18-09-2024 15:08:43 - __main__ - <module> - INFO: Epoch 4 / 5, Step 10 / 162, Loss = 1.3672781944e+01
18-09-2024 15:08:50 - __main__ - <module> - INFO: Epoch 4 / 5, Step 20 / 162, Loss = 1.1843180656e+01
18-09-2024 15:08:56 - __main__ - <module> - INFO: Epoch 4 / 5, Step 30 / 162, Loss = 1.2044507980e+01
18-09-2024 15:09:03 - __main__ - <module> - INFO: Epoch 4 / 5, Step 40 / 162, Loss = 1.3610842705e+01
18-09-2024 15:09:10 - __main__ - <module> - INFO: Epoch 4 / 5, Step 50 / 162, Loss = 1.4197928429e+01
18-09-2024 15:09:16 - __main__ - <module> - INFO: Epoch 4 / 5, Step 60 / 162, Loss = 1.3250328064e+01
18-09-2024 15:09:23 - __main__ - <module> - INFO: Epoch 4 / 5, Step 70 / 162, Loss = 1.3441273689e+01
18-09-2024 15:09:29 - __main__ - <module> - INFO: Epoch 4 / 5, Step 80 / 162, Loss = 1.4276465416e+01
18-09-2024 15:09:36 - __main__ - <module> - INFO: Epoch 4 / 5, Step 90 / 162, Loss = 1.3316156387e+01
18-09-2024 15:09:42 - __main__ - <module> - INFO: Epoch 4 / 5, Step 100 / 162, Loss = 1.4244406700e+01
18-09-2024 15:09:49 - __main__ - <module> - INFO: Epoch 4 / 5, Step 110 / 162, Loss = 1.2044313431e+01
18-09-2024 15:09:55 - __main__ - <module> - INFO: Epoch 4 / 5, Step 120 / 162, Loss = 1.3693943977e+01
18-09-2024 15:10:02 - __main__ - <module> - INFO: Epoch 4 / 5, Step 130 / 162, Loss = 1.4445625305e+01
18-09-2024 15:10:08 - __main__ - <module> - INFO: Epoch 4 / 5, Step 140 / 162, Loss = 1.3430398941e+01
18-09-2024 15:10:15 - __main__ - <module> - INFO: Epoch 4 / 5, Step 150 / 162, Loss = 1.3722558975e+01
18-09-2024 15:10:22 - __main__ - <module> - INFO: Epoch 4 / 5, Step 160 / 162, Loss = 1.3375717163e+01
18-09-2024 15:10:23 - __main__ - <module> - INFO: New learning rate: 0.0006561000000000001
18-09-2024 15:10:23 - __main__ - <module> - INFO: Starting Validation for epoch 4 / 5
18-09-2024 15:10:36 - __main__ - <module> - INFO: Validation Loss: 1.3638951665e+01
18-09-2024 15:10:42 - __main__ - <module> - INFO: Epoch 5 / 5, Step 10 / 162, Loss = 1.3048067093e+01
18-09-2024 15:10:49 - __main__ - <module> - INFO: Epoch 5 / 5, Step 20 / 162, Loss = 1.3799471855e+01
18-09-2024 15:10:56 - __main__ - <module> - INFO: Epoch 5 / 5, Step 30 / 162, Loss = 1.3006217957e+01
18-09-2024 15:11:02 - __main__ - <module> - INFO: Epoch 5 / 5, Step 40 / 162, Loss = 1.3244397163e+01
18-09-2024 15:11:09 - __main__ - <module> - INFO: Epoch 5 / 5, Step 50 / 162, Loss = 1.4467030525e+01
18-09-2024 15:11:15 - __main__ - <module> - INFO: Epoch 5 / 5, Step 60 / 162, Loss = 1.2896296501e+01
18-09-2024 15:11:22 - __main__ - <module> - INFO: Epoch 5 / 5, Step 70 / 162, Loss = 1.4042088509e+01
18-09-2024 15:11:28 - __main__ - <module> - INFO: Epoch 5 / 5, Step 80 / 162, Loss = 1.1703219414e+01
18-09-2024 15:11:35 - __main__ - <module> - INFO: Epoch 5 / 5, Step 90 / 162, Loss = 1.4462762833e+01
18-09-2024 15:11:41 - __main__ - <module> - INFO: Epoch 5 / 5, Step 100 / 162, Loss = 1.3118896484e+01
18-09-2024 15:11:48 - __main__ - <module> - INFO: Epoch 5 / 5, Step 110 / 162, Loss = 1.3190452576e+01
18-09-2024 15:11:55 - __main__ - <module> - INFO: Epoch 5 / 5, Step 120 / 162, Loss = 1.2083315849e+01
18-09-2024 15:12:01 - __main__ - <module> - INFO: Epoch 5 / 5, Step 130 / 162, Loss = 1.2826807976e+01
18-09-2024 15:12:08 - __main__ - <module> - INFO: Epoch 5 / 5, Step 140 / 162, Loss = 1.3155077934e+01
18-09-2024 15:12:14 - __main__ - <module> - INFO: Epoch 5 / 5, Step 150 / 162, Loss = 1.3496624947e+01
18-09-2024 15:12:21 - __main__ - <module> - INFO: Epoch 5 / 5, Step 160 / 162, Loss = 1.3612820625e+01
18-09-2024 15:12:22 - __main__ - <module> - INFO: Starting Validation for epoch 5 / 5
18-09-2024 15:12:35 - __main__ - <module> - INFO: Validation Loss: 1.3571183840e+01
18-09-2024 15:12:36 - visualize - save_plot_training_loss - INFO: Plot writen to ./logs/training_loss_5.png
18-09-2024 15:12:36 - __main__ - <module> - INFO: Training finished!
18-09-2024 15:12:36 - __main__ - <module> - INFO: Saved Model
18-09-2024 15:12:36 - __main__ - <module> - INFO: Starting Test Step...
18-09-2024 15:12:48 - __main__ - <module> - INFO: Test Loss: 1.3279034115e+01
18-09-2024 15:12:49 - visualize - compareTimeDomainComplex - INFO: Saved comparison of random prediction and label to ./plots/post_training_prediction_5.png
18-09-2024 15:12:49 - __main__ - <module> - INFO: Test Step finished!
