12-11-2024 11:00:55 - __main__ - <module> - INFO: Testing training using hilbert transform for imaginary part and FROG-Error (reduced weight)- with 1 Epochs
12-11-2024 11:00:55 - __main__ - <module> - INFO: Supervised Training
12-11-2024 11:00:55 - __main__ - <module> - INFO: Writing into log file: ./logs/training_008/training.log
12-11-2024 11:00:55 - __main__ - <module> - INFO: Dataset used: /mnt/data/desy/frog_simulated/grid_256_v3/
12-11-2024 11:00:55 - __main__ - <module> - INFO: SHG-matrix used: as_gn00.dat
12-11-2024 11:00:55 - __main__ - <module> - INFO: Size of output tensor: 512 elements
12-11-2024 11:00:55 - __main__ - <module> - INFO: Batch size: 10 elements
12-11-2024 11:00:55 - __main__ - <module> - INFO: Number of epochs: 1
12-11-2024 11:00:55 - __main__ - <module> - INFO: Initial learning rate: 1e-06
12-11-2024 11:00:55 - __main__ - <module> - INFO: Only Pulses with PBDrms lower than 0.3 are used!
12-11-2024 11:00:55 - __main__ - <module> - INFO: Device used (cuda/cpu): cuda
12-11-2024 11:00:55 - __main__ - <module> - INFO: Loading Model...
12-11-2024 11:00:56 - __main__ - <module> - INFO: Freezing early layers!
12-11-2024 11:00:56 - __main__ - <module> - INFO: Loading Model finished!
12-11-2024 11:00:56 - __main__ - <module> - INFO: Loading Data...
12-11-2024 11:00:56 - __main__ - <module> - INFO: Size of dataset: 2029
12-11-2024 11:00:56 - __main__ - <module> - INFO: Size of training data:   1625
12-11-2024 11:00:56 - __main__ - <module> - INFO: Size of validation data: 202
12-11-2024 11:00:56 - __main__ - <module> - INFO: Size of test data:       202
12-11-2024 11:00:56 - __main__ - <module> - INFO: Finished loading data!
12-11-2024 11:00:56 - __main__ - <module> - INFO: Starting training...
12-11-2024 11:01:03 - __main__ - <module> - INFO: Epoch 1 / 1, Step 1 / 163, Loss = 2.7021448135e+01, LR = 2.0000e-05
12-11-2024 11:01:09 - __main__ - <module> - INFO: Epoch 1 / 1, Step 2 / 163, Loss = 1.9245271683e+01, LR = 2.0516e-05
12-11-2024 11:01:16 - __main__ - <module> - INFO: Epoch 1 / 1, Step 3 / 163, Loss = 2.5726247787e+01, LR = 2.2062e-05
12-11-2024 11:01:22 - __main__ - <module> - INFO: Epoch 1 / 1, Step 4 / 163, Loss = 1.7845285416e+01, LR = 2.4631e-05
12-11-2024 11:01:28 - __main__ - <module> - INFO: Epoch 1 / 1, Step 5 / 163, Loss = 1.6973447800e+01, LR = 2.8212e-05
12-11-2024 11:01:34 - __main__ - <module> - INFO: Epoch 1 / 1, Step 6 / 163, Loss = 1.6212209702e+01, LR = 3.2790e-05
12-11-2024 11:01:41 - __main__ - <module> - INFO: Epoch 1 / 1, Step 7 / 163, Loss = 1.9970993042e+01, LR = 3.8344e-05
12-11-2024 11:01:47 - __main__ - <module> - INFO: Epoch 1 / 1, Step 8 / 163, Loss = 1.7199874878e+01, LR = 4.4852e-05
12-11-2024 11:01:53 - __main__ - <module> - INFO: Epoch 1 / 1, Step 9 / 163, Loss = 1.5526872635e+01, LR = 5.2285e-05
12-11-2024 11:02:00 - __main__ - <module> - INFO: Epoch 1 / 1, Step 10 / 163, Loss = 1.5029960632e+01, LR = 6.0611e-05
12-11-2024 11:02:06 - __main__ - <module> - INFO: Epoch 1 / 1, Step 11 / 163, Loss = 1.3041023254e+01, LR = 6.9795e-05
12-11-2024 11:02:13 - __main__ - <module> - INFO: Epoch 1 / 1, Step 12 / 163, Loss = 1.1338728905e+01, LR = 7.9796e-05
12-11-2024 11:02:19 - __main__ - <module> - INFO: Epoch 1 / 1, Step 13 / 163, Loss = 1.1189716339e+01, LR = 9.0573e-05
12-11-2024 11:02:25 - __main__ - <module> - INFO: Epoch 1 / 1, Step 14 / 163, Loss = 8.8232650757e+00, LR = 1.0208e-04
12-11-2024 11:02:32 - __main__ - <module> - INFO: Epoch 1 / 1, Step 15 / 163, Loss = 9.5421934128e+00, LR = 1.1426e-04
12-11-2024 11:02:38 - __main__ - <module> - INFO: Epoch 1 / 1, Step 16 / 163, Loss = 9.1070814133e+00, LR = 1.2707e-04
12-11-2024 11:02:45 - __main__ - <module> - INFO: Epoch 1 / 1, Step 17 / 163, Loss = 1.0141099930e+01, LR = 1.4045e-04
12-11-2024 11:02:51 - __main__ - <module> - INFO: Epoch 1 / 1, Step 18 / 163, Loss = 9.8794240952e+00, LR = 1.5435e-04
12-11-2024 11:02:57 - __main__ - <module> - INFO: Epoch 1 / 1, Step 19 / 163, Loss = 9.9171323776e+00, LR = 1.6870e-04
12-11-2024 11:03:04 - __main__ - <module> - INFO: Epoch 1 / 1, Step 20 / 163, Loss = 7.1159934998e+00, LR = 1.8344e-04
12-11-2024 11:03:10 - __main__ - <module> - INFO: Epoch 1 / 1, Step 21 / 163, Loss = 7.9417395592e+00, LR = 1.9852e-04
12-11-2024 11:03:16 - __main__ - <module> - INFO: Epoch 1 / 1, Step 22 / 163, Loss = 7.4492812157e+00, LR = 2.1385e-04
12-11-2024 11:03:23 - __main__ - <module> - INFO: Epoch 1 / 1, Step 23 / 163, Loss = 6.3293185234e+00, LR = 2.2939e-04
12-11-2024 11:03:29 - __main__ - <module> - INFO: Epoch 1 / 1, Step 24 / 163, Loss = 6.9336585999e+00, LR = 2.4506e-04
12-11-2024 11:03:35 - __main__ - <module> - INFO: Epoch 1 / 1, Step 25 / 163, Loss = 6.4567794800e+00, LR = 2.6079e-04
12-11-2024 11:03:42 - __main__ - <module> - INFO: Epoch 1 / 1, Step 26 / 163, Loss = 5.8307499886e+00, LR = 2.7651e-04
12-11-2024 11:03:48 - __main__ - <module> - INFO: Epoch 1 / 1, Step 27 / 163, Loss = 7.2021346092e+00, LR = 2.9217e-04
12-11-2024 11:03:55 - __main__ - <module> - INFO: Epoch 1 / 1, Step 28 / 163, Loss = 6.7317337990e+00, LR = 3.0769e-04
12-11-2024 11:04:01 - __main__ - <module> - INFO: Epoch 1 / 1, Step 29 / 163, Loss = 7.7542204857e+00, LR = 3.2300e-04
12-11-2024 11:04:07 - __main__ - <module> - INFO: Epoch 1 / 1, Step 30 / 163, Loss = 6.4006662369e+00, LR = 3.3805e-04
12-11-2024 11:04:13 - __main__ - <module> - INFO: Epoch 1 / 1, Step 31 / 163, Loss = 6.2018718719e+00, LR = 3.5275e-04
12-11-2024 11:04:20 - __main__ - <module> - INFO: Epoch 1 / 1, Step 32 / 163, Loss = 5.8546042442e+00, LR = 3.6706e-04
12-11-2024 11:04:26 - __main__ - <module> - INFO: Epoch 1 / 1, Step 33 / 163, Loss = 7.4747347832e+00, LR = 3.8091e-04
12-11-2024 11:04:32 - __main__ - <module> - INFO: Epoch 1 / 1, Step 34 / 163, Loss = 5.9026694298e+00, LR = 3.9424e-04
12-11-2024 11:04:39 - __main__ - <module> - INFO: Epoch 1 / 1, Step 35 / 163, Loss = 6.1381363869e+00, LR = 4.0699e-04
12-11-2024 11:04:45 - __main__ - <module> - INFO: Epoch 1 / 1, Step 36 / 163, Loss = 5.8878793716e+00, LR = 4.1910e-04
12-11-2024 11:04:52 - __main__ - <module> - INFO: Epoch 1 / 1, Step 37 / 163, Loss = 4.9717307091e+00, LR = 4.3054e-04
12-11-2024 11:04:58 - __main__ - <module> - INFO: Epoch 1 / 1, Step 38 / 163, Loss = 6.4674005508e+00, LR = 4.4124e-04
12-11-2024 11:05:04 - __main__ - <module> - INFO: Epoch 1 / 1, Step 39 / 163, Loss = 5.8593583107e+00, LR = 4.5116e-04
12-11-2024 11:05:11 - __main__ - <module> - INFO: Epoch 1 / 1, Step 40 / 163, Loss = 7.4340476990e+00, LR = 4.6026e-04
12-11-2024 11:05:17 - __main__ - <module> - INFO: Epoch 1 / 1, Step 41 / 163, Loss = 6.4083542824e+00, LR = 4.6850e-04
12-11-2024 11:05:24 - __main__ - <module> - INFO: Epoch 1 / 1, Step 42 / 163, Loss = 5.4593095779e+00, LR = 4.7584e-04
12-11-2024 11:05:30 - __main__ - <module> - INFO: Epoch 1 / 1, Step 43 / 163, Loss = 6.5095710754e+00, LR = 4.8225e-04
12-11-2024 11:05:36 - __main__ - <module> - INFO: Epoch 1 / 1, Step 44 / 163, Loss = 6.4790682793e+00, LR = 4.8771e-04
12-11-2024 11:05:43 - __main__ - <module> - INFO: Epoch 1 / 1, Step 45 / 163, Loss = 5.8737616539e+00, LR = 4.9219e-04
12-11-2024 11:05:49 - __main__ - <module> - INFO: Epoch 1 / 1, Step 46 / 163, Loss = 7.3392524719e+00, LR = 4.9567e-04
12-11-2024 11:05:56 - __main__ - <module> - INFO: Epoch 1 / 1, Step 47 / 163, Loss = 7.2981486320e+00, LR = 4.9814e-04
12-11-2024 11:06:02 - __main__ - <module> - INFO: Epoch 1 / 1, Step 48 / 163, Loss = 6.3528261185e+00, LR = 4.9958e-04
12-11-2024 11:06:08 - __main__ - <module> - INFO: Epoch 1 / 1, Step 49 / 163, Loss = 6.5732955933e+00, LR = 5.0000e-04
12-11-2024 11:06:15 - __main__ - <module> - INFO: Epoch 1 / 1, Step 50 / 163, Loss = 6.0117220879e+00, LR = 4.9989e-04
12-11-2024 11:06:21 - __main__ - <module> - INFO: Epoch 1 / 1, Step 51 / 163, Loss = 5.9071850777e+00, LR = 4.9958e-04
12-11-2024 11:06:28 - __main__ - <module> - INFO: Epoch 1 / 1, Step 52 / 163, Loss = 6.1555471420e+00, LR = 4.9909e-04
12-11-2024 11:06:34 - __main__ - <module> - INFO: Epoch 1 / 1, Step 53 / 163, Loss = 6.8200087547e+00, LR = 4.9841e-04
12-11-2024 11:06:41 - __main__ - <module> - INFO: Epoch 1 / 1, Step 54 / 163, Loss = 5.3892726898e+00, LR = 4.9754e-04
12-11-2024 11:06:47 - __main__ - <module> - INFO: Epoch 1 / 1, Step 55 / 163, Loss = 5.7307925224e+00, LR = 4.9648e-04
12-11-2024 11:06:54 - __main__ - <module> - INFO: Epoch 1 / 1, Step 56 / 163, Loss = 6.5474991798e+00, LR = 4.9524e-04
12-11-2024 11:07:00 - __main__ - <module> - INFO: Epoch 1 / 1, Step 57 / 163, Loss = 5.6788849831e+00, LR = 4.9381e-04
12-11-2024 11:07:06 - __main__ - <module> - INFO: Epoch 1 / 1, Step 58 / 163, Loss = 5.5586037636e+00, LR = 4.9219e-04
12-11-2024 11:07:13 - __main__ - <module> - INFO: Epoch 1 / 1, Step 59 / 163, Loss = 5.9215245247e+00, LR = 4.9040e-04
12-11-2024 11:07:19 - __main__ - <module> - INFO: Epoch 1 / 1, Step 60 / 163, Loss = 5.7592349052e+00, LR = 4.8841e-04
12-11-2024 11:07:26 - __main__ - <module> - INFO: Epoch 1 / 1, Step 61 / 163, Loss = 4.2997498512e+00, LR = 4.8625e-04
12-11-2024 11:07:32 - __main__ - <module> - INFO: Epoch 1 / 1, Step 62 / 163, Loss = 5.6843605042e+00, LR = 4.8391e-04
12-11-2024 11:07:39 - __main__ - <module> - INFO: Epoch 1 / 1, Step 63 / 163, Loss = 6.3496761322e+00, LR = 4.8140e-04
12-11-2024 11:07:45 - __main__ - <module> - INFO: Epoch 1 / 1, Step 64 / 163, Loss = 5.9477868080e+00, LR = 4.7870e-04
12-11-2024 11:07:52 - __main__ - <module> - INFO: Epoch 1 / 1, Step 65 / 163, Loss = 5.6146163940e+00, LR = 4.7584e-04
12-11-2024 11:07:58 - __main__ - <module> - INFO: Epoch 1 / 1, Step 66 / 163, Loss = 6.1086463928e+00, LR = 4.7280e-04
12-11-2024 11:08:04 - __main__ - <module> - INFO: Epoch 1 / 1, Step 67 / 163, Loss = 5.8041481972e+00, LR = 4.6959e-04
12-11-2024 11:08:11 - __main__ - <module> - INFO: Epoch 1 / 1, Step 68 / 163, Loss = 4.7998218536e+00, LR = 4.6622e-04
12-11-2024 11:08:17 - __main__ - <module> - INFO: Epoch 1 / 1, Step 69 / 163, Loss = 6.0605859756e+00, LR = 4.6268e-04
12-11-2024 11:08:23 - __main__ - <module> - INFO: Epoch 1 / 1, Step 70 / 163, Loss = 5.2127857208e+00, LR = 4.5898e-04
12-11-2024 11:08:30 - __main__ - <module> - INFO: Epoch 1 / 1, Step 71 / 163, Loss = 5.0097508430e+00, LR = 4.5513e-04
12-11-2024 11:08:36 - __main__ - <module> - INFO: Epoch 1 / 1, Step 72 / 163, Loss = 7.2042236328e+00, LR = 4.5112e-04
12-11-2024 11:08:43 - __main__ - <module> - INFO: Epoch 1 / 1, Step 73 / 163, Loss = 6.0485854149e+00, LR = 4.4695e-04
12-11-2024 11:08:49 - __main__ - <module> - INFO: Epoch 1 / 1, Step 74 / 163, Loss = 7.2510232925e+00, LR = 4.4264e-04
12-11-2024 11:08:55 - __main__ - <module> - INFO: Epoch 1 / 1, Step 75 / 163, Loss = 5.1061925888e+00, LR = 4.3818e-04
12-11-2024 11:09:02 - __main__ - <module> - INFO: Epoch 1 / 1, Step 76 / 163, Loss = 5.9451861382e+00, LR = 4.3358e-04
12-11-2024 11:09:08 - __main__ - <module> - INFO: Epoch 1 / 1, Step 77 / 163, Loss = 5.2996006012e+00, LR = 4.2883e-04
12-11-2024 11:09:15 - __main__ - <module> - INFO: Epoch 1 / 1, Step 78 / 163, Loss = 6.3268079758e+00, LR = 4.2396e-04
12-11-2024 11:09:21 - __main__ - <module> - INFO: Epoch 1 / 1, Step 79 / 163, Loss = 6.5088591576e+00, LR = 4.1895e-04
12-11-2024 11:09:27 - __main__ - <module> - INFO: Epoch 1 / 1, Step 80 / 163, Loss = 5.8088335991e+00, LR = 4.1381e-04
12-11-2024 11:09:34 - __main__ - <module> - INFO: Epoch 1 / 1, Step 81 / 163, Loss = 6.0260596275e+00, LR = 4.0855e-04
12-11-2024 11:09:40 - __main__ - <module> - INFO: Epoch 1 / 1, Step 82 / 163, Loss = 5.1069903374e+00, LR = 4.0317e-04
12-11-2024 11:09:47 - __main__ - <module> - INFO: Epoch 1 / 1, Step 83 / 163, Loss = 5.0148420334e+00, LR = 3.9767e-04
12-11-2024 11:09:53 - __main__ - <module> - INFO: Epoch 1 / 1, Step 84 / 163, Loss = 5.0220346451e+00, LR = 3.9206e-04
12-11-2024 11:09:59 - __main__ - <module> - INFO: Epoch 1 / 1, Step 85 / 163, Loss = 6.5942535400e+00, LR = 3.8634e-04
12-11-2024 11:10:06 - __main__ - <module> - INFO: Epoch 1 / 1, Step 86 / 163, Loss = 5.3832406998e+00, LR = 3.8052e-04
12-11-2024 11:10:12 - __main__ - <module> - INFO: Epoch 1 / 1, Step 87 / 163, Loss = 5.6976561546e+00, LR = 3.7460e-04
12-11-2024 11:10:19 - __main__ - <module> - INFO: Epoch 1 / 1, Step 88 / 163, Loss = 6.2713685036e+00, LR = 3.6859e-04
12-11-2024 11:10:25 - __main__ - <module> - INFO: Epoch 1 / 1, Step 89 / 163, Loss = 7.2670493126e+00, LR = 3.6249e-04
12-11-2024 11:10:32 - __main__ - <module> - INFO: Epoch 1 / 1, Step 90 / 163, Loss = 6.0191469193e+00, LR = 3.5630e-04
12-11-2024 11:10:38 - __main__ - <module> - INFO: Epoch 1 / 1, Step 91 / 163, Loss = 5.2675304413e+00, LR = 3.5003e-04
12-11-2024 11:10:45 - __main__ - <module> - INFO: Epoch 1 / 1, Step 92 / 163, Loss = 6.5273132324e+00, LR = 3.4368e-04
12-11-2024 11:10:51 - __main__ - <module> - INFO: Epoch 1 / 1, Step 93 / 163, Loss = 4.2444472313e+00, LR = 3.3726e-04
12-11-2024 11:10:57 - __main__ - <module> - INFO: Epoch 1 / 1, Step 94 / 163, Loss = 5.9168381691e+00, LR = 3.3078e-04
12-11-2024 11:11:04 - __main__ - <module> - INFO: Epoch 1 / 1, Step 95 / 163, Loss = 4.1534981728e+00, LR = 3.2424e-04
12-11-2024 11:11:10 - __main__ - <module> - INFO: Epoch 1 / 1, Step 96 / 163, Loss = 5.0792860985e+00, LR = 3.1764e-04
12-11-2024 11:11:17 - __main__ - <module> - INFO: Epoch 1 / 1, Step 97 / 163, Loss = 5.7018122673e+00, LR = 3.1099e-04
12-11-2024 11:11:23 - __main__ - <module> - INFO: Epoch 1 / 1, Step 98 / 163, Loss = 4.4831285477e+00, LR = 3.0429e-04
12-11-2024 11:11:29 - __main__ - <module> - INFO: Epoch 1 / 1, Step 99 / 163, Loss = 4.0480804443e+00, LR = 2.9755e-04
12-11-2024 11:11:36 - __main__ - <module> - INFO: Epoch 1 / 1, Step 100 / 163, Loss = 4.9228944778e+00, LR = 2.9077e-04
12-11-2024 11:11:42 - __main__ - <module> - INFO: Epoch 1 / 1, Step 101 / 163, Loss = 5.3732461929e+00, LR = 2.8397e-04
12-11-2024 11:11:48 - __main__ - <module> - INFO: Epoch 1 / 1, Step 102 / 163, Loss = 3.9913346767e+00, LR = 2.7714e-04
12-11-2024 11:11:55 - __main__ - <module> - INFO: Epoch 1 / 1, Step 103 / 163, Loss = 5.5187530518e+00, LR = 2.7028e-04
12-11-2024 11:12:01 - __main__ - <module> - INFO: Epoch 1 / 1, Step 104 / 163, Loss = 4.7891302109e+00, LR = 2.6342e-04
12-11-2024 11:12:07 - __main__ - <module> - INFO: Epoch 1 / 1, Step 105 / 163, Loss = 4.5433497429e+00, LR = 2.5654e-04
12-11-2024 11:12:14 - __main__ - <module> - INFO: Epoch 1 / 1, Step 106 / 163, Loss = 4.2934594154e+00, LR = 2.4966e-04
12-11-2024 11:12:20 - __main__ - <module> - INFO: Epoch 1 / 1, Step 107 / 163, Loss = 4.5022888184e+00, LR = 2.4277e-04
12-11-2024 11:12:27 - __main__ - <module> - INFO: Epoch 1 / 1, Step 108 / 163, Loss = 5.8339667320e+00, LR = 2.3590e-04
12-11-2024 11:12:33 - __main__ - <module> - INFO: Epoch 1 / 1, Step 109 / 163, Loss = 4.5827922821e+00, LR = 2.2903e-04
12-11-2024 11:12:40 - __main__ - <module> - INFO: Epoch 1 / 1, Step 110 / 163, Loss = 2.7713563442e+00, LR = 2.2218e-04
12-11-2024 11:12:46 - __main__ - <module> - INFO: Epoch 1 / 1, Step 111 / 163, Loss = 4.1213660240e+00, LR = 2.1535e-04
12-11-2024 11:12:53 - __main__ - <module> - INFO: Epoch 1 / 1, Step 112 / 163, Loss = 4.0706195831e+00, LR = 2.0855e-04
12-11-2024 11:12:59 - __main__ - <module> - INFO: Epoch 1 / 1, Step 113 / 163, Loss = 4.3613581657e+00, LR = 2.0178e-04
12-11-2024 11:13:06 - __main__ - <module> - INFO: Epoch 1 / 1, Step 114 / 163, Loss = 4.7981371880e+00, LR = 1.9504e-04
12-11-2024 11:13:12 - __main__ - <module> - INFO: Epoch 1 / 1, Step 115 / 163, Loss = 4.0307250023e+00, LR = 1.8835e-04
12-11-2024 11:13:19 - __main__ - <module> - INFO: Epoch 1 / 1, Step 116 / 163, Loss = 5.0105528831e+00, LR = 1.8170e-04
12-11-2024 11:13:25 - __main__ - <module> - INFO: Epoch 1 / 1, Step 117 / 163, Loss = 5.7845683098e+00, LR = 1.7511e-04
12-11-2024 11:13:32 - __main__ - <module> - INFO: Epoch 1 / 1, Step 118 / 163, Loss = 5.8073654175e+00, LR = 1.6857e-04
12-11-2024 11:13:39 - __main__ - <module> - INFO: Epoch 1 / 1, Step 119 / 163, Loss = 6.3323807716e+00, LR = 1.6209e-04
12-11-2024 11:13:45 - __main__ - <module> - INFO: Epoch 1 / 1, Step 120 / 163, Loss = 3.9236183167e+00, LR = 1.5568e-04
12-11-2024 11:13:52 - __main__ - <module> - INFO: Epoch 1 / 1, Step 121 / 163, Loss = 4.5412287712e+00, LR = 1.4935e-04
12-11-2024 11:13:59 - __main__ - <module> - INFO: Epoch 1 / 1, Step 122 / 163, Loss = 5.7044939995e+00, LR = 1.4308e-04
12-11-2024 11:14:05 - __main__ - <module> - INFO: Epoch 1 / 1, Step 123 / 163, Loss = 6.5673751831e+00, LR = 1.3690e-04
12-11-2024 11:14:12 - __main__ - <module> - INFO: Epoch 1 / 1, Step 124 / 163, Loss = 3.7025711536e+00, LR = 1.3081e-04
12-11-2024 11:14:18 - __main__ - <module> - INFO: Epoch 1 / 1, Step 125 / 163, Loss = 3.6814734936e+00, LR = 1.2480e-04
12-11-2024 11:14:25 - __main__ - <module> - INFO: Epoch 1 / 1, Step 126 / 163, Loss = 5.4427156448e+00, LR = 1.1889e-04
12-11-2024 11:14:32 - __main__ - <module> - INFO: Epoch 1 / 1, Step 127 / 163, Loss = 4.3303875923e+00, LR = 1.1308e-04
12-11-2024 11:14:38 - __main__ - <module> - INFO: Epoch 1 / 1, Step 128 / 163, Loss = 4.7956528664e+00, LR = 1.0738e-04
12-11-2024 11:14:44 - __main__ - <module> - INFO: Epoch 1 / 1, Step 129 / 163, Loss = 4.2568240166e+00, LR = 1.0178e-04
12-11-2024 11:14:51 - __main__ - <module> - INFO: Epoch 1 / 1, Step 130 / 163, Loss = 4.2090892792e+00, LR = 9.6291e-05
12-11-2024 11:14:57 - __main__ - <module> - INFO: Epoch 1 / 1, Step 131 / 163, Loss = 3.8187046051e+00, LR = 9.0922e-05
12-11-2024 11:15:04 - __main__ - <module> - INFO: Epoch 1 / 1, Step 132 / 163, Loss = 3.3870449066e+00, LR = 8.5673e-05
12-11-2024 11:15:11 - __main__ - <module> - INFO: Epoch 1 / 1, Step 133 / 163, Loss = 4.0590624809e+00, LR = 8.0548e-05
12-11-2024 11:15:17 - __main__ - <module> - INFO: Epoch 1 / 1, Step 134 / 163, Loss = 5.1425309181e+00, LR = 7.5552e-05
12-11-2024 11:15:24 - __main__ - <module> - INFO: Epoch 1 / 1, Step 135 / 163, Loss = 5.1630606651e+00, LR = 7.0688e-05
12-11-2024 11:15:31 - __main__ - <module> - INFO: Epoch 1 / 1, Step 136 / 163, Loss = 4.2693338394e+00, LR = 6.5960e-05
12-11-2024 11:15:37 - __main__ - <module> - INFO: Epoch 1 / 1, Step 137 / 163, Loss = 3.0300323963e+00, LR = 6.1372e-05
12-11-2024 11:15:44 - __main__ - <module> - INFO: Epoch 1 / 1, Step 138 / 163, Loss = 3.8550744057e+00, LR = 5.6927e-05
12-11-2024 11:15:50 - __main__ - <module> - INFO: Epoch 1 / 1, Step 139 / 163, Loss = 3.8500862122e+00, LR = 5.2628e-05
12-11-2024 11:15:57 - __main__ - <module> - INFO: Epoch 1 / 1, Step 140 / 163, Loss = 4.1162800789e+00, LR = 4.8478e-05
12-11-2024 11:16:03 - __main__ - <module> - INFO: Epoch 1 / 1, Step 141 / 163, Loss = 4.9509773254e+00, LR = 4.4482e-05
12-11-2024 11:16:09 - __main__ - <module> - INFO: Epoch 1 / 1, Step 142 / 163, Loss = 4.0224432945e+00, LR = 4.0641e-05
12-11-2024 11:16:16 - __main__ - <module> - INFO: Epoch 1 / 1, Step 143 / 163, Loss = 4.7256894112e+00, LR = 3.6959e-05
12-11-2024 11:16:22 - __main__ - <module> - INFO: Epoch 1 / 1, Step 144 / 163, Loss = 4.0551042557e+00, LR = 3.3438e-05
12-11-2024 11:16:29 - __main__ - <module> - INFO: Epoch 1 / 1, Step 145 / 163, Loss = 3.8237450123e+00, LR = 3.0082e-05
12-11-2024 11:16:35 - __main__ - <module> - INFO: Epoch 1 / 1, Step 146 / 163, Loss = 4.1945037842e+00, LR = 2.6892e-05
12-11-2024 11:16:42 - __main__ - <module> - INFO: Epoch 1 / 1, Step 147 / 163, Loss = 4.0357685089e+00, LR = 2.3871e-05
12-11-2024 11:16:48 - __main__ - <module> - INFO: Epoch 1 / 1, Step 148 / 163, Loss = 5.0581765175e+00, LR = 2.1022e-05
12-11-2024 11:16:55 - __main__ - <module> - INFO: Epoch 1 / 1, Step 149 / 163, Loss = 3.2376496792e+00, LR = 1.8347e-05
12-11-2024 11:17:02 - __main__ - <module> - INFO: Epoch 1 / 1, Step 150 / 163, Loss = 3.8998782635e+00, LR = 1.5847e-05
12-11-2024 11:17:08 - __main__ - <module> - INFO: Epoch 1 / 1, Step 151 / 163, Loss = 4.7908940315e+00, LR = 1.3524e-05
12-11-2024 11:17:15 - __main__ - <module> - INFO: Epoch 1 / 1, Step 152 / 163, Loss = 3.7692291737e+00, LR = 1.1381e-05
12-11-2024 11:17:21 - __main__ - <module> - INFO: Epoch 1 / 1, Step 153 / 163, Loss = 3.5377223492e+00, LR = 9.4185e-06
12-11-2024 11:17:28 - __main__ - <module> - INFO: Epoch 1 / 1, Step 154 / 163, Loss = 4.3355727196e+00, LR = 7.6386e-06
12-11-2024 11:17:35 - __main__ - <module> - INFO: Epoch 1 / 1, Step 155 / 163, Loss = 3.5156502724e+00, LR = 6.0423e-06
12-11-2024 11:17:42 - __main__ - <module> - INFO: Epoch 1 / 1, Step 156 / 163, Loss = 4.5279297829e+00, LR = 4.6310e-06
12-11-2024 11:17:48 - __main__ - <module> - INFO: Epoch 1 / 1, Step 157 / 163, Loss = 3.7710530758e+00, LR = 3.4057e-06
12-11-2024 11:17:55 - __main__ - <module> - INFO: Epoch 1 / 1, Step 158 / 163, Loss = 3.2249023914e+00, LR = 2.3673e-06
12-11-2024 11:18:01 - __main__ - <module> - INFO: Epoch 1 / 1, Step 159 / 163, Loss = 3.5259978771e+00, LR = 1.5167e-06
12-11-2024 11:18:08 - __main__ - <module> - INFO: Epoch 1 / 1, Step 160 / 163, Loss = 3.2792663574e+00, LR = 8.5438e-07
12-11-2024 11:18:15 - __main__ - <module> - INFO: Epoch 1 / 1, Step 161 / 163, Loss = 3.6364333630e+00, LR = 3.8095e-07
12-11-2024 11:18:22 - __main__ - <module> - INFO: Epoch 1 / 1, Step 162 / 163, Loss = 2.9570469856e+00, LR = 9.6757e-08
12-11-2024 11:18:25 - __main__ - <module> - INFO: Epoch 1 / 1, Step 163 / 163, Loss = 2.4323318005e+00, LR = 2.0000e-09
12-11-2024 11:18:25 - __main__ - <module> - INFO: Unfreezing earlier layers
12-11-2024 11:18:25 - __main__ - <module> - INFO: Starting Validation for epoch 1 / 1
12-11-2024 11:19:32 - __main__ - <module> - INFO: Validation Loss: 4.3600967498e+00
12-11-2024 11:19:32 - modules.visualize - save_plot_training_loss - INFO: Plot writen to ./logs/training_008/loss.png
12-11-2024 11:19:32 - __main__ - <module> - INFO: Training finished!
12-11-2024 11:19:32 - __main__ - <module> - INFO: Saved Model
12-11-2024 11:19:32 - __main__ - <module> - INFO: Starting Test Step...
12-11-2024 11:20:40 - __main__ - <module> - INFO: Test Loss: 4.1459270035e+00
12-11-2024 11:20:41 - modules.visualize - compareTimeDomainComplex - INFO: Saved comparison of random prediction and label to ./logs/training_008/random_prediction.png
12-11-2024 11:20:41 - __main__ - <module> - INFO: Determine the test sample with the lowest and highest loss, as well as the closest loss to the mean loss
12-11-2024 11:20:41 - __main__ - <module> - INFO: Create plot of the test value with the lowest loss
12-11-2024 11:20:41 - modules.visualize - compareTimeDomainComplex - INFO: Saved comparison of random prediction and label to ./prediction_min.png
12-11-2024 11:20:41 - __main__ - <module> - INFO: Create plot of the test value with the highest loss
12-11-2024 11:20:42 - modules.visualize - compareTimeDomainComplex - INFO: Saved comparison of random prediction and label to ./prediction_max.png
12-11-2024 11:20:42 - __main__ - <module> - INFO: Create plot of the closest test value to the mean loss
12-11-2024 11:20:42 - modules.visualize - compareTimeDomainComplex - INFO: Saved comparison of random prediction and label to ./prediction_mean.png
12-11-2024 11:20:42 - __main__ - <module> - INFO: Test Step finished!
