18-09-2024 12:41:14 - __main__ - <module> - INFO: Testing training grid_256_v3
18-09-2024 12:41:14 - __main__ - <module> - INFO: Writing into log file: ./logs/training_1.log
18-09-2024 12:41:14 - __main__ - <module> - INFO: Dataset used: /mnt/data/desy/frog_simulated/grid_256_v3/
18-09-2024 12:41:14 - __main__ - <module> - INFO: Spectrograms used: as_gn00.dat
18-09-2024 12:41:14 - __main__ - <module> - INFO: Size of output tensor: 256 elements
18-09-2024 12:41:14 - __main__ - <module> - INFO: Batch size: 10 elements
18-09-2024 12:41:14 - __main__ - <module> - INFO: Number of epochs: 5
18-09-2024 12:41:14 - __main__ - <module> - INFO: Initial learning rate: 0.001
18-09-2024 12:41:14 - __main__ - <module> - INFO: Only Pulses with PBDrms lower than 0.3 are used!
18-09-2024 12:41:14 - __main__ - <module> - INFO: Device used (cuda/cpu): cuda
18-09-2024 12:41:14 - __main__ - <module> - INFO: Loading Model...
18-09-2024 12:41:15 - __main__ - <module> - INFO: Freezing early layers!
18-09-2024 12:41:15 - __main__ - <module> - INFO: Loading Model finished!
18-09-2024 12:41:15 - __main__ - <module> - INFO: Loading Data...
18-09-2024 12:41:15 - __main__ - <module> - INFO: Size of dataset: 2029
18-09-2024 12:41:15 - __main__ - <module> - INFO: Size of training data:   1625
18-09-2024 12:41:15 - __main__ - <module> - INFO: Size of validation data: 202
18-09-2024 12:41:15 - __main__ - <module> - INFO: Size of test data:       202
18-09-2024 12:41:15 - __main__ - <module> - INFO: Finished loading data!
18-09-2024 12:41:15 - __main__ - <module> - INFO: Starting training...
18-09-2024 12:41:22 - __main__ - <module> - INFO: Epoch 1 / 5, Step 10 / 162, Loss = 1.2790952623e-01
18-09-2024 12:41:28 - __main__ - <module> - INFO: Epoch 1 / 5, Step 20 / 162, Loss = 9.6218071878e-02
18-09-2024 12:41:35 - __main__ - <module> - INFO: Epoch 1 / 5, Step 30 / 162, Loss = 9.2473141849e-02
18-09-2024 12:41:41 - __main__ - <module> - INFO: Epoch 1 / 5, Step 40 / 162, Loss = 1.0024514049e-01
18-09-2024 12:41:48 - __main__ - <module> - INFO: Epoch 1 / 5, Step 50 / 162, Loss = 1.0080822557e-01
18-09-2024 12:41:54 - __main__ - <module> - INFO: Epoch 1 / 5, Step 60 / 162, Loss = 7.0569597185e-02
18-09-2024 12:42:01 - __main__ - <module> - INFO: Epoch 1 / 5, Step 70 / 162, Loss = 3.8186382502e-02
18-09-2024 12:42:07 - __main__ - <module> - INFO: Epoch 1 / 5, Step 80 / 162, Loss = 3.9104666561e-02
18-09-2024 12:42:14 - __main__ - <module> - INFO: Epoch 1 / 5, Step 90 / 162, Loss = 3.7079069763e-02
18-09-2024 12:42:20 - __main__ - <module> - INFO: Epoch 1 / 5, Step 100 / 162, Loss = 3.3995088190e-02
18-09-2024 12:42:27 - __main__ - <module> - INFO: Epoch 1 / 5, Step 110 / 162, Loss = 3.5475399345e-02
18-09-2024 12:42:33 - __main__ - <module> - INFO: Epoch 1 / 5, Step 120 / 162, Loss = 3.7508077919e-02
18-09-2024 12:42:40 - __main__ - <module> - INFO: Epoch 1 / 5, Step 130 / 162, Loss = 2.3313531652e-02
18-09-2024 12:42:47 - __main__ - <module> - INFO: Epoch 1 / 5, Step 140 / 162, Loss = 4.1753116995e-02
18-09-2024 12:42:53 - __main__ - <module> - INFO: Epoch 1 / 5, Step 150 / 162, Loss = 4.2722076178e-02
18-09-2024 12:43:00 - __main__ - <module> - INFO: Epoch 1 / 5, Step 160 / 162, Loss = 7.5051911175e-02
18-09-2024 12:43:02 - __main__ - <module> - INFO: New learning rate: 0.0009000000000000001
18-09-2024 12:43:02 - __main__ - <module> - INFO: Starting Validation for epoch 1 / 5
18-09-2024 12:43:14 - __main__ - <module> - INFO: Validation Loss: 9.6568958745e-02
18-09-2024 12:43:21 - __main__ - <module> - INFO: Epoch 2 / 5, Step 10 / 162, Loss = 3.4454893321e-02
18-09-2024 12:43:27 - __main__ - <module> - INFO: Epoch 2 / 5, Step 20 / 162, Loss = 3.6187559366e-02
18-09-2024 12:43:34 - __main__ - <module> - INFO: Epoch 2 / 5, Step 30 / 162, Loss = 3.4256372601e-02
18-09-2024 12:43:41 - __main__ - <module> - INFO: Epoch 2 / 5, Step 40 / 162, Loss = 4.0813844651e-02
18-09-2024 12:43:47 - __main__ - <module> - INFO: Epoch 2 / 5, Step 50 / 162, Loss = 2.4769468233e-02
18-09-2024 12:43:54 - __main__ - <module> - INFO: Epoch 2 / 5, Step 60 / 162, Loss = 1.7965827137e-02
18-09-2024 12:44:00 - __main__ - <module> - INFO: Epoch 2 / 5, Step 70 / 162, Loss = 2.2329388186e-02
18-09-2024 12:44:07 - __main__ - <module> - INFO: Epoch 2 / 5, Step 80 / 162, Loss = 5.4671216756e-02
18-09-2024 12:44:13 - __main__ - <module> - INFO: Epoch 2 / 5, Step 90 / 162, Loss = 2.6867454872e-02
18-09-2024 12:44:20 - __main__ - <module> - INFO: Epoch 2 / 5, Step 100 / 162, Loss = 3.6393649876e-02
18-09-2024 12:44:26 - __main__ - <module> - INFO: Epoch 2 / 5, Step 110 / 162, Loss = 3.7225376815e-02
18-09-2024 12:44:33 - __main__ - <module> - INFO: Epoch 2 / 5, Step 120 / 162, Loss = 2.1147146821e-02
18-09-2024 12:44:39 - __main__ - <module> - INFO: Epoch 2 / 5, Step 130 / 162, Loss = 3.7804376334e-02
18-09-2024 12:44:46 - __main__ - <module> - INFO: Epoch 2 / 5, Step 140 / 162, Loss = 3.6250613630e-02
18-09-2024 12:44:52 - __main__ - <module> - INFO: Epoch 2 / 5, Step 150 / 162, Loss = 4.2736154050e-02
18-09-2024 12:44:59 - __main__ - <module> - INFO: Epoch 2 / 5, Step 160 / 162, Loss = 2.6660045609e-02
18-09-2024 12:45:00 - __main__ - <module> - INFO: New learning rate: 0.0008100000000000001
18-09-2024 12:45:00 - __main__ - <module> - INFO: Starting Validation for epoch 2 / 5
18-09-2024 12:45:13 - __main__ - <module> - INFO: Validation Loss: 7.5329437941e-02
18-09-2024 12:45:20 - __main__ - <module> - INFO: Epoch 3 / 5, Step 10 / 162, Loss = 2.6847070083e-02
18-09-2024 12:45:26 - __main__ - <module> - INFO: Epoch 3 / 5, Step 20 / 162, Loss = 2.8294909745e-02
18-09-2024 12:45:33 - __main__ - <module> - INFO: Epoch 3 / 5, Step 30 / 162, Loss = 4.2463138700e-02
18-09-2024 12:45:39 - __main__ - <module> - INFO: Epoch 3 / 5, Step 40 / 162, Loss = 3.1532663852e-02
18-09-2024 12:45:46 - __main__ - <module> - INFO: Epoch 3 / 5, Step 50 / 162, Loss = 2.4001894519e-02
18-09-2024 12:45:52 - __main__ - <module> - INFO: Epoch 3 / 5, Step 60 / 162, Loss = 2.7328291908e-02
18-09-2024 12:45:59 - __main__ - <module> - INFO: Epoch 3 / 5, Step 70 / 162, Loss = 3.1570594758e-02
18-09-2024 12:46:05 - __main__ - <module> - INFO: Epoch 3 / 5, Step 80 / 162, Loss = 3.6852534860e-02
18-09-2024 12:46:12 - __main__ - <module> - INFO: Epoch 3 / 5, Step 90 / 162, Loss = 3.5848196596e-02
18-09-2024 12:46:18 - __main__ - <module> - INFO: Epoch 3 / 5, Step 100 / 162, Loss = 2.5498628616e-02
18-09-2024 12:46:25 - __main__ - <module> - INFO: Epoch 3 / 5, Step 110 / 162, Loss = 2.8400151059e-02
18-09-2024 12:46:32 - __main__ - <module> - INFO: Epoch 3 / 5, Step 120 / 162, Loss = 2.0424768329e-02
18-09-2024 12:46:38 - __main__ - <module> - INFO: Epoch 3 / 5, Step 130 / 162, Loss = 4.1931029409e-02
18-09-2024 12:46:45 - __main__ - <module> - INFO: Epoch 3 / 5, Step 140 / 162, Loss = 3.6648470908e-02
18-09-2024 12:46:51 - __main__ - <module> - INFO: Epoch 3 / 5, Step 150 / 162, Loss = 2.3695020005e-02
18-09-2024 12:46:58 - __main__ - <module> - INFO: Epoch 3 / 5, Step 160 / 162, Loss = 3.2165586948e-02
18-09-2024 12:46:59 - __main__ - <module> - INFO: New learning rate: 0.000729
18-09-2024 12:46:59 - __main__ - <module> - INFO: Starting Validation for epoch 3 / 5
18-09-2024 12:47:12 - __main__ - <module> - INFO: Validation Loss: 6.0925966513e-02
18-09-2024 12:47:19 - __main__ - <module> - INFO: Epoch 4 / 5, Step 10 / 162, Loss = 2.9755329713e-02
18-09-2024 12:47:25 - __main__ - <module> - INFO: Epoch 4 / 5, Step 20 / 162, Loss = 3.4228537232e-02
18-09-2024 12:47:32 - __main__ - <module> - INFO: Epoch 4 / 5, Step 30 / 162, Loss = 1.6211247072e-02
18-09-2024 12:47:38 - __main__ - <module> - INFO: Epoch 4 / 5, Step 40 / 162, Loss = 2.1942695603e-02
18-09-2024 12:47:45 - __main__ - <module> - INFO: Epoch 4 / 5, Step 50 / 162, Loss = 2.7596527711e-02
18-09-2024 12:47:51 - __main__ - <module> - INFO: Epoch 4 / 5, Step 60 / 162, Loss = 2.5112912059e-02
18-09-2024 12:47:58 - __main__ - <module> - INFO: Epoch 4 / 5, Step 70 / 162, Loss = 2.5678018108e-02
18-09-2024 12:48:04 - __main__ - <module> - INFO: Epoch 4 / 5, Step 80 / 162, Loss = 1.8363215029e-02
18-09-2024 12:48:11 - __main__ - <module> - INFO: Epoch 4 / 5, Step 90 / 162, Loss = 3.7247423083e-02
18-09-2024 12:48:18 - __main__ - <module> - INFO: Epoch 4 / 5, Step 100 / 162, Loss = 2.3700591177e-02
18-09-2024 12:48:24 - __main__ - <module> - INFO: Epoch 4 / 5, Step 110 / 162, Loss = 1.9002625719e-02
18-09-2024 12:48:31 - __main__ - <module> - INFO: Epoch 4 / 5, Step 120 / 162, Loss = 4.3414562941e-02
18-09-2024 12:48:37 - __main__ - <module> - INFO: Epoch 4 / 5, Step 130 / 162, Loss = 2.3078864440e-02
18-09-2024 12:48:44 - __main__ - <module> - INFO: Epoch 4 / 5, Step 140 / 162, Loss = 3.3983714879e-02
18-09-2024 12:48:50 - __main__ - <module> - INFO: Epoch 4 / 5, Step 150 / 162, Loss = 2.2424597293e-02
18-09-2024 12:48:57 - __main__ - <module> - INFO: Epoch 4 / 5, Step 160 / 162, Loss = 1.6796162352e-02
18-09-2024 12:48:58 - __main__ - <module> - INFO: New learning rate: 0.0006561000000000001
18-09-2024 12:48:58 - __main__ - <module> - INFO: Starting Validation for epoch 4 / 5
18-09-2024 12:49:11 - __main__ - <module> - INFO: Validation Loss: 5.7543542458e-02
18-09-2024 12:49:18 - __main__ - <module> - INFO: Epoch 5 / 5, Step 10 / 162, Loss = 1.3995868154e-02
18-09-2024 12:49:24 - __main__ - <module> - INFO: Epoch 5 / 5, Step 20 / 162, Loss = 2.8066528961e-02
18-09-2024 12:49:31 - __main__ - <module> - INFO: Epoch 5 / 5, Step 30 / 162, Loss = 4.1497644037e-02
18-09-2024 12:49:37 - __main__ - <module> - INFO: Epoch 5 / 5, Step 40 / 162, Loss = 3.5386417061e-02
18-09-2024 12:49:44 - __main__ - <module> - INFO: Epoch 5 / 5, Step 50 / 162, Loss = 2.3586951196e-02
18-09-2024 12:49:50 - __main__ - <module> - INFO: Epoch 5 / 5, Step 60 / 162, Loss = 2.7800193056e-02
18-09-2024 12:49:57 - __main__ - <module> - INFO: Epoch 5 / 5, Step 70 / 162, Loss = 2.2542661056e-02
18-09-2024 12:50:03 - __main__ - <module> - INFO: Epoch 5 / 5, Step 80 / 162, Loss = 1.5687981620e-02
18-09-2024 12:50:10 - __main__ - <module> - INFO: Epoch 5 / 5, Step 90 / 162, Loss = 2.7242792770e-02
18-09-2024 12:50:17 - __main__ - <module> - INFO: Epoch 5 / 5, Step 100 / 162, Loss = 1.9130056724e-02
18-09-2024 12:50:23 - __main__ - <module> - INFO: Epoch 5 / 5, Step 110 / 162, Loss = 2.4293465540e-02
18-09-2024 12:50:30 - __main__ - <module> - INFO: Epoch 5 / 5, Step 120 / 162, Loss = 2.6534719393e-02
18-09-2024 12:50:36 - __main__ - <module> - INFO: Epoch 5 / 5, Step 130 / 162, Loss = 2.8498131782e-02
18-09-2024 12:50:43 - __main__ - <module> - INFO: Epoch 5 / 5, Step 140 / 162, Loss = 1.8291829154e-02
18-09-2024 12:50:49 - __main__ - <module> - INFO: Epoch 5 / 5, Step 150 / 162, Loss = 2.0285103470e-02
18-09-2024 12:50:56 - __main__ - <module> - INFO: Epoch 5 / 5, Step 160 / 162, Loss = 3.6205168813e-02
18-09-2024 12:50:57 - __main__ - <module> - INFO: Starting Validation for epoch 5 / 5
18-09-2024 12:51:10 - __main__ - <module> - INFO: Validation Loss: 5.4341266375e-02
18-09-2024 12:51:11 - visualize - save_plot_training_loss - INFO: Plot writen to ./logs/training_loss_1.png
18-09-2024 12:51:11 - __main__ - <module> - INFO: Training finished!
18-09-2024 12:51:11 - __main__ - <module> - INFO: Saved Model
18-09-2024 12:51:11 - __main__ - <module> - INFO: Starting Test Step...
18-09-2024 12:51:24 - __main__ - <module> - INFO: Test Loss: 3.6129678644e-02
18-09-2024 12:51:24 - visualize - compareTimeDomainComplex - INFO: Saved comparison of random prediction and label to ./plots/post_training_prediction_1.png
18-09-2024 12:51:24 - __main__ - <module> - INFO: Test Step finished!
