18-09-2024 14:46:30 - __main__ - <module> - INFO: Testing training grid_256_v3 - Reduced factor of intensity in loss function
18-09-2024 14:46:30 - __main__ - <module> - INFO: Writing into log file: ./logs/training_3.log
18-09-2024 14:46:30 - __main__ - <module> - INFO: Dataset used: /mnt/data/desy/frog_simulated/grid_256_v3/
18-09-2024 14:46:30 - __main__ - <module> - INFO: Spectrograms used: as_gn00.dat
18-09-2024 14:46:30 - __main__ - <module> - INFO: Size of output tensor: 256 elements
18-09-2024 14:46:30 - __main__ - <module> - INFO: Batch size: 10 elements
18-09-2024 14:46:30 - __main__ - <module> - INFO: Number of epochs: 5
18-09-2024 14:46:30 - __main__ - <module> - INFO: Initial learning rate: 0.001
18-09-2024 14:46:30 - __main__ - <module> - INFO: Only Pulses with PBDrms lower than 0.3 are used!
18-09-2024 14:46:31 - __main__ - <module> - INFO: Device used (cuda/cpu): cuda
18-09-2024 14:46:31 - __main__ - <module> - INFO: Loading Model...
18-09-2024 14:46:31 - __main__ - <module> - INFO: Freezing early layers!
18-09-2024 14:46:31 - __main__ - <module> - INFO: Loading Model finished!
18-09-2024 14:46:31 - __main__ - <module> - INFO: Loading Data...
18-09-2024 14:46:31 - __main__ - <module> - INFO: Size of dataset: 2029
18-09-2024 14:46:31 - __main__ - <module> - INFO: Size of training data:   1625
18-09-2024 14:46:31 - __main__ - <module> - INFO: Size of validation data: 202
18-09-2024 14:46:31 - __main__ - <module> - INFO: Size of test data:       202
18-09-2024 14:46:31 - __main__ - <module> - INFO: Finished loading data!
18-09-2024 14:46:31 - __main__ - <module> - INFO: Starting training...
