04-09-2024 11:58:04 - __main__ - <module> - INFO: Writing into log file: ./logs/training_2.log
04-09-2024 11:58:04 - __main__ - <module> - INFO: Dataset used: /mnt/data/desy/frog_simulated/grid_256/
04-09-2024 11:58:04 - __main__ - <module> - INFO: Noise level used: as.dat
04-09-2024 11:58:04 - __main__ - <module> - INFO: Size of output tensor: 256 elements
04-09-2024 11:58:04 - __main__ - <module> - INFO: Batch size: 10 elements
04-09-2024 11:58:04 - __main__ - <module> - INFO: Number of epochs: 2
04-09-2024 11:58:04 - __main__ - <module> - INFO: Initial learning rate: 0.0001
04-09-2024 11:58:04 - __main__ - <module> - INFO: Device used (cuda/cpu): cuda
04-09-2024 11:58:04 - __main__ - <module> - INFO: Loading Model...
04-09-2024 11:58:04 - __main__ - <module> - INFO: Loading Model finished!
04-09-2024 11:58:04 - __main__ - <module> - INFO: Loading Data...
04-09-2024 11:58:04 - __main__ - <module> - INFO: Size of dataset: 1000
04-09-2024 11:58:04 - __main__ - <module> - INFO: Size of training data:   800
04-09-2024 11:58:04 - __main__ - <module> - INFO: Size of validation data: 100
04-09-2024 11:58:04 - __main__ - <module> - INFO: Size of test data:       100
04-09-2024 11:58:04 - __main__ - <module> - INFO: Finished loading data!
04-09-2024 11:58:04 - __main__ - <module> - INFO: Starting training...
04-09-2024 11:58:12 - __main__ - <module> - INFO: Epoch 1 / 2, Step 10, Loss = 0.0092502404
04-09-2024 11:58:20 - __main__ - <module> - INFO: Epoch 1 / 2, Step 20, Loss = 0.0019394894
04-09-2024 11:58:28 - __main__ - <module> - INFO: Epoch 1 / 2, Step 30, Loss = 0.0006691475
04-09-2024 11:58:35 - __main__ - <module> - INFO: Epoch 1 / 2, Step 40, Loss = 0.0001844319
04-09-2024 11:58:43 - __main__ - <module> - INFO: Epoch 1 / 2, Step 50, Loss = 0.0000580860
04-09-2024 11:58:51 - __main__ - <module> - INFO: Epoch 1 / 2, Step 60, Loss = 0.0000189800
04-09-2024 11:58:58 - __main__ - <module> - INFO: Epoch 1 / 2, Step 70, Loss = 0.0000072725
04-09-2024 11:59:06 - __main__ - <module> - INFO: Epoch 1 / 2, Step 80, Loss = 0.0000025017
04-09-2024 11:59:06 - __main__ - <module> - INFO: New learning rate: [1e-05]
04-09-2024 11:59:06 - __main__ - <module> - INFO: Starting Validation for epoch 1 / 2
04-09-2024 11:59:12 - __main__ - <module> - INFO: Validation Loss: 0.0048467610
04-09-2024 11:59:20 - __main__ - <module> - INFO: Epoch 2 / 2, Step 10, Loss = 0.0000014722
04-09-2024 11:59:27 - __main__ - <module> - INFO: Epoch 2 / 2, Step 20, Loss = 0.0000006437
04-09-2024 11:59:35 - __main__ - <module> - INFO: Epoch 2 / 2, Step 30, Loss = 0.0000002394
04-09-2024 11:59:43 - __main__ - <module> - INFO: Epoch 2 / 2, Step 40, Loss = 0.0000000862
04-09-2024 11:59:50 - __main__ - <module> - INFO: Epoch 2 / 2, Step 50, Loss = 0.0000000324
04-09-2024 11:59:58 - __main__ - <module> - INFO: Epoch 2 / 2, Step 60, Loss = 0.0000000129
04-09-2024 12:00:06 - __main__ - <module> - INFO: Epoch 2 / 2, Step 70, Loss = 0.0000000051
04-09-2024 12:00:13 - __main__ - <module> - INFO: Epoch 2 / 2, Step 80, Loss = 0.0000000018
04-09-2024 12:00:13 - __main__ - <module> - INFO: New learning rate: [1.0000000000000002e-06]
04-09-2024 12:00:13 - __main__ - <module> - INFO: Starting Validation for epoch 2 / 2
04-09-2024 12:00:19 - __main__ - <module> - INFO: Validation Loss: 0.0000085162
04-09-2024 12:00:20 - visualize - save_plot_training_loss - INFO: Plot writen to ./logs/training_loss_2.png
04-09-2024 12:00:20 - __main__ - <module> - INFO: Saved plot of training loss! to ./logs/training_loss_2.png!
04-09-2024 12:00:20 - __main__ - <module> - INFO: Training finished!
04-09-2024 12:00:20 - __main__ - <module> - INFO: Saved Model
04-09-2024 12:00:20 - __main__ - <module> - INFO: Starting Test Step...
04-09-2024 12:00:26 - __main__ - <module> - INFO: Test Loss: 0.0000085162
04-09-2024 12:00:26 - visualize - compareTimeDomainComplex - INFO: Saved comparison of random prediction and label to ./random_test_prediction.png
04-09-2024 12:00:26 - __main__ - <module> - INFO: Test Step finished!
