11-09-2024 14:04:28 - __main__ - <module> - INFO: Writing into log file: ./logs/training_11.log
11-09-2024 14:04:28 - __main__ - <module> - INFO: Dataset used: /mnt/data/desy/frog_simulated/grid_256/
11-09-2024 14:04:28 - __main__ - <module> - INFO: Noise level used: as.dat
11-09-2024 14:04:28 - __main__ - <module> - INFO: Size of output tensor: 256 elements
11-09-2024 14:04:28 - __main__ - <module> - INFO: Batch size: 10 elements
11-09-2024 14:04:28 - __main__ - <module> - INFO: Number of epochs: 3
11-09-2024 14:04:28 - __main__ - <module> - INFO: Initial learning rate: 0.001
11-09-2024 14:04:28 - __main__ - <module> - INFO: Device used (cuda/cpu): cuda
11-09-2024 14:04:28 - __main__ - <module> - INFO: Loading Model...
11-09-2024 14:04:28 - __main__ - <module> - INFO: Loading Model finished!
11-09-2024 14:04:28 - __main__ - <module> - INFO: Loading Data...
11-09-2024 14:04:28 - __main__ - <module> - INFO: Size of dataset: 1000
11-09-2024 14:04:28 - __main__ - <module> - INFO: Size of training data:   800
11-09-2024 14:04:28 - __main__ - <module> - INFO: Size of validation data: 100
11-09-2024 14:04:28 - __main__ - <module> - INFO: Size of test data:       100
11-09-2024 14:04:28 - __main__ - <module> - INFO: Finished loading data!
11-09-2024 14:04:28 - __main__ - <module> - INFO: Starting training...
11-09-2024 14:04:37 - __main__ - <module> - INFO: Epoch 1 / 3, Step 10 / 80, Loss = 0.0145847518
11-09-2024 14:04:45 - __main__ - <module> - INFO: Epoch 1 / 3, Step 20 / 80, Loss = 0.0040317997
11-09-2024 14:04:53 - __main__ - <module> - INFO: Epoch 1 / 3, Step 30 / 80, Loss = 0.0012772974
11-09-2024 14:05:01 - __main__ - <module> - INFO: Epoch 1 / 3, Step 40 / 80, Loss = 0.0004666213
11-09-2024 14:05:09 - __main__ - <module> - INFO: Epoch 1 / 3, Step 50 / 80, Loss = 0.0001877964
11-09-2024 14:05:17 - __main__ - <module> - INFO: Epoch 1 / 3, Step 60 / 80, Loss = 0.0000630388
11-09-2024 14:05:25 - __main__ - <module> - INFO: Epoch 1 / 3, Step 70 / 80, Loss = 0.0000234554
11-09-2024 14:05:33 - __main__ - <module> - INFO: Epoch 1 / 3, Step 80 / 80, Loss = 0.0000077197
11-09-2024 14:05:33 - __main__ - <module> - INFO: New learning rate: 0.0005
11-09-2024 14:05:33 - __main__ - <module> - INFO: Starting Validation for epoch 1 / 3
11-09-2024 14:05:39 - __main__ - <module> - INFO: Validation Loss: 0.0051305224
11-09-2024 14:05:47 - __main__ - <module> - INFO: Epoch 2 / 3, Step 10 / 80, Loss = 0.0000024285
11-09-2024 14:05:55 - __main__ - <module> - INFO: Epoch 2 / 3, Step 20 / 80, Loss = 0.0000007482
11-09-2024 14:06:03 - __main__ - <module> - INFO: Epoch 2 / 3, Step 30 / 80, Loss = 0.0000002861
11-09-2024 14:06:11 - __main__ - <module> - INFO: Epoch 2 / 3, Step 40 / 80, Loss = 0.0000000954
11-09-2024 14:06:19 - __main__ - <module> - INFO: Epoch 2 / 3, Step 50 / 80, Loss = 0.0000000371
11-09-2024 14:06:27 - __main__ - <module> - INFO: Epoch 2 / 3, Step 60 / 80, Loss = 0.0000000121
11-09-2024 14:06:35 - __main__ - <module> - INFO: Epoch 2 / 3, Step 70 / 80, Loss = 0.0000000047
11-09-2024 14:06:43 - __main__ - <module> - INFO: Epoch 2 / 3, Step 80 / 80, Loss = 0.0000000016
11-09-2024 14:06:43 - __main__ - <module> - INFO: New learning rate: 0.00025
11-09-2024 14:06:43 - __main__ - <module> - INFO: Starting Validation for epoch 2 / 3
11-09-2024 14:06:49 - __main__ - <module> - INFO: Validation Loss: 0.0025652757
11-09-2024 14:06:57 - __main__ - <module> - INFO: Epoch 3 / 3, Step 10 / 80, Loss = 0.0000000005
11-09-2024 14:07:05 - __main__ - <module> - INFO: Epoch 3 / 3, Step 20 / 80, Loss = 0.0000000002
11-09-2024 14:07:13 - __main__ - <module> - INFO: Epoch 3 / 3, Step 30 / 80, Loss = 0.0000000000
11-09-2024 14:07:21 - __main__ - <module> - INFO: Epoch 3 / 3, Step 40 / 80, Loss = 0.0000000000
11-09-2024 14:07:29 - __main__ - <module> - INFO: Epoch 3 / 3, Step 50 / 80, Loss = 0.0000000000
11-09-2024 14:07:37 - __main__ - <module> - INFO: Epoch 3 / 3, Step 60 / 80, Loss = 0.0000000000
11-09-2024 14:07:45 - __main__ - <module> - INFO: Epoch 3 / 3, Step 70 / 80, Loss = 0.0000000000
11-09-2024 14:07:53 - __main__ - <module> - INFO: Epoch 3 / 3, Step 80 / 80, Loss = 0.0000000000
11-09-2024 14:07:53 - __main__ - <module> - INFO: Starting Validation for epoch 3 / 3
11-09-2024 14:08:00 - __main__ - <module> - INFO: Validation Loss: 0.0017101910
11-09-2024 14:08:00 - visualize - save_plot_training_loss - INFO: Plot writen to ./logs/training_loss_11.png
11-09-2024 14:08:00 - __main__ - <module> - INFO: Training finished!
11-09-2024 14:08:00 - __main__ - <module> - INFO: Saved Model
11-09-2024 14:08:00 - __main__ - <module> - INFO: Starting Test Step...
11-09-2024 14:08:06 - __main__ - <module> - INFO: Test Loss: 0.0000000217
11-09-2024 14:08:06 - visualize - compareTimeDomainComplex - INFO: Saved comparison of random prediction and label to ./random_test_prediction.png
11-09-2024 14:08:06 - __main__ - <module> - INFO: Test Step finished!
