02-08-2024 14:39:12 - __main__ - <module> - INFO: Size of Output Tensor: 512 Elements
02-08-2024 14:39:12 - __main__ - <module> - INFO: Batch Size: 10 Elements
02-08-2024 14:39:12 - __main__ - <module> - INFO: Number of Epochs: 1
02-08-2024 14:39:12 - __main__ - <module> - INFO: Learning Rate: 0.0001
02-08-2024 14:39:12 - __main__ - <module> - INFO: Device used (cuda/cpu): cuda
02-08-2024 14:39:12 - __main__ - <module> - INFO: Loading Model...
02-08-2024 14:39:13 - __main__ - <module> - INFO: Loading Model finished!
02-08-2024 14:39:13 - __main__ - <module> - INFO: Loading Data...
02-08-2024 14:39:13 - __main__ - <module> - INFO: Size of dataset: 1000
02-08-2024 14:39:13 - __main__ - <module> - INFO: Size of training data: 800
02-08-2024 14:39:13 - __main__ - <module> - INFO: Size of validation data: 100
02-08-2024 14:39:13 - __main__ - <module> - INFO: Size of test data: 100
02-08-2024 14:39:13 - __main__ - <module> - INFO: Loading Data finished!
02-08-2024 14:39:13 - __main__ - <module> - INFO: Starting Training...
02-08-2024 14:39:23 - __main__ - <module> - INFO: Epoch 1 / 1, Step 10 / 80, Loss = 2.0208361149
02-08-2024 14:39:32 - __main__ - <module> - INFO: Epoch 1 / 1, Step 20 / 80, Loss = 0.5851514935
02-08-2024 14:39:40 - __main__ - <module> - INFO: Epoch 1 / 1, Step 30 / 80, Loss = 0.2986529469
02-08-2024 14:39:48 - __main__ - <module> - INFO: Epoch 1 / 1, Step 40 / 80, Loss = 0.1401466429
02-08-2024 14:39:57 - __main__ - <module> - INFO: Epoch 1 / 1, Step 50 / 80, Loss = 0.0519224405
02-08-2024 14:40:05 - __main__ - <module> - INFO: Epoch 1 / 1, Step 60 / 80, Loss = 0.0149452016
02-08-2024 14:40:13 - __main__ - <module> - INFO: Epoch 1 / 1, Step 70 / 80, Loss = 0.0034267537
02-08-2024 14:40:22 - __main__ - <module> - INFO: Epoch 1 / 1, Step 80 / 80, Loss = 0.0009284991
02-08-2024 14:40:22 - __main__ - <module> - INFO: Saved plot of training loss!
02-08-2024 14:40:22 - __main__ - <module> - INFO: Training finished!
02-08-2024 14:40:22 - __main__ - <module> - INFO: Starting Validation...
02-08-2024 14:40:22 - __main__ - <module> - INFO: Validation finished!
