04-09-2024 13:09:55 - __main__ - <module> - INFO: Writing into log file: ./logs/training_3.log
04-09-2024 13:09:55 - __main__ - <module> - INFO: Dataset used: /mnt/data/desy/frog_simulated/grid_256/
04-09-2024 13:09:55 - __main__ - <module> - INFO: Noise level used: as.dat
04-09-2024 13:09:55 - __main__ - <module> - INFO: Size of output tensor: 256 elements
04-09-2024 13:09:55 - __main__ - <module> - INFO: Batch size: 10 elements
04-09-2024 13:09:55 - __main__ - <module> - INFO: Number of epochs: 3
04-09-2024 13:09:55 - __main__ - <module> - INFO: Initial learning rate: 0.001
04-09-2024 13:09:55 - __main__ - <module> - INFO: Device used (cuda/cpu): cuda
04-09-2024 13:09:55 - __main__ - <module> - INFO: Loading Model...
04-09-2024 13:09:55 - __main__ - <module> - INFO: Loading Model finished!
04-09-2024 13:09:55 - __main__ - <module> - INFO: Loading Data...
04-09-2024 13:09:55 - __main__ - <module> - INFO: Size of dataset: 1000
04-09-2024 13:09:55 - __main__ - <module> - INFO: Size of training data:   800
04-09-2024 13:09:55 - __main__ - <module> - INFO: Size of validation data: 100
04-09-2024 13:09:55 - __main__ - <module> - INFO: Size of test data:       100
04-09-2024 13:09:55 - __main__ - <module> - INFO: Finished loading data!
04-09-2024 13:09:55 - __main__ - <module> - INFO: Starting training...
04-09-2024 13:10:04 - __main__ - <module> - INFO: Epoch 1 / 3, Step 10, Loss = 0.0120128198
04-09-2024 13:10:11 - __main__ - <module> - INFO: Epoch 1 / 3, Step 20, Loss = 0.0048097111
04-09-2024 13:10:19 - __main__ - <module> - INFO: Epoch 1 / 3, Step 30, Loss = 0.0025199011
04-09-2024 13:10:27 - __main__ - <module> - INFO: Epoch 1 / 3, Step 40, Loss = 0.0015085203
04-09-2024 13:10:35 - __main__ - <module> - INFO: Epoch 1 / 3, Step 50, Loss = 0.0008376503
04-09-2024 13:10:42 - __main__ - <module> - INFO: Epoch 1 / 3, Step 60, Loss = 0.0004786303
04-09-2024 13:10:50 - __main__ - <module> - INFO: Epoch 1 / 3, Step 70, Loss = 0.0003346167
04-09-2024 13:10:58 - __main__ - <module> - INFO: Epoch 1 / 3, Step 80, Loss = 0.0002214307
04-09-2024 13:10:58 - __main__ - <module> - INFO: New learning rate: [0.0001]
04-09-2024 13:10:58 - __main__ - <module> - INFO: Starting Validation for epoch 1 / 3
04-09-2024 13:11:04 - __main__ - <module> - INFO: Validation Loss: 0.0119841089
04-09-2024 13:11:12 - __main__ - <module> - INFO: Epoch 2 / 3, Step 10, Loss = 0.0002018462
04-09-2024 13:11:19 - __main__ - <module> - INFO: Epoch 2 / 3, Step 20, Loss = 0.0001912062
04-09-2024 13:11:27 - __main__ - <module> - INFO: Epoch 2 / 3, Step 30, Loss = 0.0001816015
04-09-2024 13:11:35 - __main__ - <module> - INFO: Epoch 2 / 3, Step 40, Loss = 0.0001727654
04-09-2024 13:11:43 - __main__ - <module> - INFO: Epoch 2 / 3, Step 50, Loss = 0.0001643515
04-09-2024 13:11:50 - __main__ - <module> - INFO: Epoch 2 / 3, Step 60, Loss = 0.0001562648
04-09-2024 13:11:58 - __main__ - <module> - INFO: Epoch 2 / 3, Step 70, Loss = 0.0001484670
04-09-2024 13:12:06 - __main__ - <module> - INFO: Epoch 2 / 3, Step 80, Loss = 0.0001409727
04-09-2024 13:12:06 - __main__ - <module> - INFO: New learning rate: [1e-05]
04-09-2024 13:12:06 - __main__ - <module> - INFO: Starting Validation for epoch 2 / 3
04-09-2024 13:12:12 - __main__ - <module> - INFO: Validation Loss: 0.0001413707
04-09-2024 13:12:20 - __main__ - <module> - INFO: Epoch 3 / 3, Step 10, Loss = 0.0001395840
04-09-2024 13:12:27 - __main__ - <module> - INFO: Epoch 3 / 3, Step 20, Loss = 0.0001388468
04-09-2024 13:12:35 - __main__ - <module> - INFO: Epoch 3 / 3, Step 30, Loss = 0.0001380972
04-09-2024 13:12:43 - __main__ - <module> - INFO: Epoch 3 / 3, Step 40, Loss = 0.0001373338
04-09-2024 13:12:51 - __main__ - <module> - INFO: Epoch 3 / 3, Step 50, Loss = 0.0001365568
04-09-2024 13:12:59 - __main__ - <module> - INFO: Epoch 3 / 3, Step 60, Loss = 0.0001357665
04-09-2024 13:13:06 - __main__ - <module> - INFO: Epoch 3 / 3, Step 70, Loss = 0.0001349639
04-09-2024 13:13:14 - __main__ - <module> - INFO: Epoch 3 / 3, Step 80, Loss = 0.0001341496
04-09-2024 13:13:14 - __main__ - <module> - INFO: New learning rate: [1.0000000000000002e-06]
04-09-2024 13:13:14 - __main__ - <module> - INFO: Starting Validation for epoch 3 / 3
04-09-2024 13:13:20 - __main__ - <module> - INFO: Validation Loss: 0.0001337817
04-09-2024 13:13:20 - visualize - save_plot_training_loss - INFO: Plot writen to ./logs/training_loss_3.png
04-09-2024 13:13:20 - __main__ - <module> - INFO: Saved plot of training loss! to ./logs/training_loss_3.png!
04-09-2024 13:13:20 - __main__ - <module> - INFO: Training finished!
04-09-2024 13:13:20 - __main__ - <module> - INFO: Saved Model
04-09-2024 13:13:20 - __main__ - <module> - INFO: Starting Test Step...
04-09-2024 13:13:26 - __main__ - <module> - INFO: Test Loss: 0.0001337817
04-09-2024 13:13:27 - visualize - compareTimeDomain - INFO: Saved comparison of random prediction and label to ./random_test_prediction.png
04-09-2024 13:13:27 - __main__ - <module> - INFO: Test Step finished!
