17-09-2024 15:24:06 - __main__ - <module> - INFO: Writing into log file: ./logs/training_25.log
17-09-2024 15:24:06 - __main__ - <module> - INFO: Dataset used: /mnt/data/desy/frog_simulated/grid_256_v3/
17-09-2024 15:24:06 - __main__ - <module> - INFO: Spectrograms used: as_gn00.dat
17-09-2024 15:24:06 - __main__ - <module> - INFO: Size of output tensor: 256 elements
17-09-2024 15:24:06 - __main__ - <module> - INFO: Batch size: 10 elements
17-09-2024 15:24:06 - __main__ - <module> - INFO: Number of epochs: 20
17-09-2024 15:24:06 - __main__ - <module> - INFO: Initial learning rate: 0.01
17-09-2024 15:24:06 - __main__ - <module> - INFO: Only Pulses with PBDrms lower than 0.5 are used!
17-09-2024 15:24:06 - __main__ - <module> - INFO: Device used (cuda/cpu): cuda
17-09-2024 15:24:06 - __main__ - <module> - INFO: Loading Model...
17-09-2024 15:24:07 - __main__ - <module> - INFO: Freezing early layers!
17-09-2024 15:24:07 - __main__ - <module> - INFO: Loading Model finished!
17-09-2024 15:24:07 - __main__ - <module> - INFO: Loading Data...
17-09-2024 15:24:07 - __main__ - <module> - INFO: Size of dataset: 3510
17-09-2024 15:24:07 - __main__ - <module> - INFO: Size of training data:   2808
17-09-2024 15:24:07 - __main__ - <module> - INFO: Size of validation data: 351
17-09-2024 15:24:07 - __main__ - <module> - INFO: Size of test data:       351
17-09-2024 15:24:07 - __main__ - <module> - INFO: Finished loading data!
17-09-2024 15:24:07 - __main__ - <module> - INFO: Starting training...
17-09-2024 15:24:14 - __main__ - <module> - INFO: Epoch 1 / 20, Step 10 / 280, Loss = 1.6451719666e+02
17-09-2024 15:24:20 - __main__ - <module> - INFO: Epoch 1 / 20, Step 20 / 280, Loss = 1.6500761414e+02
17-09-2024 15:24:27 - __main__ - <module> - INFO: Epoch 1 / 20, Step 30 / 280, Loss = 1.6563505554e+02
17-09-2024 15:24:33 - __main__ - <module> - INFO: Epoch 1 / 20, Step 40 / 280, Loss = 1.6561003113e+02
17-09-2024 15:24:40 - __main__ - <module> - INFO: Epoch 1 / 20, Step 50 / 280, Loss = 1.6890734863e+02
