17-09-2024 15:24:56 - __main__ - <module> - INFO: Writing into log file: ./logs/training_26.log
17-09-2024 15:24:56 - __main__ - <module> - INFO: Dataset used: /mnt/data/desy/frog_simulated/grid_256_v3/
17-09-2024 15:24:56 - __main__ - <module> - INFO: Spectrograms used: as_gn00.dat
17-09-2024 15:24:56 - __main__ - <module> - INFO: Size of output tensor: 256 elements
17-09-2024 15:24:56 - __main__ - <module> - INFO: Batch size: 10 elements
17-09-2024 15:24:56 - __main__ - <module> - INFO: Number of epochs: 20
17-09-2024 15:24:56 - __main__ - <module> - INFO: Initial learning rate: 0.001
17-09-2024 15:24:56 - __main__ - <module> - INFO: Only Pulses with PBDrms lower than 0.5 are used!
17-09-2024 15:24:56 - __main__ - <module> - INFO: Device used (cuda/cpu): cuda
17-09-2024 15:24:56 - __main__ - <module> - INFO: Loading Model...
17-09-2024 15:24:56 - __main__ - <module> - INFO: Freezing early layers!
17-09-2024 15:24:56 - __main__ - <module> - INFO: Loading Model finished!
17-09-2024 15:24:56 - __main__ - <module> - INFO: Loading Data...
17-09-2024 15:24:57 - __main__ - <module> - INFO: Size of dataset: 3510
17-09-2024 15:24:57 - __main__ - <module> - INFO: Size of training data:   2808
17-09-2024 15:24:57 - __main__ - <module> - INFO: Size of validation data: 351
17-09-2024 15:24:57 - __main__ - <module> - INFO: Size of test data:       351
17-09-2024 15:24:57 - __main__ - <module> - INFO: Finished loading data!
17-09-2024 15:24:57 - __main__ - <module> - INFO: Starting training...
17-09-2024 15:25:04 - __main__ - <module> - INFO: Epoch 1 / 20, Step 10 / 280, Loss = 4.0710781097e+01
17-09-2024 15:25:10 - __main__ - <module> - INFO: Epoch 1 / 20, Step 20 / 280, Loss = 3.3291042328e+01
17-09-2024 15:25:17 - __main__ - <module> - INFO: Epoch 1 / 20, Step 30 / 280, Loss = 3.3528316498e+01
17-09-2024 15:25:23 - __main__ - <module> - INFO: Epoch 1 / 20, Step 40 / 280, Loss = 3.2260898590e+01
17-09-2024 15:25:30 - __main__ - <module> - INFO: Epoch 1 / 20, Step 50 / 280, Loss = 3.1892889023e+01
17-09-2024 15:25:36 - __main__ - <module> - INFO: Epoch 1 / 20, Step 60 / 280, Loss = 3.2647003174e+01
17-09-2024 15:25:43 - __main__ - <module> - INFO: Epoch 1 / 20, Step 70 / 280, Loss = 3.1404571533e+01
17-09-2024 15:25:49 - __main__ - <module> - INFO: Epoch 1 / 20, Step 80 / 280, Loss = 3.2745716095e+01
17-09-2024 15:25:56 - __main__ - <module> - INFO: Epoch 1 / 20, Step 90 / 280, Loss = 3.1093534470e+01
17-09-2024 15:26:02 - __main__ - <module> - INFO: Epoch 1 / 20, Step 100 / 280, Loss = 3.0972339630e+01
17-09-2024 15:26:09 - __main__ - <module> - INFO: Epoch 1 / 20, Step 110 / 280, Loss = 3.2584911346e+01
17-09-2024 15:26:16 - __main__ - <module> - INFO: Epoch 1 / 20, Step 120 / 280, Loss = 2.9777837753e+01
17-09-2024 15:26:22 - __main__ - <module> - INFO: Epoch 1 / 20, Step 130 / 280, Loss = 3.3832550049e+01
