02-08-2024 14:06:23 - __main__ - <module> - INFO: Size of Output Tensor: 512 Elements
02-08-2024 14:06:23 - __main__ - <module> - INFO: Batch Size: 10 Elements
02-08-2024 14:06:23 - __main__ - <module> - INFO: Number of Epochs: 2
02-08-2024 14:06:23 - __main__ - <module> - INFO: Learning Rate: 0.0001
02-08-2024 14:06:23 - __main__ - <module> - INFO: Device used (cuda/cpu): cuda
02-08-2024 14:06:23 - __main__ - <module> - INFO: Loading Model...
02-08-2024 14:06:25 - __main__ - <module> - INFO: Loading Model finished!
02-08-2024 14:06:25 - __main__ - <module> - INFO: Loading Data...
02-08-2024 14:06:25 - __main__ - <module> - INFO: Size of dataset: 1000
02-08-2024 14:06:25 - __main__ - <module> - INFO: Size of training data: 800
02-08-2024 14:06:25 - __main__ - <module> - INFO: Size of validation data: 100
02-08-2024 14:06:25 - __main__ - <module> - INFO: Size of test data: 100
02-08-2024 14:06:25 - __main__ - <module> - INFO: Loading Data finished!
02-08-2024 14:06:25 - __main__ - <module> - INFO: Starting Training...
02-08-2024 14:06:35 - __main__ - <module> - INFO: Epoch 1 / 2, Step 10 / 80, Loss = 2.4976003170
02-08-2024 14:06:44 - __main__ - <module> - INFO: Epoch 1 / 2, Step 20 / 80, Loss = 0.7510868907
02-08-2024 14:06:52 - __main__ - <module> - INFO: Epoch 1 / 2, Step 30 / 80, Loss = 0.3527289331
02-08-2024 14:07:00 - __main__ - <module> - INFO: Epoch 1 / 2, Step 40 / 80, Loss = 0.1421926320
02-08-2024 14:07:08 - __main__ - <module> - INFO: Epoch 1 / 2, Step 50 / 80, Loss = 0.0466199778
02-08-2024 14:07:17 - __main__ - <module> - INFO: Epoch 1 / 2, Step 60 / 80, Loss = 0.0130162332
02-08-2024 14:07:25 - __main__ - <module> - INFO: Epoch 1 / 2, Step 70 / 80, Loss = 0.0032560856
02-08-2024 14:07:33 - __main__ - <module> - INFO: Epoch 1 / 2, Step 80 / 80, Loss = 0.0010319407
02-08-2024 14:07:42 - __main__ - <module> - INFO: Epoch 2 / 2, Step 10 / 80, Loss = 0.0004052115
02-08-2024 14:07:50 - __main__ - <module> - INFO: Epoch 2 / 2, Step 20 / 80, Loss = 0.0001566151
02-08-2024 14:07:58 - __main__ - <module> - INFO: Epoch 2 / 2, Step 30 / 80, Loss = 0.0000575360
02-08-2024 14:08:07 - __main__ - <module> - INFO: Epoch 2 / 2, Step 40 / 80, Loss = 0.0000198363
02-08-2024 14:08:15 - __main__ - <module> - INFO: Epoch 2 / 2, Step 50 / 80, Loss = 0.0000067471
02-08-2024 14:08:24 - __main__ - <module> - INFO: Epoch 2 / 2, Step 60 / 80, Loss = 0.0000023776
02-08-2024 14:08:32 - __main__ - <module> - INFO: Epoch 2 / 2, Step 70 / 80, Loss = 0.0000008245
02-08-2024 14:08:40 - __main__ - <module> - INFO: Epoch 2 / 2, Step 80 / 80, Loss = 0.0000002980
02-08-2024 14:08:40 - __main__ - <module> - INFO: Saved plot of training loss!
02-08-2024 14:08:40 - __main__ - <module> - INFO: Training finished!
02-08-2024 14:08:40 - __main__ - <module> - INFO: Starting Validation...
02-08-2024 14:08:41 - __main__ - <module> - INFO: Validation finished!
