17-09-2024 17:23:30 - __main__ - <module> - INFO: Writing into log file: ./logs/training_28.log
17-09-2024 17:23:30 - __main__ - <module> - INFO: Dataset used: /mnt/data/desy/frog_simulated/grid_256_v3/
17-09-2024 17:23:30 - __main__ - <module> - INFO: Spectrograms used: as_gn00.dat
17-09-2024 17:23:30 - __main__ - <module> - INFO: Size of output tensor: 256 elements
17-09-2024 17:23:30 - __main__ - <module> - INFO: Batch size: 10 elements
17-09-2024 17:23:30 - __main__ - <module> - INFO: Number of epochs: 20
17-09-2024 17:23:30 - __main__ - <module> - INFO: Initial learning rate: 0.001
17-09-2024 17:23:30 - __main__ - <module> - INFO: Only Pulses with PBDrms lower than 0.5 are used!
17-09-2024 17:23:31 - __main__ - <module> - INFO: Device used (cuda/cpu): cuda
17-09-2024 17:23:31 - __main__ - <module> - INFO: Loading Model...
17-09-2024 17:23:31 - __main__ - <module> - INFO: Freezing early layers!
17-09-2024 17:23:31 - __main__ - <module> - INFO: Loading Model finished!
17-09-2024 17:23:31 - __main__ - <module> - INFO: Loading Data...
17-09-2024 17:23:31 - __main__ - <module> - INFO: Size of dataset: 3510
17-09-2024 17:23:31 - __main__ - <module> - INFO: Size of training data:   2808
17-09-2024 17:23:31 - __main__ - <module> - INFO: Size of validation data: 351
17-09-2024 17:23:31 - __main__ - <module> - INFO: Size of test data:       351
17-09-2024 17:23:31 - __main__ - <module> - INFO: Finished loading data!
17-09-2024 17:23:31 - __main__ - <module> - INFO: Starting training...
17-09-2024 17:23:38 - __main__ - <module> - INFO: Epoch 1 / 20, Step 10 / 280, Loss = 1.3657678664e-01
17-09-2024 17:23:44 - __main__ - <module> - INFO: Epoch 1 / 20, Step 20 / 280, Loss = 1.3855955005e-01
17-09-2024 17:23:50 - __main__ - <module> - INFO: Epoch 1 / 20, Step 30 / 280, Loss = 7.9758666456e-02
17-09-2024 17:23:56 - __main__ - <module> - INFO: Epoch 1 / 20, Step 40 / 280, Loss = 1.0872330517e-01
17-09-2024 17:24:03 - __main__ - <module> - INFO: Epoch 1 / 20, Step 50 / 280, Loss = 6.9988548756e-02
17-09-2024 17:24:09 - __main__ - <module> - INFO: Epoch 1 / 20, Step 60 / 280, Loss = 6.6165648401e-02
17-09-2024 17:24:15 - __main__ - <module> - INFO: Epoch 1 / 20, Step 70 / 280, Loss = 6.3509583473e-02
17-09-2024 17:24:21 - __main__ - <module> - INFO: Epoch 1 / 20, Step 80 / 280, Loss = 6.6911660135e-02
17-09-2024 17:24:28 - __main__ - <module> - INFO: Epoch 1 / 20, Step 90 / 280, Loss = 4.9697507173e-02
17-09-2024 17:24:34 - __main__ - <module> - INFO: Epoch 1 / 20, Step 100 / 280, Loss = 7.0938572288e-02
17-09-2024 17:24:41 - __main__ - <module> - INFO: Epoch 1 / 20, Step 110 / 280, Loss = 5.5562254041e-02
17-09-2024 17:24:47 - __main__ - <module> - INFO: Epoch 1 / 20, Step 120 / 280, Loss = 6.6830433905e-02
17-09-2024 17:24:53 - __main__ - <module> - INFO: Epoch 1 / 20, Step 130 / 280, Loss = 1.0355974734e-01
17-09-2024 17:25:00 - __main__ - <module> - INFO: Epoch 1 / 20, Step 140 / 280, Loss = 4.1455477476e-02
17-09-2024 17:25:06 - __main__ - <module> - INFO: Epoch 1 / 20, Step 150 / 280, Loss = 4.5111056417e-02
17-09-2024 17:25:12 - __main__ - <module> - INFO: Epoch 1 / 20, Step 160 / 280, Loss = 5.6162666529e-02
17-09-2024 17:25:19 - __main__ - <module> - INFO: Epoch 1 / 20, Step 170 / 280, Loss = 3.8388643414e-02
17-09-2024 17:25:25 - __main__ - <module> - INFO: Epoch 1 / 20, Step 180 / 280, Loss = 3.7820994854e-02
17-09-2024 17:25:31 - __main__ - <module> - INFO: Epoch 1 / 20, Step 190 / 280, Loss = 4.5612819493e-02
17-09-2024 17:25:38 - __main__ - <module> - INFO: Epoch 1 / 20, Step 200 / 280, Loss = 4.9215234816e-02
17-09-2024 17:25:44 - __main__ - <module> - INFO: Epoch 1 / 20, Step 210 / 280, Loss = 7.3049478233e-02
17-09-2024 17:25:50 - __main__ - <module> - INFO: Epoch 1 / 20, Step 220 / 280, Loss = 5.3727447987e-02
17-09-2024 17:25:57 - __main__ - <module> - INFO: Epoch 1 / 20, Step 230 / 280, Loss = 4.6867337078e-02
17-09-2024 17:26:03 - __main__ - <module> - INFO: Epoch 1 / 20, Step 240 / 280, Loss = 3.2391276211e-02
17-09-2024 17:26:10 - __main__ - <module> - INFO: Epoch 1 / 20, Step 250 / 280, Loss = 5.6606989354e-02
17-09-2024 17:26:16 - __main__ - <module> - INFO: Epoch 1 / 20, Step 260 / 280, Loss = 4.7117169946e-02
17-09-2024 17:26:23 - __main__ - <module> - INFO: Epoch 1 / 20, Step 270 / 280, Loss = 4.8787586391e-02
17-09-2024 17:26:29 - __main__ - <module> - INFO: Epoch 1 / 20, Step 280 / 280, Loss = 3.4966982901e-02
17-09-2024 17:26:30 - __main__ - <module> - INFO: New learning rate: 0.0009000000000000001
17-09-2024 17:26:30 - __main__ - <module> - INFO: Starting Validation for epoch 1 / 20
17-09-2024 17:26:52 - __main__ - <module> - INFO: Validation Loss: 3.9251223776e-02
17-09-2024 17:26:58 - __main__ - <module> - INFO: Epoch 2 / 20, Step 10 / 280, Loss = 3.3347819000e-02
17-09-2024 17:27:05 - __main__ - <module> - INFO: Epoch 2 / 20, Step 20 / 280, Loss = 3.2969918102e-02
17-09-2024 17:27:11 - __main__ - <module> - INFO: Epoch 2 / 20, Step 30 / 280, Loss = 3.8972884417e-02
17-09-2024 17:27:18 - __main__ - <module> - INFO: Epoch 2 / 20, Step 40 / 280, Loss = 4.7182656825e-02
17-09-2024 17:27:24 - __main__ - <module> - INFO: Epoch 2 / 20, Step 50 / 280, Loss = 5.9824582189e-02
17-09-2024 17:27:31 - __main__ - <module> - INFO: Epoch 2 / 20, Step 60 / 280, Loss = 2.1563135087e-02
17-09-2024 17:27:37 - __main__ - <module> - INFO: Epoch 2 / 20, Step 70 / 280, Loss = 4.6967655420e-02
17-09-2024 17:27:44 - __main__ - <module> - INFO: Epoch 2 / 20, Step 80 / 280, Loss = 3.9209555835e-02
17-09-2024 17:27:50 - __main__ - <module> - INFO: Epoch 2 / 20, Step 90 / 280, Loss = 3.9519075304e-02
17-09-2024 17:27:57 - __main__ - <module> - INFO: Epoch 2 / 20, Step 100 / 280, Loss = 4.2565397918e-02
17-09-2024 17:28:03 - __main__ - <module> - INFO: Epoch 2 / 20, Step 110 / 280, Loss = 3.9700489491e-02
17-09-2024 17:28:10 - __main__ - <module> - INFO: Epoch 2 / 20, Step 120 / 280, Loss = 2.4764286354e-02
17-09-2024 17:28:16 - __main__ - <module> - INFO: Epoch 2 / 20, Step 130 / 280, Loss = 3.0920634046e-02
17-09-2024 17:28:23 - __main__ - <module> - INFO: Epoch 2 / 20, Step 140 / 280, Loss = 3.4297972918e-02
17-09-2024 17:28:30 - __main__ - <module> - INFO: Epoch 2 / 20, Step 150 / 280, Loss = 2.9489407316e-02
17-09-2024 17:28:36 - __main__ - <module> - INFO: Epoch 2 / 20, Step 160 / 280, Loss = 3.9270456880e-02
17-09-2024 17:28:43 - __main__ - <module> - INFO: Epoch 2 / 20, Step 170 / 280, Loss = 5.4314941168e-02
17-09-2024 17:28:49 - __main__ - <module> - INFO: Epoch 2 / 20, Step 180 / 280, Loss = 4.7743894160e-02
17-09-2024 17:28:56 - __main__ - <module> - INFO: Epoch 2 / 20, Step 190 / 280, Loss = 5.9051852673e-02
17-09-2024 17:29:02 - __main__ - <module> - INFO: Epoch 2 / 20, Step 200 / 280, Loss = 4.4753815979e-02
17-09-2024 17:29:09 - __main__ - <module> - INFO: Epoch 2 / 20, Step 210 / 280, Loss = 4.0789477527e-02
17-09-2024 17:29:15 - __main__ - <module> - INFO: Epoch 2 / 20, Step 220 / 280, Loss = 7.2681404650e-02
17-09-2024 17:29:22 - __main__ - <module> - INFO: Epoch 2 / 20, Step 230 / 280, Loss = 4.5504171401e-02
17-09-2024 17:29:28 - __main__ - <module> - INFO: Epoch 2 / 20, Step 240 / 280, Loss = 3.1115788966e-02
17-09-2024 17:29:35 - __main__ - <module> - INFO: Epoch 2 / 20, Step 250 / 280, Loss = 9.2704281211e-02
17-09-2024 17:29:42 - __main__ - <module> - INFO: Epoch 2 / 20, Step 260 / 280, Loss = 2.9851261526e-02
17-09-2024 17:29:48 - __main__ - <module> - INFO: Epoch 2 / 20, Step 270 / 280, Loss = 2.1208768710e-02
17-09-2024 17:29:55 - __main__ - <module> - INFO: Epoch 2 / 20, Step 280 / 280, Loss = 2.5305559859e-02
17-09-2024 17:29:55 - __main__ - <module> - INFO: New learning rate: 0.0008100000000000001
17-09-2024 17:29:55 - __main__ - <module> - INFO: Starting Validation for epoch 2 / 20
17-09-2024 17:30:18 - __main__ - <module> - INFO: Validation Loss: 3.8439732278e-02
17-09-2024 17:30:24 - __main__ - <module> - INFO: Epoch 3 / 20, Step 10 / 280, Loss = 4.0169354528e-02
17-09-2024 17:30:31 - __main__ - <module> - INFO: Epoch 3 / 20, Step 20 / 280, Loss = 3.3100139350e-02
17-09-2024 17:30:37 - __main__ - <module> - INFO: Epoch 3 / 20, Step 30 / 280, Loss = 3.2330814749e-02
17-09-2024 17:30:44 - __main__ - <module> - INFO: Epoch 3 / 20, Step 40 / 280, Loss = 4.7896709293e-02
17-09-2024 17:30:50 - __main__ - <module> - INFO: Epoch 3 / 20, Step 50 / 280, Loss = 4.6553600580e-02
17-09-2024 17:30:57 - __main__ - <module> - INFO: Epoch 3 / 20, Step 60 / 280, Loss = 5.1138807088e-02
17-09-2024 17:31:03 - __main__ - <module> - INFO: Epoch 3 / 20, Step 70 / 280, Loss = 4.4390100986e-02
17-09-2024 17:31:10 - __main__ - <module> - INFO: Epoch 3 / 20, Step 80 / 280, Loss = 4.8092540354e-02
17-09-2024 17:31:16 - __main__ - <module> - INFO: Epoch 3 / 20, Step 90 / 280, Loss = 4.6719867736e-02
17-09-2024 17:31:23 - __main__ - <module> - INFO: Epoch 3 / 20, Step 100 / 280, Loss = 2.8428509831e-02
17-09-2024 17:31:29 - __main__ - <module> - INFO: Epoch 3 / 20, Step 110 / 280, Loss = 7.7191956341e-02
17-09-2024 17:31:36 - __main__ - <module> - INFO: Epoch 3 / 20, Step 120 / 280, Loss = 4.4205665588e-02
17-09-2024 17:31:42 - __main__ - <module> - INFO: Epoch 3 / 20, Step 130 / 280, Loss = 3.2409757376e-02
17-09-2024 17:31:49 - __main__ - <module> - INFO: Epoch 3 / 20, Step 140 / 280, Loss = 2.1225307137e-02
17-09-2024 17:31:56 - __main__ - <module> - INFO: Epoch 3 / 20, Step 150 / 280, Loss = 3.6979462951e-02
17-09-2024 17:32:02 - __main__ - <module> - INFO: Epoch 3 / 20, Step 160 / 280, Loss = 3.6215085536e-02
17-09-2024 17:32:09 - __main__ - <module> - INFO: Epoch 3 / 20, Step 170 / 280, Loss = 5.9250544757e-02
17-09-2024 17:32:15 - __main__ - <module> - INFO: Epoch 3 / 20, Step 180 / 280, Loss = 2.3418856785e-02
17-09-2024 17:32:22 - __main__ - <module> - INFO: Epoch 3 / 20, Step 190 / 280, Loss = 4.2416378856e-02
17-09-2024 17:32:28 - __main__ - <module> - INFO: Epoch 3 / 20, Step 200 / 280, Loss = 4.9069058150e-02
17-09-2024 17:32:35 - __main__ - <module> - INFO: Epoch 3 / 20, Step 210 / 280, Loss = 5.6496735662e-02
17-09-2024 17:32:41 - __main__ - <module> - INFO: Epoch 3 / 20, Step 220 / 280, Loss = 4.6119038016e-02
17-09-2024 17:32:48 - __main__ - <module> - INFO: Epoch 3 / 20, Step 230 / 280, Loss = 2.9921025038e-02
17-09-2024 17:32:54 - __main__ - <module> - INFO: Epoch 3 / 20, Step 240 / 280, Loss = 5.0471849740e-02
17-09-2024 17:33:01 - __main__ - <module> - INFO: Epoch 3 / 20, Step 250 / 280, Loss = 3.7295475602e-02
17-09-2024 17:33:07 - __main__ - <module> - INFO: Epoch 3 / 20, Step 260 / 280, Loss = 2.6719808578e-02
17-09-2024 17:33:13 - __main__ - <module> - INFO: Epoch 3 / 20, Step 270 / 280, Loss = 2.8280019760e-02
17-09-2024 17:33:20 - __main__ - <module> - INFO: Epoch 3 / 20, Step 280 / 280, Loss = 3.7867978215e-02
17-09-2024 17:33:20 - __main__ - <module> - INFO: New learning rate: 0.000729
17-09-2024 17:33:20 - __main__ - <module> - INFO: Starting Validation for epoch 3 / 20
17-09-2024 17:33:42 - __main__ - <module> - INFO: Validation Loss: 3.7550413533e-02
17-09-2024 17:33:48 - __main__ - <module> - INFO: Epoch 4 / 20, Step 10 / 280, Loss = 3.6385919899e-02
17-09-2024 17:33:55 - __main__ - <module> - INFO: Epoch 4 / 20, Step 20 / 280, Loss = 2.3514935747e-02
17-09-2024 17:34:01 - __main__ - <module> - INFO: Epoch 4 / 20, Step 30 / 280, Loss = 2.8481030837e-02
17-09-2024 17:34:08 - __main__ - <module> - INFO: Epoch 4 / 20, Step 40 / 280, Loss = 2.7522021905e-02
17-09-2024 17:34:14 - __main__ - <module> - INFO: Epoch 4 / 20, Step 50 / 280, Loss = 5.5517543107e-02
17-09-2024 17:34:20 - __main__ - <module> - INFO: Epoch 4 / 20, Step 60 / 280, Loss = 3.8354586810e-02
17-09-2024 17:34:27 - __main__ - <module> - INFO: Epoch 4 / 20, Step 70 / 280, Loss = 6.5873451531e-02
17-09-2024 17:34:33 - __main__ - <module> - INFO: Epoch 4 / 20, Step 80 / 280, Loss = 4.1621223092e-02
17-09-2024 17:34:39 - __main__ - <module> - INFO: Epoch 4 / 20, Step 90 / 280, Loss = 3.6785591394e-02
17-09-2024 17:34:46 - __main__ - <module> - INFO: Epoch 4 / 20, Step 100 / 280, Loss = 3.5955227911e-02
17-09-2024 17:34:52 - __main__ - <module> - INFO: Epoch 4 / 20, Step 110 / 280, Loss = 4.9389809370e-02
17-09-2024 17:34:59 - __main__ - <module> - INFO: Epoch 4 / 20, Step 120 / 280, Loss = 2.1596977487e-02
17-09-2024 17:35:05 - __main__ - <module> - INFO: Epoch 4 / 20, Step 130 / 280, Loss = 4.0126886219e-02
17-09-2024 17:35:11 - __main__ - <module> - INFO: Epoch 4 / 20, Step 140 / 280, Loss = 3.9846524596e-02
17-09-2024 17:35:18 - __main__ - <module> - INFO: Epoch 4 / 20, Step 150 / 280, Loss = 5.7465124875e-02
17-09-2024 17:35:24 - __main__ - <module> - INFO: Epoch 4 / 20, Step 160 / 280, Loss = 3.4322451800e-02
17-09-2024 17:35:31 - __main__ - <module> - INFO: Epoch 4 / 20, Step 170 / 280, Loss = 2.9027078301e-02
17-09-2024 17:35:37 - __main__ - <module> - INFO: Epoch 4 / 20, Step 180 / 280, Loss = 3.8063753396e-02
17-09-2024 17:35:43 - __main__ - <module> - INFO: Epoch 4 / 20, Step 190 / 280, Loss = 5.7047035545e-02
17-09-2024 17:35:50 - __main__ - <module> - INFO: Epoch 4 / 20, Step 200 / 280, Loss = 5.0111498684e-02
17-09-2024 17:35:56 - __main__ - <module> - INFO: Epoch 4 / 20, Step 210 / 280, Loss = 3.9976913482e-02
17-09-2024 17:36:03 - __main__ - <module> - INFO: Epoch 4 / 20, Step 220 / 280, Loss = 1.8881123513e-02
17-09-2024 17:36:09 - __main__ - <module> - INFO: Epoch 4 / 20, Step 230 / 280, Loss = 1.6854671761e-02
17-09-2024 17:36:16 - __main__ - <module> - INFO: Epoch 4 / 20, Step 240 / 280, Loss = 4.3952047825e-02
17-09-2024 17:36:22 - __main__ - <module> - INFO: Epoch 4 / 20, Step 250 / 280, Loss = 2.6524472982e-02
17-09-2024 17:36:29 - __main__ - <module> - INFO: Epoch 4 / 20, Step 260 / 280, Loss = 3.9983414114e-02
17-09-2024 17:36:35 - __main__ - <module> - INFO: Epoch 4 / 20, Step 270 / 280, Loss = 2.0428750664e-02
17-09-2024 17:36:42 - __main__ - <module> - INFO: Epoch 4 / 20, Step 280 / 280, Loss = 2.6829529554e-02
17-09-2024 17:36:42 - __main__ - <module> - INFO: New learning rate: 0.0006561000000000001
17-09-2024 17:36:42 - __main__ - <module> - INFO: Starting Validation for epoch 4 / 20
17-09-2024 17:37:05 - __main__ - <module> - INFO: Validation Loss: 3.5559779298e-02
17-09-2024 17:37:11 - __main__ - <module> - INFO: Epoch 5 / 20, Step 10 / 280, Loss = 2.5095537305e-02
17-09-2024 17:37:18 - __main__ - <module> - INFO: Epoch 5 / 20, Step 20 / 280, Loss = 4.0761120617e-02
17-09-2024 17:37:24 - __main__ - <module> - INFO: Epoch 5 / 20, Step 30 / 280, Loss = 5.8194797486e-02
17-09-2024 17:37:31 - __main__ - <module> - INFO: Epoch 5 / 20, Step 40 / 280, Loss = 5.5758595467e-02
17-09-2024 17:37:37 - __main__ - <module> - INFO: Epoch 5 / 20, Step 50 / 280, Loss = 3.4647691995e-02
17-09-2024 17:37:44 - __main__ - <module> - INFO: Epoch 5 / 20, Step 60 / 280, Loss = 4.6695500612e-02
17-09-2024 17:37:50 - __main__ - <module> - INFO: Epoch 5 / 20, Step 70 / 280, Loss = 3.7035252899e-02
17-09-2024 17:37:57 - __main__ - <module> - INFO: Epoch 5 / 20, Step 80 / 280, Loss = 3.8029510528e-02
17-09-2024 17:38:03 - __main__ - <module> - INFO: Epoch 5 / 20, Step 90 / 280, Loss = 6.4882509410e-02
17-09-2024 17:38:10 - __main__ - <module> - INFO: Epoch 5 / 20, Step 100 / 280, Loss = 2.5808433071e-02
17-09-2024 17:38:16 - __main__ - <module> - INFO: Epoch 5 / 20, Step 110 / 280, Loss = 1.9699634984e-02
17-09-2024 17:38:23 - __main__ - <module> - INFO: Epoch 5 / 20, Step 120 / 280, Loss = 4.0979925543e-02
17-09-2024 17:38:29 - __main__ - <module> - INFO: Epoch 5 / 20, Step 130 / 280, Loss = 3.0570605770e-02
17-09-2024 17:38:36 - __main__ - <module> - INFO: Epoch 5 / 20, Step 140 / 280, Loss = 4.4306080788e-02
17-09-2024 17:38:42 - __main__ - <module> - INFO: Epoch 5 / 20, Step 150 / 280, Loss = 3.8743555546e-02
17-09-2024 17:38:49 - __main__ - <module> - INFO: Epoch 5 / 20, Step 160 / 280, Loss = 5.4924715310e-02
17-09-2024 17:38:55 - __main__ - <module> - INFO: Epoch 5 / 20, Step 170 / 280, Loss = 3.6504533142e-02
17-09-2024 17:39:02 - __main__ - <module> - INFO: Epoch 5 / 20, Step 180 / 280, Loss = 2.2905563936e-02
17-09-2024 17:39:08 - __main__ - <module> - INFO: Epoch 5 / 20, Step 190 / 280, Loss = 5.4518885911e-02
17-09-2024 17:39:15 - __main__ - <module> - INFO: Epoch 5 / 20, Step 200 / 280, Loss = 2.7494022623e-02
17-09-2024 17:39:21 - __main__ - <module> - INFO: Epoch 5 / 20, Step 210 / 280, Loss = 2.8240470216e-02
17-09-2024 17:39:28 - __main__ - <module> - INFO: Epoch 5 / 20, Step 220 / 280, Loss = 4.0440663695e-02
17-09-2024 17:39:34 - __main__ - <module> - INFO: Epoch 5 / 20, Step 230 / 280, Loss = 1.8616573885e-02
17-09-2024 17:39:41 - __main__ - <module> - INFO: Epoch 5 / 20, Step 240 / 280, Loss = 3.8701795042e-02
17-09-2024 17:39:47 - __main__ - <module> - INFO: Epoch 5 / 20, Step 250 / 280, Loss = 3.2491263002e-02
17-09-2024 17:39:54 - __main__ - <module> - INFO: Epoch 5 / 20, Step 260 / 280, Loss = 3.6793805659e-02
17-09-2024 17:40:00 - __main__ - <module> - INFO: Epoch 5 / 20, Step 270 / 280, Loss = 5.5865086615e-02
17-09-2024 17:40:07 - __main__ - <module> - INFO: Epoch 5 / 20, Step 280 / 280, Loss = 4.2782600969e-02
17-09-2024 17:40:07 - __main__ - <module> - INFO: New learning rate: 0.00059049
17-09-2024 17:40:07 - __main__ - <module> - INFO: Starting Validation for epoch 5 / 20
17-09-2024 17:40:29 - __main__ - <module> - INFO: Validation Loss: 3.4365648802e-02
17-09-2024 17:40:36 - __main__ - <module> - INFO: Epoch 6 / 20, Step 10 / 280, Loss = 2.0136265084e-02
17-09-2024 17:40:42 - __main__ - <module> - INFO: Epoch 6 / 20, Step 20 / 280, Loss = 2.0256480202e-02
17-09-2024 17:40:49 - __main__ - <module> - INFO: Epoch 6 / 20, Step 30 / 280, Loss = 1.6413632780e-02
17-09-2024 17:40:55 - __main__ - <module> - INFO: Epoch 6 / 20, Step 40 / 280, Loss = 2.7223873883e-02
17-09-2024 17:41:02 - __main__ - <module> - INFO: Epoch 6 / 20, Step 50 / 280, Loss = 2.7660787106e-02
17-09-2024 17:41:08 - __main__ - <module> - INFO: Epoch 6 / 20, Step 60 / 280, Loss = 1.1691956781e-02
17-09-2024 17:41:15 - __main__ - <module> - INFO: Epoch 6 / 20, Step 70 / 280, Loss = 3.5605248064e-02
17-09-2024 17:41:21 - __main__ - <module> - INFO: Epoch 6 / 20, Step 80 / 280, Loss = 4.8136811703e-02
17-09-2024 17:41:28 - __main__ - <module> - INFO: Epoch 6 / 20, Step 90 / 280, Loss = 1.3762894087e-02
17-09-2024 17:41:34 - __main__ - <module> - INFO: Epoch 6 / 20, Step 100 / 280, Loss = 3.3856462687e-02
17-09-2024 17:41:41 - __main__ - <module> - INFO: Epoch 6 / 20, Step 110 / 280, Loss = 3.8052357733e-02
17-09-2024 17:41:48 - __main__ - <module> - INFO: Epoch 6 / 20, Step 120 / 280, Loss = 4.2469751090e-02
17-09-2024 17:41:54 - __main__ - <module> - INFO: Epoch 6 / 20, Step 130 / 280, Loss = 3.8186192513e-02
17-09-2024 17:42:01 - __main__ - <module> - INFO: Epoch 6 / 20, Step 140 / 280, Loss = 2.6043782011e-02
17-09-2024 17:42:07 - __main__ - <module> - INFO: Epoch 6 / 20, Step 150 / 280, Loss = 2.1118599921e-02
17-09-2024 17:42:14 - __main__ - <module> - INFO: Epoch 6 / 20, Step 160 / 280, Loss = 3.2111451030e-02
17-09-2024 17:42:20 - __main__ - <module> - INFO: Epoch 6 / 20, Step 170 / 280, Loss = 4.1342072189e-02
17-09-2024 17:42:27 - __main__ - <module> - INFO: Epoch 6 / 20, Step 180 / 280, Loss = 1.3816279359e-02
17-09-2024 17:42:33 - __main__ - <module> - INFO: Epoch 6 / 20, Step 190 / 280, Loss = 4.1358839720e-02
17-09-2024 17:42:40 - __main__ - <module> - INFO: Epoch 6 / 20, Step 200 / 280, Loss = 3.7095725536e-02
17-09-2024 17:42:46 - __main__ - <module> - INFO: Epoch 6 / 20, Step 210 / 280, Loss = 5.1426280290e-02
17-09-2024 17:42:53 - __main__ - <module> - INFO: Epoch 6 / 20, Step 220 / 280, Loss = 1.7484756187e-02
17-09-2024 17:42:59 - __main__ - <module> - INFO: Epoch 6 / 20, Step 230 / 280, Loss = 3.2336134464e-02
17-09-2024 17:43:06 - __main__ - <module> - INFO: Epoch 6 / 20, Step 240 / 280, Loss = 3.5604886711e-02
17-09-2024 17:43:12 - __main__ - <module> - INFO: Epoch 6 / 20, Step 250 / 280, Loss = 3.2438181341e-02
17-09-2024 17:43:19 - __main__ - <module> - INFO: Epoch 6 / 20, Step 260 / 280, Loss = 3.9055678993e-02
17-09-2024 17:43:25 - __main__ - <module> - INFO: Epoch 6 / 20, Step 270 / 280, Loss = 7.0523254573e-02
17-09-2024 17:43:32 - __main__ - <module> - INFO: Epoch 6 / 20, Step 280 / 280, Loss = 4.2563367635e-02
17-09-2024 17:43:32 - __main__ - <module> - INFO: New learning rate: 0.000531441
17-09-2024 17:43:32 - __main__ - <module> - INFO: Starting Validation for epoch 6 / 20
17-09-2024 17:43:55 - __main__ - <module> - INFO: Validation Loss: 3.3556328810e-02
17-09-2024 17:44:01 - __main__ - <module> - INFO: Epoch 7 / 20, Step 10 / 280, Loss = 2.0128751174e-02
17-09-2024 17:44:08 - __main__ - <module> - INFO: Epoch 7 / 20, Step 20 / 280, Loss = 2.4815591052e-02
17-09-2024 17:44:14 - __main__ - <module> - INFO: Epoch 7 / 20, Step 30 / 280, Loss = 3.2580103725e-02
17-09-2024 17:44:21 - __main__ - <module> - INFO: Epoch 7 / 20, Step 40 / 280, Loss = 3.0256880447e-02
17-09-2024 17:44:27 - __main__ - <module> - INFO: Epoch 7 / 20, Step 50 / 280, Loss = 3.2386582345e-02
17-09-2024 17:44:34 - __main__ - <module> - INFO: Epoch 7 / 20, Step 60 / 280, Loss = 5.4557442665e-02
17-09-2024 17:44:40 - __main__ - <module> - INFO: Epoch 7 / 20, Step 70 / 280, Loss = 4.2842738330e-02
17-09-2024 17:44:47 - __main__ - <module> - INFO: Epoch 7 / 20, Step 80 / 280, Loss = 2.8900584206e-02
17-09-2024 17:44:53 - __main__ - <module> - INFO: Epoch 7 / 20, Step 90 / 280, Loss = 5.2797224373e-02
17-09-2024 17:45:00 - __main__ - <module> - INFO: Epoch 7 / 20, Step 100 / 280, Loss = 3.0092908069e-02
17-09-2024 17:45:06 - __main__ - <module> - INFO: Epoch 7 / 20, Step 110 / 280, Loss = 2.0284879953e-02
17-09-2024 17:45:13 - __main__ - <module> - INFO: Epoch 7 / 20, Step 120 / 280, Loss = 2.0437646657e-02
17-09-2024 17:45:19 - __main__ - <module> - INFO: Epoch 7 / 20, Step 130 / 280, Loss = 1.5483619645e-02
17-09-2024 17:45:26 - __main__ - <module> - INFO: Epoch 7 / 20, Step 140 / 280, Loss = 2.6382565498e-02
17-09-2024 17:45:32 - __main__ - <module> - INFO: Epoch 7 / 20, Step 150 / 280, Loss = 2.3932507262e-02
17-09-2024 17:45:39 - __main__ - <module> - INFO: Epoch 7 / 20, Step 160 / 280, Loss = 4.0510438383e-02
17-09-2024 17:45:45 - __main__ - <module> - INFO: Epoch 7 / 20, Step 170 / 280, Loss = 1.8498871475e-02
17-09-2024 17:45:52 - __main__ - <module> - INFO: Epoch 7 / 20, Step 180 / 280, Loss = 5.4669201374e-02
17-09-2024 17:45:58 - __main__ - <module> - INFO: Epoch 7 / 20, Step 190 / 280, Loss = 3.1282570213e-02
17-09-2024 17:46:05 - __main__ - <module> - INFO: Epoch 7 / 20, Step 200 / 280, Loss = 5.0208903849e-02
17-09-2024 17:46:11 - __main__ - <module> - INFO: Epoch 7 / 20, Step 210 / 280, Loss = 2.1436205134e-02
17-09-2024 17:46:18 - __main__ - <module> - INFO: Epoch 7 / 20, Step 220 / 280, Loss = 1.4929935336e-02
17-09-2024 17:46:24 - __main__ - <module> - INFO: Epoch 7 / 20, Step 230 / 280, Loss = 3.8880590349e-02
17-09-2024 17:46:31 - __main__ - <module> - INFO: Epoch 7 / 20, Step 240 / 280, Loss = 2.5858575478e-02
17-09-2024 17:46:37 - __main__ - <module> - INFO: Epoch 7 / 20, Step 250 / 280, Loss = 3.2743461430e-02
17-09-2024 17:46:44 - __main__ - <module> - INFO: Epoch 7 / 20, Step 260 / 280, Loss = 2.0702026784e-02
17-09-2024 17:46:50 - __main__ - <module> - INFO: Epoch 7 / 20, Step 270 / 280, Loss = 4.6696644276e-02
17-09-2024 17:46:57 - __main__ - <module> - INFO: Epoch 7 / 20, Step 280 / 280, Loss = 2.6361605152e-02
17-09-2024 17:46:57 - __main__ - <module> - INFO: New learning rate: 0.0004782969
17-09-2024 17:46:57 - __main__ - <module> - INFO: Starting Validation for epoch 7 / 20
17-09-2024 17:47:19 - __main__ - <module> - INFO: Validation Loss: 3.2808080000e-02
17-09-2024 17:47:25 - __main__ - <module> - INFO: Epoch 8 / 20, Step 10 / 280, Loss = 4.1567247361e-02
17-09-2024 17:47:32 - __main__ - <module> - INFO: Epoch 8 / 20, Step 20 / 280, Loss = 1.3467601500e-02
17-09-2024 17:47:38 - __main__ - <module> - INFO: Epoch 8 / 20, Step 30 / 280, Loss = 2.2832110524e-02
17-09-2024 17:47:44 - __main__ - <module> - INFO: Epoch 8 / 20, Step 40 / 280, Loss = 2.7039891109e-02
17-09-2024 17:47:51 - __main__ - <module> - INFO: Epoch 8 / 20, Step 50 / 280, Loss = 3.3013604581e-02
17-09-2024 17:47:57 - __main__ - <module> - INFO: Epoch 8 / 20, Step 60 / 280, Loss = 2.8423253447e-02
17-09-2024 17:48:04 - __main__ - <module> - INFO: Epoch 8 / 20, Step 70 / 280, Loss = 3.2957911491e-02
17-09-2024 17:48:10 - __main__ - <module> - INFO: Epoch 8 / 20, Step 80 / 280, Loss = 2.5089344010e-02
17-09-2024 17:48:17 - __main__ - <module> - INFO: Epoch 8 / 20, Step 90 / 280, Loss = 1.4500443824e-02
17-09-2024 17:48:23 - __main__ - <module> - INFO: Epoch 8 / 20, Step 100 / 280, Loss = 2.9914934188e-02
17-09-2024 17:48:30 - __main__ - <module> - INFO: Epoch 8 / 20, Step 110 / 280, Loss = 5.4261785001e-02
17-09-2024 17:48:36 - __main__ - <module> - INFO: Epoch 8 / 20, Step 120 / 280, Loss = 3.6015044898e-02
17-09-2024 17:48:42 - __main__ - <module> - INFO: Epoch 8 / 20, Step 130 / 280, Loss = 3.8005378097e-02
17-09-2024 17:48:49 - __main__ - <module> - INFO: Epoch 8 / 20, Step 140 / 280, Loss = 1.7107477412e-02
17-09-2024 17:48:55 - __main__ - <module> - INFO: Epoch 8 / 20, Step 150 / 280, Loss = 3.4461770207e-02
17-09-2024 17:49:02 - __main__ - <module> - INFO: Epoch 8 / 20, Step 160 / 280, Loss = 2.0351439714e-02
17-09-2024 17:49:08 - __main__ - <module> - INFO: Epoch 8 / 20, Step 170 / 280, Loss = 2.6814622805e-02
17-09-2024 17:49:15 - __main__ - <module> - INFO: Epoch 8 / 20, Step 180 / 280, Loss = 4.9910482019e-02
17-09-2024 17:49:21 - __main__ - <module> - INFO: Epoch 8 / 20, Step 190 / 280, Loss = 3.1266789883e-02
17-09-2024 17:49:27 - __main__ - <module> - INFO: Epoch 8 / 20, Step 200 / 280, Loss = 1.9351931289e-02
17-09-2024 17:49:34 - __main__ - <module> - INFO: Epoch 8 / 20, Step 210 / 280, Loss = 3.2278116792e-02
17-09-2024 17:49:40 - __main__ - <module> - INFO: Epoch 8 / 20, Step 220 / 280, Loss = 2.6639306918e-02
17-09-2024 17:49:47 - __main__ - <module> - INFO: Epoch 8 / 20, Step 230 / 280, Loss = 4.4976651669e-02
17-09-2024 17:49:53 - __main__ - <module> - INFO: Epoch 8 / 20, Step 240 / 280, Loss = 2.8246408328e-02
17-09-2024 17:50:00 - __main__ - <module> - INFO: Epoch 8 / 20, Step 250 / 280, Loss = 2.7240235358e-02
17-09-2024 17:50:06 - __main__ - <module> - INFO: Epoch 8 / 20, Step 260 / 280, Loss = 2.1347632632e-02
17-09-2024 17:50:12 - __main__ - <module> - INFO: Epoch 8 / 20, Step 270 / 280, Loss = 2.2758683190e-02
17-09-2024 17:50:19 - __main__ - <module> - INFO: Epoch 8 / 20, Step 280 / 280, Loss = 5.4955642670e-02
17-09-2024 17:50:19 - __main__ - <module> - INFO: New learning rate: 0.00043046721
17-09-2024 17:50:19 - __main__ - <module> - INFO: Starting Validation for epoch 8 / 20
17-09-2024 17:50:41 - __main__ - <module> - INFO: Validation Loss: 3.2355402627e-02
17-09-2024 17:50:48 - __main__ - <module> - INFO: Epoch 9 / 20, Step 10 / 280, Loss = 4.1372943670e-02
17-09-2024 17:50:54 - __main__ - <module> - INFO: Epoch 9 / 20, Step 20 / 280, Loss = 2.8523748741e-02
17-09-2024 17:51:00 - __main__ - <module> - INFO: Epoch 9 / 20, Step 30 / 280, Loss = 3.1853869557e-02
17-09-2024 17:51:07 - __main__ - <module> - INFO: Epoch 9 / 20, Step 40 / 280, Loss = 3.4383513033e-02
17-09-2024 17:51:13 - __main__ - <module> - INFO: Epoch 9 / 20, Step 50 / 280, Loss = 3.6024276167e-02
17-09-2024 17:51:20 - __main__ - <module> - INFO: Epoch 9 / 20, Step 60 / 280, Loss = 3.9793770760e-02
17-09-2024 17:51:26 - __main__ - <module> - INFO: Epoch 9 / 20, Step 70 / 280, Loss = 2.2074218839e-02
17-09-2024 17:51:33 - __main__ - <module> - INFO: Epoch 9 / 20, Step 80 / 280, Loss = 3.2880052924e-02
17-09-2024 17:51:39 - __main__ - <module> - INFO: Epoch 9 / 20, Step 90 / 280, Loss = 3.2218959183e-02
17-09-2024 17:51:45 - __main__ - <module> - INFO: Epoch 9 / 20, Step 100 / 280, Loss = 2.2970324382e-02
17-09-2024 17:51:52 - __main__ - <module> - INFO: Epoch 9 / 20, Step 110 / 280, Loss = 3.0157446861e-02
17-09-2024 17:51:58 - __main__ - <module> - INFO: Epoch 9 / 20, Step 120 / 280, Loss = 2.8997898102e-02
17-09-2024 17:52:05 - __main__ - <module> - INFO: Epoch 9 / 20, Step 130 / 280, Loss = 2.2715158761e-02
17-09-2024 17:52:11 - __main__ - <module> - INFO: Epoch 9 / 20, Step 140 / 280, Loss = 3.1142745167e-02
17-09-2024 17:52:18 - __main__ - <module> - INFO: Epoch 9 / 20, Step 150 / 280, Loss = 3.3223249018e-02
17-09-2024 17:52:24 - __main__ - <module> - INFO: Epoch 9 / 20, Step 160 / 280, Loss = 1.9244452938e-02
17-09-2024 17:52:30 - __main__ - <module> - INFO: Epoch 9 / 20, Step 170 / 280, Loss = 3.0589679256e-02
17-09-2024 17:52:37 - __main__ - <module> - INFO: Epoch 9 / 20, Step 180 / 280, Loss = 1.6621269286e-02
17-09-2024 17:52:43 - __main__ - <module> - INFO: Epoch 9 / 20, Step 190 / 280, Loss = 2.8165692464e-02
17-09-2024 17:52:50 - __main__ - <module> - INFO: Epoch 9 / 20, Step 200 / 280, Loss = 2.9674990103e-02
17-09-2024 17:52:56 - __main__ - <module> - INFO: Epoch 9 / 20, Step 210 / 280, Loss = 1.8217496574e-02
17-09-2024 17:53:03 - __main__ - <module> - INFO: Epoch 9 / 20, Step 220 / 280, Loss = 2.4408007041e-02
17-09-2024 17:53:09 - __main__ - <module> - INFO: Epoch 9 / 20, Step 230 / 280, Loss = 6.9253213704e-02
17-09-2024 17:53:16 - __main__ - <module> - INFO: Epoch 9 / 20, Step 240 / 280, Loss = 3.5491239280e-02
17-09-2024 17:53:22 - __main__ - <module> - INFO: Epoch 9 / 20, Step 250 / 280, Loss = 2.9131654650e-02
17-09-2024 17:53:29 - __main__ - <module> - INFO: Epoch 9 / 20, Step 260 / 280, Loss = 2.2399583831e-02
17-09-2024 17:53:35 - __main__ - <module> - INFO: Epoch 9 / 20, Step 270 / 280, Loss = 3.9232149720e-02
17-09-2024 17:53:42 - __main__ - <module> - INFO: Epoch 9 / 20, Step 280 / 280, Loss = 2.7192328125e-02
17-09-2024 17:53:42 - __main__ - <module> - INFO: New learning rate: 0.000387420489
17-09-2024 17:53:42 - __main__ - <module> - INFO: Starting Validation for epoch 9 / 20
17-09-2024 17:54:05 - __main__ - <module> - INFO: Validation Loss: 3.1733684855e-02
17-09-2024 17:54:11 - __main__ - <module> - INFO: Epoch 10 / 20, Step 10 / 280, Loss = 1.5435784124e-02
17-09-2024 17:54:18 - __main__ - <module> - INFO: Epoch 10 / 20, Step 20 / 280, Loss = 3.2182961702e-02
17-09-2024 17:54:24 - __main__ - <module> - INFO: Epoch 10 / 20, Step 30 / 280, Loss = 2.6078367606e-02
17-09-2024 17:54:31 - __main__ - <module> - INFO: Epoch 10 / 20, Step 40 / 280, Loss = 3.6464996636e-02
17-09-2024 17:54:37 - __main__ - <module> - INFO: Epoch 10 / 20, Step 50 / 280, Loss = 2.5603329763e-02
17-09-2024 17:54:44 - __main__ - <module> - INFO: Epoch 10 / 20, Step 60 / 280, Loss = 4.2695038021e-02
17-09-2024 17:54:50 - __main__ - <module> - INFO: Epoch 10 / 20, Step 70 / 280, Loss = 3.3161047846e-02
17-09-2024 17:54:57 - __main__ - <module> - INFO: Epoch 10 / 20, Step 80 / 280, Loss = 3.8435872644e-02
17-09-2024 17:55:03 - __main__ - <module> - INFO: Epoch 10 / 20, Step 90 / 280, Loss = 3.0520835891e-02
17-09-2024 17:55:09 - __main__ - <module> - INFO: Epoch 10 / 20, Step 100 / 280, Loss = 4.4132884592e-02
17-09-2024 17:55:16 - __main__ - <module> - INFO: Epoch 10 / 20, Step 110 / 280, Loss = 5.1204737276e-02
17-09-2024 17:55:22 - __main__ - <module> - INFO: Epoch 10 / 20, Step 120 / 280, Loss = 2.4483537301e-02
17-09-2024 17:55:29 - __main__ - <module> - INFO: Epoch 10 / 20, Step 130 / 280, Loss = 3.5980165005e-02
17-09-2024 17:55:35 - __main__ - <module> - INFO: Epoch 10 / 20, Step 140 / 280, Loss = 2.9470130801e-02
17-09-2024 17:55:41 - __main__ - <module> - INFO: Epoch 10 / 20, Step 150 / 280, Loss = 2.2172397003e-02
17-09-2024 17:55:48 - __main__ - <module> - INFO: Epoch 10 / 20, Step 160 / 280, Loss = 3.0601510778e-02
17-09-2024 17:55:54 - __main__ - <module> - INFO: Epoch 10 / 20, Step 170 / 280, Loss = 1.8873691559e-02
17-09-2024 17:56:01 - __main__ - <module> - INFO: Epoch 10 / 20, Step 180 / 280, Loss = 2.3231629282e-02
17-09-2024 17:56:07 - __main__ - <module> - INFO: Epoch 10 / 20, Step 190 / 280, Loss = 4.3735098094e-02
17-09-2024 17:56:13 - __main__ - <module> - INFO: Epoch 10 / 20, Step 200 / 280, Loss = 1.5974072739e-02
17-09-2024 17:56:20 - __main__ - <module> - INFO: Epoch 10 / 20, Step 210 / 280, Loss = 2.8554841876e-02
17-09-2024 17:56:26 - __main__ - <module> - INFO: Epoch 10 / 20, Step 220 / 280, Loss = 2.3128077388e-02
17-09-2024 17:56:33 - __main__ - <module> - INFO: Epoch 10 / 20, Step 230 / 280, Loss = 1.6382021829e-02
17-09-2024 17:56:39 - __main__ - <module> - INFO: Epoch 10 / 20, Step 240 / 280, Loss = 4.2737003416e-02
17-09-2024 17:56:45 - __main__ - <module> - INFO: Epoch 10 / 20, Step 250 / 280, Loss = 4.7948405147e-02
17-09-2024 17:56:52 - __main__ - <module> - INFO: Epoch 10 / 20, Step 260 / 280, Loss = 4.1525389999e-02
17-09-2024 17:56:58 - __main__ - <module> - INFO: Epoch 10 / 20, Step 270 / 280, Loss = 2.7380663902e-02
17-09-2024 17:57:05 - __main__ - <module> - INFO: Epoch 10 / 20, Step 280 / 280, Loss = 3.9685718715e-02
17-09-2024 17:57:05 - __main__ - <module> - INFO: New learning rate: 0.0003486784401
17-09-2024 17:57:05 - __main__ - <module> - INFO: Starting Validation for epoch 10 / 20
17-09-2024 17:57:27 - __main__ - <module> - INFO: Validation Loss: 3.1320216655e-02
17-09-2024 17:57:33 - __main__ - <module> - INFO: Epoch 11 / 20, Step 10 / 280, Loss = 4.1161041707e-02
17-09-2024 17:57:40 - __main__ - <module> - INFO: Epoch 11 / 20, Step 20 / 280, Loss = 2.7954164892e-02
17-09-2024 17:57:46 - __main__ - <module> - INFO: Epoch 11 / 20, Step 30 / 280, Loss = 4.7903880477e-02
17-09-2024 17:57:53 - __main__ - <module> - INFO: Epoch 11 / 20, Step 40 / 280, Loss = 3.3921480179e-02
17-09-2024 17:57:59 - __main__ - <module> - INFO: Epoch 11 / 20, Step 50 / 280, Loss = 3.1660605222e-02
17-09-2024 17:58:06 - __main__ - <module> - INFO: Epoch 11 / 20, Step 60 / 280, Loss = 2.1688664332e-02
17-09-2024 17:58:12 - __main__ - <module> - INFO: Epoch 11 / 20, Step 70 / 280, Loss = 2.5760492310e-02
17-09-2024 17:58:19 - __main__ - <module> - INFO: Epoch 11 / 20, Step 80 / 280, Loss = 5.0110507756e-02
17-09-2024 17:58:25 - __main__ - <module> - INFO: Epoch 11 / 20, Step 90 / 280, Loss = 5.6185007095e-02
17-09-2024 17:58:32 - __main__ - <module> - INFO: Epoch 11 / 20, Step 100 / 280, Loss = 1.8567522988e-02
17-09-2024 17:58:39 - __main__ - <module> - INFO: Epoch 11 / 20, Step 110 / 280, Loss = 2.0423153415e-02
17-09-2024 17:58:45 - __main__ - <module> - INFO: Epoch 11 / 20, Step 120 / 280, Loss = 3.3786382526e-02
17-09-2024 17:58:51 - __main__ - <module> - INFO: Epoch 11 / 20, Step 130 / 280, Loss = 3.9484556764e-02
17-09-2024 17:58:58 - __main__ - <module> - INFO: Epoch 11 / 20, Step 140 / 280, Loss = 3.9862360805e-02
17-09-2024 17:59:04 - __main__ - <module> - INFO: Epoch 11 / 20, Step 150 / 280, Loss = 3.0133917928e-02
17-09-2024 17:59:11 - __main__ - <module> - INFO: Epoch 11 / 20, Step 160 / 280, Loss = 3.4787353128e-02
17-09-2024 17:59:17 - __main__ - <module> - INFO: Epoch 11 / 20, Step 170 / 280, Loss = 2.7695352212e-02
17-09-2024 17:59:24 - __main__ - <module> - INFO: Epoch 11 / 20, Step 180 / 280, Loss = 1.9242178649e-02
17-09-2024 17:59:30 - __main__ - <module> - INFO: Epoch 11 / 20, Step 190 / 280, Loss = 2.0920878276e-02
17-09-2024 17:59:37 - __main__ - <module> - INFO: Epoch 11 / 20, Step 200 / 280, Loss = 3.6633115262e-02
17-09-2024 17:59:43 - __main__ - <module> - INFO: Epoch 11 / 20, Step 210 / 280, Loss = 3.2096840441e-02
17-09-2024 17:59:50 - __main__ - <module> - INFO: Epoch 11 / 20, Step 220 / 280, Loss = 5.3605001420e-02
17-09-2024 17:59:56 - __main__ - <module> - INFO: Epoch 11 / 20, Step 230 / 280, Loss = 3.3646035939e-02
17-09-2024 18:00:02 - __main__ - <module> - INFO: Epoch 11 / 20, Step 240 / 280, Loss = 3.4109715372e-02
17-09-2024 18:00:09 - __main__ - <module> - INFO: Epoch 11 / 20, Step 250 / 280, Loss = 2.6170033962e-02
17-09-2024 18:00:15 - __main__ - <module> - INFO: Epoch 11 / 20, Step 260 / 280, Loss = 2.4720305577e-02
17-09-2024 18:00:22 - __main__ - <module> - INFO: Epoch 11 / 20, Step 270 / 280, Loss = 3.7382926792e-02
17-09-2024 18:00:28 - __main__ - <module> - INFO: Epoch 11 / 20, Step 280 / 280, Loss = 2.7489608154e-02
17-09-2024 18:00:28 - __main__ - <module> - INFO: New learning rate: 0.00031381059609000004
17-09-2024 18:00:28 - __main__ - <module> - INFO: Starting Validation for epoch 11 / 20
17-09-2024 18:00:50 - __main__ - <module> - INFO: Validation Loss: 3.0996579528e-02
17-09-2024 18:00:57 - __main__ - <module> - INFO: Epoch 12 / 20, Step 10 / 280, Loss = 2.7808472514e-02
17-09-2024 18:01:03 - __main__ - <module> - INFO: Epoch 12 / 20, Step 20 / 280, Loss = 2.5869509205e-02
17-09-2024 18:01:09 - __main__ - <module> - INFO: Epoch 12 / 20, Step 30 / 280, Loss = 3.7205588073e-02
17-09-2024 18:01:16 - __main__ - <module> - INFO: Epoch 12 / 20, Step 40 / 280, Loss = 4.7451473773e-02
17-09-2024 18:01:22 - __main__ - <module> - INFO: Epoch 12 / 20, Step 50 / 280, Loss = 2.8703792021e-02
17-09-2024 18:01:29 - __main__ - <module> - INFO: Epoch 12 / 20, Step 60 / 280, Loss = 3.4982901067e-02
17-09-2024 18:01:35 - __main__ - <module> - INFO: Epoch 12 / 20, Step 70 / 280, Loss = 2.1460747346e-02
17-09-2024 18:01:41 - __main__ - <module> - INFO: Epoch 12 / 20, Step 80 / 280, Loss = 1.0696245357e-02
17-09-2024 18:01:48 - __main__ - <module> - INFO: Epoch 12 / 20, Step 90 / 280, Loss = 3.1520191580e-02
17-09-2024 18:01:54 - __main__ - <module> - INFO: Epoch 12 / 20, Step 100 / 280, Loss = 2.8012534603e-02
17-09-2024 18:02:01 - __main__ - <module> - INFO: Epoch 12 / 20, Step 110 / 280, Loss = 1.0662741028e-02
17-09-2024 18:02:07 - __main__ - <module> - INFO: Epoch 12 / 20, Step 120 / 280, Loss = 1.6428368166e-02
17-09-2024 18:02:13 - __main__ - <module> - INFO: Epoch 12 / 20, Step 130 / 280, Loss = 2.0856449381e-02
17-09-2024 18:02:20 - __main__ - <module> - INFO: Epoch 12 / 20, Step 140 / 280, Loss = 1.5187019482e-02
17-09-2024 18:02:26 - __main__ - <module> - INFO: Epoch 12 / 20, Step 150 / 280, Loss = 1.9471872598e-02
17-09-2024 18:02:33 - __main__ - <module> - INFO: Epoch 12 / 20, Step 160 / 280, Loss = 4.1161689907e-02
17-09-2024 18:02:39 - __main__ - <module> - INFO: Epoch 12 / 20, Step 170 / 280, Loss = 1.6885779798e-02
17-09-2024 18:02:45 - __main__ - <module> - INFO: Epoch 12 / 20, Step 180 / 280, Loss = 4.6184230596e-02
17-09-2024 18:02:52 - __main__ - <module> - INFO: Epoch 12 / 20, Step 190 / 280, Loss = 1.7342586070e-02
17-09-2024 18:02:58 - __main__ - <module> - INFO: Epoch 12 / 20, Step 200 / 280, Loss = 3.5066615790e-02
17-09-2024 18:03:05 - __main__ - <module> - INFO: Epoch 12 / 20, Step 210 / 280, Loss = 3.2672386616e-02
17-09-2024 18:03:11 - __main__ - <module> - INFO: Epoch 12 / 20, Step 220 / 280, Loss = 3.6366824061e-02
17-09-2024 18:03:17 - __main__ - <module> - INFO: Epoch 12 / 20, Step 230 / 280, Loss = 1.2801170349e-02
17-09-2024 18:03:24 - __main__ - <module> - INFO: Epoch 12 / 20, Step 240 / 280, Loss = 2.7646332979e-02
17-09-2024 18:03:30 - __main__ - <module> - INFO: Epoch 12 / 20, Step 250 / 280, Loss = 3.8954157382e-02
17-09-2024 18:03:36 - __main__ - <module> - INFO: Epoch 12 / 20, Step 260 / 280, Loss = 5.0023015589e-02
17-09-2024 18:03:43 - __main__ - <module> - INFO: Epoch 12 / 20, Step 270 / 280, Loss = 3.1033203006e-02
17-09-2024 18:03:49 - __main__ - <module> - INFO: Epoch 12 / 20, Step 280 / 280, Loss = 2.1842529997e-02
17-09-2024 18:03:50 - __main__ - <module> - INFO: New learning rate: 0.00028242953648100003
17-09-2024 18:03:50 - __main__ - <module> - INFO: Starting Validation for epoch 12 / 20
17-09-2024 18:04:12 - __main__ - <module> - INFO: Validation Loss: 3.0658900434e-02
17-09-2024 18:04:18 - __main__ - <module> - INFO: Epoch 13 / 20, Step 10 / 280, Loss = 2.2558256984e-02
17-09-2024 18:04:24 - __main__ - <module> - INFO: Epoch 13 / 20, Step 20 / 280, Loss = 1.6434302554e-02
17-09-2024 18:04:31 - __main__ - <module> - INFO: Epoch 13 / 20, Step 30 / 280, Loss = 2.3970251903e-02
17-09-2024 18:04:37 - __main__ - <module> - INFO: Epoch 13 / 20, Step 40 / 280, Loss = 1.8082493916e-02
17-09-2024 18:04:44 - __main__ - <module> - INFO: Epoch 13 / 20, Step 50 / 280, Loss = 3.1982909888e-02
17-09-2024 18:04:50 - __main__ - <module> - INFO: Epoch 13 / 20, Step 60 / 280, Loss = 2.2283416241e-02
17-09-2024 18:04:56 - __main__ - <module> - INFO: Epoch 13 / 20, Step 70 / 280, Loss = 2.6509005576e-02
17-09-2024 18:05:03 - __main__ - <module> - INFO: Epoch 13 / 20, Step 80 / 280, Loss = 3.2344318926e-02
17-09-2024 18:05:09 - __main__ - <module> - INFO: Epoch 13 / 20, Step 90 / 280, Loss = 2.5082239881e-02
17-09-2024 18:05:16 - __main__ - <module> - INFO: Epoch 13 / 20, Step 100 / 280, Loss = 3.3804044127e-02
17-09-2024 18:05:22 - __main__ - <module> - INFO: Epoch 13 / 20, Step 110 / 280, Loss = 3.2719533890e-02
17-09-2024 18:05:28 - __main__ - <module> - INFO: Epoch 13 / 20, Step 120 / 280, Loss = 1.8292969093e-02
17-09-2024 18:05:35 - __main__ - <module> - INFO: Epoch 13 / 20, Step 130 / 280, Loss = 2.9597699642e-02
17-09-2024 18:05:41 - __main__ - <module> - INFO: Epoch 13 / 20, Step 140 / 280, Loss = 3.8534719497e-02
17-09-2024 18:05:48 - __main__ - <module> - INFO: Epoch 13 / 20, Step 150 / 280, Loss = 1.7622966319e-02
17-09-2024 18:05:54 - __main__ - <module> - INFO: Epoch 13 / 20, Step 160 / 280, Loss = 3.2654624432e-02
17-09-2024 18:06:00 - __main__ - <module> - INFO: Epoch 13 / 20, Step 170 / 280, Loss = 2.5696862489e-02
17-09-2024 18:06:07 - __main__ - <module> - INFO: Epoch 13 / 20, Step 180 / 280, Loss = 2.3307634518e-02
17-09-2024 18:06:13 - __main__ - <module> - INFO: Epoch 13 / 20, Step 190 / 280, Loss = 3.8777884096e-02
17-09-2024 18:06:20 - __main__ - <module> - INFO: Epoch 13 / 20, Step 200 / 280, Loss = 3.2575577497e-02
17-09-2024 18:06:26 - __main__ - <module> - INFO: Epoch 13 / 20, Step 210 / 280, Loss = 1.7139112577e-02
17-09-2024 18:06:32 - __main__ - <module> - INFO: Epoch 13 / 20, Step 220 / 280, Loss = 2.1837117150e-02
17-09-2024 18:06:39 - __main__ - <module> - INFO: Epoch 13 / 20, Step 230 / 280, Loss = 3.3319819719e-02
17-09-2024 18:06:45 - __main__ - <module> - INFO: Epoch 13 / 20, Step 240 / 280, Loss = 4.4761627913e-02
17-09-2024 18:06:51 - __main__ - <module> - INFO: Epoch 13 / 20, Step 250 / 280, Loss = 1.4117657207e-02
17-09-2024 18:06:58 - __main__ - <module> - INFO: Epoch 13 / 20, Step 260 / 280, Loss = 2.2183308378e-02
17-09-2024 18:07:04 - __main__ - <module> - INFO: Epoch 13 / 20, Step 270 / 280, Loss = 3.1777903438e-02
17-09-2024 18:07:11 - __main__ - <module> - INFO: Epoch 13 / 20, Step 280 / 280, Loss = 2.9283864424e-02
17-09-2024 18:07:11 - __main__ - <module> - INFO: New learning rate: 0.00025418658283290005
17-09-2024 18:07:11 - __main__ - <module> - INFO: Starting Validation for epoch 13 / 20
17-09-2024 18:07:33 - __main__ - <module> - INFO: Validation Loss: 3.0422360129e-02
17-09-2024 18:07:39 - __main__ - <module> - INFO: Epoch 14 / 20, Step 10 / 280, Loss = 2.3311410099e-02
17-09-2024 18:07:46 - __main__ - <module> - INFO: Epoch 14 / 20, Step 20 / 280, Loss = 1.6696786508e-02
17-09-2024 18:07:52 - __main__ - <module> - INFO: Epoch 14 / 20, Step 30 / 280, Loss = 1.9532358274e-02
17-09-2024 18:07:59 - __main__ - <module> - INFO: Epoch 14 / 20, Step 40 / 280, Loss = 2.0734012127e-02
17-09-2024 18:08:05 - __main__ - <module> - INFO: Epoch 14 / 20, Step 50 / 280, Loss = 4.2451087385e-02
17-09-2024 18:08:11 - __main__ - <module> - INFO: Epoch 14 / 20, Step 60 / 280, Loss = 3.0354151502e-02
17-09-2024 18:08:18 - __main__ - <module> - INFO: Epoch 14 / 20, Step 70 / 280, Loss = 2.1275063977e-02
17-09-2024 18:08:24 - __main__ - <module> - INFO: Epoch 14 / 20, Step 80 / 280, Loss = 2.7284923941e-02
17-09-2024 18:08:31 - __main__ - <module> - INFO: Epoch 14 / 20, Step 90 / 280, Loss = 1.2515941635e-02
17-09-2024 18:08:37 - __main__ - <module> - INFO: Epoch 14 / 20, Step 100 / 280, Loss = 3.4456539899e-02
17-09-2024 18:08:43 - __main__ - <module> - INFO: Epoch 14 / 20, Step 110 / 280, Loss = 1.8721166998e-02
17-09-2024 18:08:50 - __main__ - <module> - INFO: Epoch 14 / 20, Step 120 / 280, Loss = 2.1069457754e-02
17-09-2024 18:08:56 - __main__ - <module> - INFO: Epoch 14 / 20, Step 130 / 280, Loss = 3.6807667464e-02
17-09-2024 18:09:03 - __main__ - <module> - INFO: Epoch 14 / 20, Step 140 / 280, Loss = 3.7263046950e-02
17-09-2024 18:09:09 - __main__ - <module> - INFO: Epoch 14 / 20, Step 150 / 280, Loss = 2.3111339658e-02
17-09-2024 18:09:15 - __main__ - <module> - INFO: Epoch 14 / 20, Step 160 / 280, Loss = 2.7312373742e-02
17-09-2024 18:09:22 - __main__ - <module> - INFO: Epoch 14 / 20, Step 170 / 280, Loss = 2.4764345959e-02
17-09-2024 18:09:28 - __main__ - <module> - INFO: Epoch 14 / 20, Step 180 / 280, Loss = 3.4254830331e-02
17-09-2024 18:09:35 - __main__ - <module> - INFO: Epoch 14 / 20, Step 190 / 280, Loss = 1.4896675013e-02
17-09-2024 18:09:41 - __main__ - <module> - INFO: Epoch 14 / 20, Step 200 / 280, Loss = 4.8727896065e-02
17-09-2024 18:09:47 - __main__ - <module> - INFO: Epoch 14 / 20, Step 210 / 280, Loss = 2.7116840705e-02
17-09-2024 18:09:54 - __main__ - <module> - INFO: Epoch 14 / 20, Step 220 / 280, Loss = 3.4761551768e-02
17-09-2024 18:10:00 - __main__ - <module> - INFO: Epoch 14 / 20, Step 230 / 280, Loss = 2.0038070157e-02
17-09-2024 18:10:06 - __main__ - <module> - INFO: Epoch 14 / 20, Step 240 / 280, Loss = 3.5451915115e-02
17-09-2024 18:10:13 - __main__ - <module> - INFO: Epoch 14 / 20, Step 250 / 280, Loss = 1.8721763045e-02
17-09-2024 18:10:19 - __main__ - <module> - INFO: Epoch 14 / 20, Step 260 / 280, Loss = 3.9649363607e-02
17-09-2024 18:10:26 - __main__ - <module> - INFO: Epoch 14 / 20, Step 270 / 280, Loss = 2.6590405032e-02
17-09-2024 18:10:32 - __main__ - <module> - INFO: Epoch 14 / 20, Step 280 / 280, Loss = 2.3119742051e-02
17-09-2024 18:10:33 - __main__ - <module> - INFO: New learning rate: 0.00022876792454961005
17-09-2024 18:10:33 - __main__ - <module> - INFO: Starting Validation for epoch 14 / 20
17-09-2024 18:10:54 - __main__ - <module> - INFO: Validation Loss: 3.0194232558e-02
17-09-2024 18:11:01 - __main__ - <module> - INFO: Epoch 15 / 20, Step 10 / 280, Loss = 9.3938102946e-03
17-09-2024 18:11:07 - __main__ - <module> - INFO: Epoch 15 / 20, Step 20 / 280, Loss = 1.1643827893e-02
17-09-2024 18:11:13 - __main__ - <module> - INFO: Epoch 15 / 20, Step 30 / 280, Loss = 1.4660944231e-02
17-09-2024 18:11:20 - __main__ - <module> - INFO: Epoch 15 / 20, Step 40 / 280, Loss = 2.4148894474e-02
17-09-2024 18:11:26 - __main__ - <module> - INFO: Epoch 15 / 20, Step 50 / 280, Loss = 1.5839010477e-02
17-09-2024 18:11:33 - __main__ - <module> - INFO: Epoch 15 / 20, Step 60 / 280, Loss = 2.4189775810e-02
17-09-2024 18:11:39 - __main__ - <module> - INFO: Epoch 15 / 20, Step 70 / 280, Loss = 2.5089254603e-02
17-09-2024 18:11:45 - __main__ - <module> - INFO: Epoch 15 / 20, Step 80 / 280, Loss = 4.9579065293e-02
17-09-2024 18:11:52 - __main__ - <module> - INFO: Epoch 15 / 20, Step 90 / 280, Loss = 2.3115916178e-02
17-09-2024 18:11:58 - __main__ - <module> - INFO: Epoch 15 / 20, Step 100 / 280, Loss = 3.0713135377e-02
17-09-2024 18:12:05 - __main__ - <module> - INFO: Epoch 15 / 20, Step 110 / 280, Loss = 2.5294477120e-02
17-09-2024 18:12:11 - __main__ - <module> - INFO: Epoch 15 / 20, Step 120 / 280, Loss = 2.1320192143e-02
17-09-2024 18:12:18 - __main__ - <module> - INFO: Epoch 15 / 20, Step 130 / 280, Loss = 1.4260113239e-02
17-09-2024 18:12:24 - __main__ - <module> - INFO: Epoch 15 / 20, Step 140 / 280, Loss = 2.7962097898e-02
17-09-2024 18:12:30 - __main__ - <module> - INFO: Epoch 15 / 20, Step 150 / 280, Loss = 2.6996403933e-02
17-09-2024 18:12:37 - __main__ - <module> - INFO: Epoch 15 / 20, Step 160 / 280, Loss = 1.1491446756e-02
17-09-2024 18:12:43 - __main__ - <module> - INFO: Epoch 15 / 20, Step 170 / 280, Loss = 4.0397640318e-02
17-09-2024 18:12:50 - __main__ - <module> - INFO: Epoch 15 / 20, Step 180 / 280, Loss = 2.3675674573e-02
17-09-2024 18:12:56 - __main__ - <module> - INFO: Epoch 15 / 20, Step 190 / 280, Loss = 3.8223668933e-02
17-09-2024 18:13:02 - __main__ - <module> - INFO: Epoch 15 / 20, Step 200 / 280, Loss = 2.5831690058e-02
17-09-2024 18:13:09 - __main__ - <module> - INFO: Epoch 15 / 20, Step 210 / 280, Loss = 1.8571710214e-02
17-09-2024 18:13:15 - __main__ - <module> - INFO: Epoch 15 / 20, Step 220 / 280, Loss = 1.9392965361e-02
17-09-2024 18:13:22 - __main__ - <module> - INFO: Epoch 15 / 20, Step 230 / 280, Loss = 2.0860930905e-02
17-09-2024 18:13:28 - __main__ - <module> - INFO: Epoch 15 / 20, Step 240 / 280, Loss = 1.9943913445e-02
17-09-2024 18:13:34 - __main__ - <module> - INFO: Epoch 15 / 20, Step 250 / 280, Loss = 1.9387064502e-02
17-09-2024 18:13:41 - __main__ - <module> - INFO: Epoch 15 / 20, Step 260 / 280, Loss = 3.2304700464e-02
17-09-2024 18:13:47 - __main__ - <module> - INFO: Epoch 15 / 20, Step 270 / 280, Loss = 2.3699086159e-02
17-09-2024 18:13:54 - __main__ - <module> - INFO: Epoch 15 / 20, Step 280 / 280, Loss = 3.0043294653e-02
17-09-2024 18:13:54 - __main__ - <module> - INFO: New learning rate: 0.00020589113209464906
17-09-2024 18:13:54 - __main__ - <module> - INFO: Starting Validation for epoch 15 / 20
17-09-2024 18:14:16 - __main__ - <module> - INFO: Validation Loss: 2.9989126002e-02
17-09-2024 18:14:22 - __main__ - <module> - INFO: Epoch 16 / 20, Step 10 / 280, Loss = 2.2174604237e-02
17-09-2024 18:14:29 - __main__ - <module> - INFO: Epoch 16 / 20, Step 20 / 280, Loss = 2.4333614856e-02
17-09-2024 18:14:35 - __main__ - <module> - INFO: Epoch 16 / 20, Step 30 / 280, Loss = 3.7741661072e-02
17-09-2024 18:14:42 - __main__ - <module> - INFO: Epoch 16 / 20, Step 40 / 280, Loss = 3.0387833714e-02
17-09-2024 18:14:48 - __main__ - <module> - INFO: Epoch 16 / 20, Step 50 / 280, Loss = 2.5401175022e-02
17-09-2024 18:14:54 - __main__ - <module> - INFO: Epoch 16 / 20, Step 60 / 280, Loss = 1.4542951249e-02
17-09-2024 18:15:01 - __main__ - <module> - INFO: Epoch 16 / 20, Step 70 / 280, Loss = 4.1650407016e-02
17-09-2024 18:15:07 - __main__ - <module> - INFO: Epoch 16 / 20, Step 80 / 280, Loss = 1.4796999283e-02
17-09-2024 18:15:14 - __main__ - <module> - INFO: Epoch 16 / 20, Step 90 / 280, Loss = 1.4233161695e-02
17-09-2024 18:15:20 - __main__ - <module> - INFO: Epoch 16 / 20, Step 100 / 280, Loss = 4.5252822340e-02
17-09-2024 18:15:27 - __main__ - <module> - INFO: Epoch 16 / 20, Step 110 / 280, Loss = 2.0212804899e-02
17-09-2024 18:15:33 - __main__ - <module> - INFO: Epoch 16 / 20, Step 120 / 280, Loss = 3.1828571111e-02
17-09-2024 18:15:39 - __main__ - <module> - INFO: Epoch 16 / 20, Step 130 / 280, Loss = 3.7370394915e-02
17-09-2024 18:15:46 - __main__ - <module> - INFO: Epoch 16 / 20, Step 140 / 280, Loss = 2.9494790360e-02
17-09-2024 18:15:52 - __main__ - <module> - INFO: Epoch 16 / 20, Step 150 / 280, Loss = 3.3672485501e-02
17-09-2024 18:15:58 - __main__ - <module> - INFO: Epoch 16 / 20, Step 160 / 280, Loss = 2.1076379344e-02
17-09-2024 18:16:05 - __main__ - <module> - INFO: Epoch 16 / 20, Step 170 / 280, Loss = 2.5168685243e-02
17-09-2024 18:16:11 - __main__ - <module> - INFO: Epoch 16 / 20, Step 180 / 280, Loss = 4.3096035719e-02
17-09-2024 18:16:18 - __main__ - <module> - INFO: Epoch 16 / 20, Step 190 / 280, Loss = 2.4117473513e-02
17-09-2024 18:16:24 - __main__ - <module> - INFO: Epoch 16 / 20, Step 200 / 280, Loss = 3.6743532866e-02
17-09-2024 18:16:30 - __main__ - <module> - INFO: Epoch 16 / 20, Step 210 / 280, Loss = 2.7995375916e-02
17-09-2024 18:16:37 - __main__ - <module> - INFO: Epoch 16 / 20, Step 220 / 280, Loss = 3.8213074207e-02
17-09-2024 18:16:43 - __main__ - <module> - INFO: Epoch 16 / 20, Step 230 / 280, Loss = 2.2771848366e-02
17-09-2024 18:16:50 - __main__ - <module> - INFO: Epoch 16 / 20, Step 240 / 280, Loss = 3.7568688393e-02
17-09-2024 18:16:56 - __main__ - <module> - INFO: Epoch 16 / 20, Step 250 / 280, Loss = 3.4586038440e-02
17-09-2024 18:17:02 - __main__ - <module> - INFO: Epoch 16 / 20, Step 260 / 280, Loss = 3.6793746054e-02
17-09-2024 18:17:09 - __main__ - <module> - INFO: Epoch 16 / 20, Step 270 / 280, Loss = 2.7235392481e-02
17-09-2024 18:17:15 - __main__ - <module> - INFO: Epoch 16 / 20, Step 280 / 280, Loss = 3.7206746638e-02
17-09-2024 18:17:16 - __main__ - <module> - INFO: New learning rate: 0.00018530201888518417
17-09-2024 18:17:16 - __main__ - <module> - INFO: Starting Validation for epoch 16 / 20
17-09-2024 18:17:37 - __main__ - <module> - INFO: Validation Loss: 2.9871510486e-02
17-09-2024 18:17:44 - __main__ - <module> - INFO: Epoch 17 / 20, Step 10 / 280, Loss = 1.9612288103e-02
17-09-2024 18:17:50 - __main__ - <module> - INFO: Epoch 17 / 20, Step 20 / 280, Loss = 2.4676857516e-02
17-09-2024 18:17:56 - __main__ - <module> - INFO: Epoch 17 / 20, Step 30 / 280, Loss = 2.5539100170e-02
17-09-2024 18:18:03 - __main__ - <module> - INFO: Epoch 17 / 20, Step 40 / 280, Loss = 1.6259787604e-02
17-09-2024 18:18:09 - __main__ - <module> - INFO: Epoch 17 / 20, Step 50 / 280, Loss = 2.6057315990e-02
17-09-2024 18:18:16 - __main__ - <module> - INFO: Epoch 17 / 20, Step 60 / 280, Loss = 2.4523494765e-02
17-09-2024 18:18:22 - __main__ - <module> - INFO: Epoch 17 / 20, Step 70 / 280, Loss = 1.6080526635e-02
17-09-2024 18:18:28 - __main__ - <module> - INFO: Epoch 17 / 20, Step 80 / 280, Loss = 2.6854379103e-02
17-09-2024 18:18:35 - __main__ - <module> - INFO: Epoch 17 / 20, Step 90 / 280, Loss = 2.9879832640e-02
17-09-2024 18:18:41 - __main__ - <module> - INFO: Epoch 17 / 20, Step 100 / 280, Loss = 3.3422134817e-02
17-09-2024 18:18:48 - __main__ - <module> - INFO: Epoch 17 / 20, Step 110 / 280, Loss = 3.2076459378e-02
17-09-2024 18:18:54 - __main__ - <module> - INFO: Epoch 17 / 20, Step 120 / 280, Loss = 1.1355358176e-02
17-09-2024 18:19:00 - __main__ - <module> - INFO: Epoch 17 / 20, Step 130 / 280, Loss = 2.0853713155e-02
17-09-2024 18:19:07 - __main__ - <module> - INFO: Epoch 17 / 20, Step 140 / 280, Loss = 2.8361082077e-02
17-09-2024 18:19:13 - __main__ - <module> - INFO: Epoch 17 / 20, Step 150 / 280, Loss = 3.8467850536e-02
17-09-2024 18:19:19 - __main__ - <module> - INFO: Epoch 17 / 20, Step 160 / 280, Loss = 1.3486267999e-02
17-09-2024 18:19:26 - __main__ - <module> - INFO: Epoch 17 / 20, Step 170 / 280, Loss = 4.0432970971e-02
17-09-2024 18:19:32 - __main__ - <module> - INFO: Epoch 17 / 20, Step 180 / 280, Loss = 5.2881460637e-02
17-09-2024 18:19:39 - __main__ - <module> - INFO: Epoch 17 / 20, Step 190 / 280, Loss = 2.6823321357e-02
17-09-2024 18:19:45 - __main__ - <module> - INFO: Epoch 17 / 20, Step 200 / 280, Loss = 1.7944505438e-02
17-09-2024 18:19:51 - __main__ - <module> - INFO: Epoch 17 / 20, Step 210 / 280, Loss = 2.3963179439e-02
17-09-2024 18:19:58 - __main__ - <module> - INFO: Epoch 17 / 20, Step 220 / 280, Loss = 5.6256841868e-02
17-09-2024 18:20:04 - __main__ - <module> - INFO: Epoch 17 / 20, Step 230 / 280, Loss = 3.3572178334e-02
17-09-2024 18:20:11 - __main__ - <module> - INFO: Epoch 17 / 20, Step 240 / 280, Loss = 2.4862820283e-02
17-09-2024 18:20:17 - __main__ - <module> - INFO: Epoch 17 / 20, Step 250 / 280, Loss = 3.3788431436e-02
17-09-2024 18:20:23 - __main__ - <module> - INFO: Epoch 17 / 20, Step 260 / 280, Loss = 2.8990566730e-02
17-09-2024 18:20:30 - __main__ - <module> - INFO: Epoch 17 / 20, Step 270 / 280, Loss = 2.5442985818e-02
17-09-2024 18:20:36 - __main__ - <module> - INFO: Epoch 17 / 20, Step 280 / 280, Loss = 1.9486976787e-02
17-09-2024 18:20:37 - __main__ - <module> - INFO: New learning rate: 0.00016677181699666576
17-09-2024 18:20:37 - __main__ - <module> - INFO: Starting Validation for epoch 17 / 20
17-09-2024 18:20:58 - __main__ - <module> - INFO: Validation Loss: 2.9636608730e-02
17-09-2024 18:21:05 - __main__ - <module> - INFO: Epoch 18 / 20, Step 10 / 280, Loss = 3.4866239876e-02
17-09-2024 18:21:11 - __main__ - <module> - INFO: Epoch 18 / 20, Step 20 / 280, Loss = 1.9122768193e-02
17-09-2024 18:21:17 - __main__ - <module> - INFO: Epoch 18 / 20, Step 30 / 280, Loss = 2.4470744655e-02
17-09-2024 18:21:24 - __main__ - <module> - INFO: Epoch 18 / 20, Step 40 / 280, Loss = 1.6684416682e-02
17-09-2024 18:21:30 - __main__ - <module> - INFO: Epoch 18 / 20, Step 50 / 280, Loss = 5.6910932064e-02
17-09-2024 18:21:37 - __main__ - <module> - INFO: Epoch 18 / 20, Step 60 / 280, Loss = 2.0725650713e-02
17-09-2024 18:21:43 - __main__ - <module> - INFO: Epoch 18 / 20, Step 70 / 280, Loss = 1.8153637648e-02
17-09-2024 18:21:49 - __main__ - <module> - INFO: Epoch 18 / 20, Step 80 / 280, Loss = 2.3825911805e-02
17-09-2024 18:21:56 - __main__ - <module> - INFO: Epoch 18 / 20, Step 90 / 280, Loss = 2.9298586771e-02
17-09-2024 18:22:02 - __main__ - <module> - INFO: Epoch 18 / 20, Step 100 / 280, Loss = 1.2668884359e-02
17-09-2024 18:22:08 - __main__ - <module> - INFO: Epoch 18 / 20, Step 110 / 280, Loss = 1.9742436707e-02
17-09-2024 18:22:15 - __main__ - <module> - INFO: Epoch 18 / 20, Step 120 / 280, Loss = 2.8082182631e-02
17-09-2024 18:22:21 - __main__ - <module> - INFO: Epoch 18 / 20, Step 130 / 280, Loss = 1.7675774172e-02
17-09-2024 18:22:28 - __main__ - <module> - INFO: Epoch 18 / 20, Step 140 / 280, Loss = 3.0109984800e-02
17-09-2024 18:22:34 - __main__ - <module> - INFO: Epoch 18 / 20, Step 150 / 280, Loss = 1.9089102745e-02
17-09-2024 18:22:40 - __main__ - <module> - INFO: Epoch 18 / 20, Step 160 / 280, Loss = 3.0064854771e-02
17-09-2024 18:22:47 - __main__ - <module> - INFO: Epoch 18 / 20, Step 170 / 280, Loss = 1.8270852044e-02
17-09-2024 18:22:53 - __main__ - <module> - INFO: Epoch 18 / 20, Step 180 / 280, Loss = 2.1002624184e-02
17-09-2024 18:23:00 - __main__ - <module> - INFO: Epoch 18 / 20, Step 190 / 280, Loss = 3.7353660911e-02
17-09-2024 18:23:06 - __main__ - <module> - INFO: Epoch 18 / 20, Step 200 / 280, Loss = 2.8641939163e-02
17-09-2024 18:23:12 - __main__ - <module> - INFO: Epoch 18 / 20, Step 210 / 280, Loss = 3.0518952757e-02
17-09-2024 18:23:19 - __main__ - <module> - INFO: Epoch 18 / 20, Step 220 / 280, Loss = 2.5489378721e-02
17-09-2024 18:23:25 - __main__ - <module> - INFO: Epoch 18 / 20, Step 230 / 280, Loss = 5.3514059633e-02
17-09-2024 18:23:31 - __main__ - <module> - INFO: Epoch 18 / 20, Step 240 / 280, Loss = 3.5273414105e-02
17-09-2024 18:23:38 - __main__ - <module> - INFO: Epoch 18 / 20, Step 250 / 280, Loss = 2.7074867859e-02
17-09-2024 18:23:44 - __main__ - <module> - INFO: Epoch 18 / 20, Step 260 / 280, Loss = 3.3882047981e-02
17-09-2024 18:23:51 - __main__ - <module> - INFO: Epoch 18 / 20, Step 270 / 280, Loss = 2.1158877760e-02
17-09-2024 18:23:57 - __main__ - <module> - INFO: Epoch 18 / 20, Step 280 / 280, Loss = 2.5091398507e-02
17-09-2024 18:23:57 - __main__ - <module> - INFO: New learning rate: 0.0001500946352969992
17-09-2024 18:23:57 - __main__ - <module> - INFO: Unfreezing earlier layers
17-09-2024 18:23:57 - __main__ - <module> - INFO: Starting Validation for epoch 18 / 20
17-09-2024 18:24:19 - __main__ - <module> - INFO: Validation Loss: 2.9531470590e-02
17-09-2024 18:24:28 - __main__ - <module> - INFO: Epoch 19 / 20, Step 10 / 280, Loss = 2.1650515497e-02
17-09-2024 18:24:36 - __main__ - <module> - INFO: Epoch 19 / 20, Step 20 / 280, Loss = 3.9470653981e-02
17-09-2024 18:24:44 - __main__ - <module> - INFO: Epoch 19 / 20, Step 30 / 280, Loss = 1.8504591659e-02
17-09-2024 18:24:52 - __main__ - <module> - INFO: Epoch 19 / 20, Step 40 / 280, Loss = 3.0633667484e-02
17-09-2024 18:25:00 - __main__ - <module> - INFO: Epoch 19 / 20, Step 50 / 280, Loss = 2.0149657503e-02
17-09-2024 18:25:08 - __main__ - <module> - INFO: Epoch 19 / 20, Step 60 / 280, Loss = 3.2590009272e-02
17-09-2024 18:25:16 - __main__ - <module> - INFO: Epoch 19 / 20, Step 70 / 280, Loss = 3.7923194468e-02
17-09-2024 18:25:25 - __main__ - <module> - INFO: Epoch 19 / 20, Step 80 / 280, Loss = 2.2177774459e-02
17-09-2024 18:25:33 - __main__ - <module> - INFO: Epoch 19 / 20, Step 90 / 280, Loss = 3.6169551313e-02
17-09-2024 18:25:41 - __main__ - <module> - INFO: Epoch 19 / 20, Step 100 / 280, Loss = 1.6854410991e-02
17-09-2024 18:25:49 - __main__ - <module> - INFO: Epoch 19 / 20, Step 110 / 280, Loss = 2.1756455302e-02
17-09-2024 18:25:58 - __main__ - <module> - INFO: Epoch 19 / 20, Step 120 / 280, Loss = 4.0280047804e-02
17-09-2024 18:26:06 - __main__ - <module> - INFO: Epoch 19 / 20, Step 130 / 280, Loss = 2.2080434486e-02
17-09-2024 18:26:14 - __main__ - <module> - INFO: Epoch 19 / 20, Step 140 / 280, Loss = 2.4038774893e-02
17-09-2024 18:26:22 - __main__ - <module> - INFO: Epoch 19 / 20, Step 150 / 280, Loss = 1.8084539101e-02
17-09-2024 18:26:31 - __main__ - <module> - INFO: Epoch 19 / 20, Step 160 / 280, Loss = 2.1205056459e-02
17-09-2024 18:26:39 - __main__ - <module> - INFO: Epoch 19 / 20, Step 170 / 280, Loss = 3.1627487391e-02
17-09-2024 18:26:47 - __main__ - <module> - INFO: Epoch 19 / 20, Step 180 / 280, Loss = 1.7933269963e-02
17-09-2024 18:26:55 - __main__ - <module> - INFO: Epoch 19 / 20, Step 190 / 280, Loss = 1.5785578638e-02
17-09-2024 18:27:04 - __main__ - <module> - INFO: Epoch 19 / 20, Step 200 / 280, Loss = 3.4708227962e-02
17-09-2024 18:27:12 - __main__ - <module> - INFO: Epoch 19 / 20, Step 210 / 280, Loss = 2.5545045733e-02
17-09-2024 18:27:20 - __main__ - <module> - INFO: Epoch 19 / 20, Step 220 / 280, Loss = 2.0133623853e-02
17-09-2024 18:27:29 - __main__ - <module> - INFO: Epoch 19 / 20, Step 230 / 280, Loss = 1.5351320617e-02
17-09-2024 18:27:37 - __main__ - <module> - INFO: Epoch 19 / 20, Step 240 / 280, Loss = 2.6698336005e-02
17-09-2024 18:27:45 - __main__ - <module> - INFO: Epoch 19 / 20, Step 250 / 280, Loss = 1.8047580495e-02
17-09-2024 18:27:53 - __main__ - <module> - INFO: Epoch 19 / 20, Step 260 / 280, Loss = 2.4312922731e-02
17-09-2024 18:28:02 - __main__ - <module> - INFO: Epoch 19 / 20, Step 270 / 280, Loss = 1.9230486825e-02
17-09-2024 18:28:10 - __main__ - <module> - INFO: Epoch 19 / 20, Step 280 / 280, Loss = 4.5871764421e-02
17-09-2024 18:28:11 - __main__ - <module> - INFO: New learning rate: 0.0009000000000000001
17-09-2024 18:28:11 - __main__ - <module> - INFO: Starting Validation for epoch 19 / 20
17-09-2024 18:28:33 - __main__ - <module> - INFO: Validation Loss: 2.9964008118e-02
17-09-2024 18:28:41 - __main__ - <module> - INFO: Epoch 20 / 20, Step 10 / 280, Loss = 1.3503367081e-02
17-09-2024 18:28:49 - __main__ - <module> - INFO: Epoch 20 / 20, Step 20 / 280, Loss = 2.0670717582e-02
17-09-2024 18:28:57 - __main__ - <module> - INFO: Epoch 20 / 20, Step 30 / 280, Loss = 2.4132186547e-02
17-09-2024 18:29:06 - __main__ - <module> - INFO: Epoch 20 / 20, Step 40 / 280, Loss = 2.6127297431e-02
17-09-2024 18:29:14 - __main__ - <module> - INFO: Epoch 20 / 20, Step 50 / 280, Loss = 3.5312768072e-02
17-09-2024 18:29:22 - __main__ - <module> - INFO: Epoch 20 / 20, Step 60 / 280, Loss = 1.6955437139e-02
17-09-2024 18:29:30 - __main__ - <module> - INFO: Epoch 20 / 20, Step 70 / 280, Loss = 1.0667588562e-02
17-09-2024 18:29:39 - __main__ - <module> - INFO: Epoch 20 / 20, Step 80 / 280, Loss = 1.7432510853e-02
17-09-2024 18:29:47 - __main__ - <module> - INFO: Epoch 20 / 20, Step 90 / 280, Loss = 1.6525201499e-02
17-09-2024 18:29:55 - __main__ - <module> - INFO: Epoch 20 / 20, Step 100 / 280, Loss = 1.3026207685e-02
17-09-2024 18:30:03 - __main__ - <module> - INFO: Epoch 20 / 20, Step 110 / 280, Loss = 1.2608353980e-02
17-09-2024 18:30:12 - __main__ - <module> - INFO: Epoch 20 / 20, Step 120 / 280, Loss = 2.3151494563e-02
17-09-2024 18:30:20 - __main__ - <module> - INFO: Epoch 20 / 20, Step 130 / 280, Loss = 1.7651973292e-02
17-09-2024 18:30:28 - __main__ - <module> - INFO: Epoch 20 / 20, Step 140 / 280, Loss = 4.2726371437e-02
17-09-2024 18:30:37 - __main__ - <module> - INFO: Epoch 20 / 20, Step 150 / 280, Loss = 3.5215143114e-02
17-09-2024 18:30:45 - __main__ - <module> - INFO: Epoch 20 / 20, Step 160 / 280, Loss = 1.5769278631e-02
17-09-2024 18:30:53 - __main__ - <module> - INFO: Epoch 20 / 20, Step 170 / 280, Loss = 1.8855059519e-02
17-09-2024 18:31:02 - __main__ - <module> - INFO: Epoch 20 / 20, Step 180 / 280, Loss = 1.8987631425e-02
17-09-2024 18:31:10 - __main__ - <module> - INFO: Epoch 20 / 20, Step 190 / 280, Loss = 1.4485324733e-02
17-09-2024 18:31:18 - __main__ - <module> - INFO: Epoch 20 / 20, Step 200 / 280, Loss = 2.1293722093e-02
17-09-2024 18:31:26 - __main__ - <module> - INFO: Epoch 20 / 20, Step 210 / 280, Loss = 2.7785480022e-02
17-09-2024 18:31:35 - __main__ - <module> - INFO: Epoch 20 / 20, Step 220 / 280, Loss = 1.9236385822e-02
17-09-2024 18:31:43 - __main__ - <module> - INFO: Epoch 20 / 20, Step 230 / 280, Loss = 1.4387256466e-02
17-09-2024 18:31:51 - __main__ - <module> - INFO: Epoch 20 / 20, Step 240 / 280, Loss = 1.3189909048e-02
17-09-2024 18:31:59 - __main__ - <module> - INFO: Epoch 20 / 20, Step 250 / 280, Loss = 2.0117873326e-02
17-09-2024 18:32:08 - __main__ - <module> - INFO: Epoch 20 / 20, Step 260 / 280, Loss = 2.2465800866e-02
17-09-2024 18:32:16 - __main__ - <module> - INFO: Epoch 20 / 20, Step 270 / 280, Loss = 1.2195528485e-02
17-09-2024 18:32:24 - __main__ - <module> - INFO: Epoch 20 / 20, Step 280 / 280, Loss = 1.1735226028e-02
17-09-2024 18:32:25 - __main__ - <module> - INFO: Starting Validation for epoch 20 / 20
17-09-2024 18:32:47 - __main__ - <module> - INFO: Validation Loss: 3.0028974688e-02
17-09-2024 18:32:48 - visualize - save_plot_training_loss - INFO: Plot writen to ./logs/training_loss_28.png
17-09-2024 18:32:48 - __main__ - <module> - INFO: Training finished!
17-09-2024 18:32:48 - __main__ - <module> - INFO: Saved Model
17-09-2024 18:32:48 - __main__ - <module> - INFO: Starting Test Step...
17-09-2024 18:33:10 - __main__ - <module> - INFO: Test Loss: 3.1701781037e-02
17-09-2024 18:33:10 - visualize - compareTimeDomainComplex - INFO: Saved comparison of random prediction and label to ./logs/post_training_prediction_28.png
17-09-2024 18:33:10 - __main__ - <module> - INFO: Test Step finished!
