14-09-2024 11:10:50 - __main__ - <module> - INFO: Writing into log file: ./logs/training_7.log
14-09-2024 11:10:50 - __main__ - <module> - INFO: Dataset used: /mnt/data/desy/frog_simulated/grid_256_v3/
14-09-2024 11:10:50 - __main__ - <module> - INFO: Spectrograms used: as_gn00.dat
14-09-2024 11:10:50 - __main__ - <module> - INFO: Size of output tensor: 256 elements
14-09-2024 11:10:50 - __main__ - <module> - INFO: Batch size: 10 elements
14-09-2024 11:10:50 - __main__ - <module> - INFO: Number of epochs: 10
14-09-2024 11:10:50 - __main__ - <module> - INFO: Initial learning rate: 0.01
14-09-2024 11:10:50 - __main__ - <module> - INFO: Only Pulses with PBDrms lower than 0.4 are used!
14-09-2024 11:10:50 - __main__ - <module> - INFO: Device used (cuda/cpu): cuda
14-09-2024 11:10:50 - __main__ - <module> - INFO: Loading Model...
14-09-2024 11:10:51 - __main__ - <module> - INFO: Freezing early layers!
14-09-2024 11:10:51 - __main__ - <module> - INFO: Loading Model finished!
14-09-2024 11:10:51 - __main__ - <module> - INFO: Loading Data...
14-09-2024 11:10:51 - __main__ - <module> - INFO: Size of dataset: 2769
14-09-2024 11:10:51 - __main__ - <module> - INFO: Size of training data:   2217
14-09-2024 11:10:51 - __main__ - <module> - INFO: Size of validation data: 276
14-09-2024 11:10:51 - __main__ - <module> - INFO: Size of test data:       276
14-09-2024 11:10:51 - __main__ - <module> - INFO: Finished loading data!
14-09-2024 11:10:51 - __main__ - <module> - INFO: Starting training...
14-09-2024 11:10:58 - __main__ - <module> - INFO: Epoch 1 / 10, Step 10 / 221, Loss = 0.0171587747
14-09-2024 11:11:04 - __main__ - <module> - INFO: Epoch 1 / 10, Step 20 / 221, Loss = 0.0131918183
14-09-2024 11:11:11 - __main__ - <module> - INFO: Epoch 1 / 10, Step 30 / 221, Loss = 0.0177944396
14-09-2024 11:11:17 - __main__ - <module> - INFO: Epoch 1 / 10, Step 40 / 221, Loss = 0.0111820390
14-09-2024 11:11:24 - __main__ - <module> - INFO: Epoch 1 / 10, Step 50 / 221, Loss = 0.0109090721
14-09-2024 11:11:30 - __main__ - <module> - INFO: Epoch 1 / 10, Step 60 / 221, Loss = 0.0120262643
14-09-2024 11:11:36 - __main__ - <module> - INFO: Epoch 1 / 10, Step 70 / 221, Loss = 0.0203658454
14-09-2024 11:11:43 - __main__ - <module> - INFO: Epoch 1 / 10, Step 80 / 221, Loss = 0.0119940266
14-09-2024 11:11:49 - __main__ - <module> - INFO: Epoch 1 / 10, Step 90 / 221, Loss = 0.0114880549
14-09-2024 11:11:56 - __main__ - <module> - INFO: Epoch 1 / 10, Step 100 / 221, Loss = 0.0119404830
14-09-2024 11:12:02 - __main__ - <module> - INFO: Epoch 1 / 10, Step 110 / 221, Loss = 0.0063773426
14-09-2024 11:12:08 - __main__ - <module> - INFO: Epoch 1 / 10, Step 120 / 221, Loss = 0.0099928482
14-09-2024 11:12:15 - __main__ - <module> - INFO: Epoch 1 / 10, Step 130 / 221, Loss = 0.0149628846
14-09-2024 11:12:21 - __main__ - <module> - INFO: Epoch 1 / 10, Step 140 / 221, Loss = 0.0202756021
14-09-2024 11:12:28 - __main__ - <module> - INFO: Epoch 1 / 10, Step 150 / 221, Loss = 0.0134752495
14-09-2024 11:12:34 - __main__ - <module> - INFO: Epoch 1 / 10, Step 160 / 221, Loss = 0.0066014938
14-09-2024 11:12:40 - __main__ - <module> - INFO: Epoch 1 / 10, Step 170 / 221, Loss = 0.0045125890
14-09-2024 11:12:47 - __main__ - <module> - INFO: Epoch 1 / 10, Step 180 / 221, Loss = 0.0105249397
14-09-2024 11:12:53 - __main__ - <module> - INFO: Epoch 1 / 10, Step 190 / 221, Loss = 0.0133751826
14-09-2024 11:13:00 - __main__ - <module> - INFO: Epoch 1 / 10, Step 200 / 221, Loss = 0.0115093002
14-09-2024 11:13:06 - __main__ - <module> - INFO: Epoch 1 / 10, Step 210 / 221, Loss = 0.0091624968
14-09-2024 11:13:13 - __main__ - <module> - INFO: Epoch 1 / 10, Step 220 / 221, Loss = 0.0071850517
14-09-2024 11:13:14 - __main__ - <module> - INFO: New learning rate: 0.005
14-09-2024 11:13:14 - __main__ - <module> - INFO: Starting Validation for epoch 1 / 10
14-09-2024 11:13:31 - __main__ - <module> - INFO: Validation Loss: 0.0100397889
14-09-2024 11:13:37 - __main__ - <module> - INFO: Epoch 2 / 10, Step 10 / 221, Loss = 0.0081472499
14-09-2024 11:13:44 - __main__ - <module> - INFO: Epoch 2 / 10, Step 20 / 221, Loss = 0.0111148385
14-09-2024 11:13:50 - __main__ - <module> - INFO: Epoch 2 / 10, Step 30 / 221, Loss = 0.0059038787
14-09-2024 11:13:56 - __main__ - <module> - INFO: Epoch 2 / 10, Step 40 / 221, Loss = 0.0159466118
14-09-2024 11:14:03 - __main__ - <module> - INFO: Epoch 2 / 10, Step 50 / 221, Loss = 0.0071565695
14-09-2024 11:14:09 - __main__ - <module> - INFO: Epoch 2 / 10, Step 60 / 221, Loss = 0.0068176500
14-09-2024 11:14:15 - __main__ - <module> - INFO: Epoch 2 / 10, Step 70 / 221, Loss = 0.0081654256
14-09-2024 11:14:22 - __main__ - <module> - INFO: Epoch 2 / 10, Step 80 / 221, Loss = 0.0078246249
14-09-2024 11:14:28 - __main__ - <module> - INFO: Epoch 2 / 10, Step 90 / 221, Loss = 0.0124724498
14-09-2024 11:14:35 - __main__ - <module> - INFO: Epoch 2 / 10, Step 100 / 221, Loss = 0.0068615973
14-09-2024 11:14:41 - __main__ - <module> - INFO: Epoch 2 / 10, Step 110 / 221, Loss = 0.0060238126
14-09-2024 11:14:47 - __main__ - <module> - INFO: Epoch 2 / 10, Step 120 / 221, Loss = 0.0080388198
14-09-2024 11:14:54 - __main__ - <module> - INFO: Epoch 2 / 10, Step 130 / 221, Loss = 0.0084906053
14-09-2024 11:15:00 - __main__ - <module> - INFO: Epoch 2 / 10, Step 140 / 221, Loss = 0.0110909669
14-09-2024 11:15:06 - __main__ - <module> - INFO: Epoch 2 / 10, Step 150 / 221, Loss = 0.0076666079
14-09-2024 11:15:13 - __main__ - <module> - INFO: Epoch 2 / 10, Step 160 / 221, Loss = 0.0068313661
14-09-2024 11:15:19 - __main__ - <module> - INFO: Epoch 2 / 10, Step 170 / 221, Loss = 0.0120959040
14-09-2024 11:15:25 - __main__ - <module> - INFO: Epoch 2 / 10, Step 180 / 221, Loss = 0.0079768151
14-09-2024 11:15:32 - __main__ - <module> - INFO: Epoch 2 / 10, Step 190 / 221, Loss = 0.0078402003
14-09-2024 11:15:38 - __main__ - <module> - INFO: Epoch 2 / 10, Step 200 / 221, Loss = 0.0051244851
14-09-2024 11:15:45 - __main__ - <module> - INFO: Epoch 2 / 10, Step 210 / 221, Loss = 0.0029663483
14-09-2024 11:15:51 - __main__ - <module> - INFO: Epoch 2 / 10, Step 220 / 221, Loss = 0.0120202266
14-09-2024 11:15:52 - __main__ - <module> - INFO: New learning rate: 0.0025
14-09-2024 11:15:52 - __main__ - <module> - INFO: Starting Validation for epoch 2 / 10
14-09-2024 11:16:09 - __main__ - <module> - INFO: Validation Loss: 0.0086395159
14-09-2024 11:16:15 - __main__ - <module> - INFO: Epoch 3 / 10, Step 10 / 221, Loss = 0.0095037641
14-09-2024 11:16:22 - __main__ - <module> - INFO: Epoch 3 / 10, Step 20 / 221, Loss = 0.0111153768
14-09-2024 11:16:28 - __main__ - <module> - INFO: Epoch 3 / 10, Step 30 / 221, Loss = 0.0072044753
14-09-2024 11:16:35 - __main__ - <module> - INFO: Epoch 3 / 10, Step 40 / 221, Loss = 0.0056740157
14-09-2024 11:16:41 - __main__ - <module> - INFO: Epoch 3 / 10, Step 50 / 221, Loss = 0.0065679834
14-09-2024 11:16:47 - __main__ - <module> - INFO: Epoch 3 / 10, Step 60 / 221, Loss = 0.0081204213
14-09-2024 11:16:54 - __main__ - <module> - INFO: Epoch 3 / 10, Step 70 / 221, Loss = 0.0070161256
14-09-2024 11:17:00 - __main__ - <module> - INFO: Epoch 3 / 10, Step 80 / 221, Loss = 0.0087979482
14-09-2024 11:17:06 - __main__ - <module> - INFO: Epoch 3 / 10, Step 90 / 221, Loss = 0.0104766581
14-09-2024 11:17:13 - __main__ - <module> - INFO: Epoch 3 / 10, Step 100 / 221, Loss = 0.0105351899
14-09-2024 11:17:19 - __main__ - <module> - INFO: Epoch 3 / 10, Step 110 / 221, Loss = 0.0064395177
14-09-2024 11:17:26 - __main__ - <module> - INFO: Epoch 3 / 10, Step 120 / 221, Loss = 0.0057869754
14-09-2024 11:17:32 - __main__ - <module> - INFO: Epoch 3 / 10, Step 130 / 221, Loss = 0.0067797424
14-09-2024 11:17:38 - __main__ - <module> - INFO: Epoch 3 / 10, Step 140 / 221, Loss = 0.0119279278
14-09-2024 11:17:45 - __main__ - <module> - INFO: Epoch 3 / 10, Step 150 / 221, Loss = 0.0097446926
14-09-2024 11:17:51 - __main__ - <module> - INFO: Epoch 3 / 10, Step 160 / 221, Loss = 0.0065461262
14-09-2024 11:17:57 - __main__ - <module> - INFO: Epoch 3 / 10, Step 170 / 221, Loss = 0.0091845011
14-09-2024 11:18:04 - __main__ - <module> - INFO: Epoch 3 / 10, Step 180 / 221, Loss = 0.0059610177
14-09-2024 11:18:10 - __main__ - <module> - INFO: Epoch 3 / 10, Step 190 / 221, Loss = 0.0105169630
14-09-2024 11:18:17 - __main__ - <module> - INFO: Epoch 3 / 10, Step 200 / 221, Loss = 0.0076561938
14-09-2024 11:18:23 - __main__ - <module> - INFO: Epoch 3 / 10, Step 210 / 221, Loss = 0.0072356588
14-09-2024 11:18:29 - __main__ - <module> - INFO: Epoch 3 / 10, Step 220 / 221, Loss = 0.0053607663
14-09-2024 11:18:30 - __main__ - <module> - INFO: New learning rate: 0.00125
14-09-2024 11:18:30 - __main__ - <module> - INFO: Starting Validation for epoch 3 / 10
14-09-2024 11:18:48 - __main__ - <module> - INFO: Validation Loss: 0.0078930818
14-09-2024 11:18:54 - __main__ - <module> - INFO: Epoch 4 / 10, Step 10 / 221, Loss = 0.0054517267
14-09-2024 11:19:00 - __main__ - <module> - INFO: Epoch 4 / 10, Step 20 / 221, Loss = 0.0092938431
14-09-2024 11:19:07 - __main__ - <module> - INFO: Epoch 4 / 10, Step 30 / 221, Loss = 0.0094059072
14-09-2024 11:19:13 - __main__ - <module> - INFO: Epoch 4 / 10, Step 40 / 221, Loss = 0.0075705494
14-09-2024 11:19:20 - __main__ - <module> - INFO: Epoch 4 / 10, Step 50 / 221, Loss = 0.0081298081
14-09-2024 11:19:26 - __main__ - <module> - INFO: Epoch 4 / 10, Step 60 / 221, Loss = 0.0050721783
14-09-2024 11:19:32 - __main__ - <module> - INFO: Epoch 4 / 10, Step 70 / 221, Loss = 0.0058540702
14-09-2024 11:19:39 - __main__ - <module> - INFO: Epoch 4 / 10, Step 80 / 221, Loss = 0.0047373665
14-09-2024 11:19:45 - __main__ - <module> - INFO: Epoch 4 / 10, Step 90 / 221, Loss = 0.0044731037
14-09-2024 11:19:52 - __main__ - <module> - INFO: Epoch 4 / 10, Step 100 / 221, Loss = 0.0084489901
14-09-2024 11:19:58 - __main__ - <module> - INFO: Epoch 4 / 10, Step 110 / 221, Loss = 0.0069648363
14-09-2024 11:20:04 - __main__ - <module> - INFO: Epoch 4 / 10, Step 120 / 221, Loss = 0.0027629179
14-09-2024 11:20:11 - __main__ - <module> - INFO: Epoch 4 / 10, Step 130 / 221, Loss = 0.0055047418
14-09-2024 11:20:17 - __main__ - <module> - INFO: Epoch 4 / 10, Step 140 / 221, Loss = 0.0065282620
14-09-2024 11:20:23 - __main__ - <module> - INFO: Epoch 4 / 10, Step 150 / 221, Loss = 0.0092883119
14-09-2024 11:20:30 - __main__ - <module> - INFO: Epoch 4 / 10, Step 160 / 221, Loss = 0.0090337805
14-09-2024 11:20:36 - __main__ - <module> - INFO: Epoch 4 / 10, Step 170 / 221, Loss = 0.0090920273
14-09-2024 11:20:43 - __main__ - <module> - INFO: Epoch 4 / 10, Step 180 / 221, Loss = 0.0058179912
14-09-2024 11:20:49 - __main__ - <module> - INFO: Epoch 4 / 10, Step 190 / 221, Loss = 0.0052507143
14-09-2024 11:20:55 - __main__ - <module> - INFO: Epoch 4 / 10, Step 200 / 221, Loss = 0.0073888213
14-09-2024 11:21:02 - __main__ - <module> - INFO: Epoch 4 / 10, Step 210 / 221, Loss = 0.0064526633
14-09-2024 11:21:08 - __main__ - <module> - INFO: Epoch 4 / 10, Step 220 / 221, Loss = 0.0066569010
14-09-2024 11:21:09 - __main__ - <module> - INFO: New learning rate: 0.000625
14-09-2024 11:21:09 - __main__ - <module> - INFO: Starting Validation for epoch 4 / 10
14-09-2024 11:21:26 - __main__ - <module> - INFO: Validation Loss: 0.0084478131
14-09-2024 11:21:33 - __main__ - <module> - INFO: Epoch 5 / 10, Step 10 / 221, Loss = 0.0028443364
14-09-2024 11:21:39 - __main__ - <module> - INFO: Epoch 5 / 10, Step 20 / 221, Loss = 0.0070647122
14-09-2024 11:21:45 - __main__ - <module> - INFO: Epoch 5 / 10, Step 30 / 221, Loss = 0.0036696827
14-09-2024 11:21:52 - __main__ - <module> - INFO: Epoch 5 / 10, Step 40 / 221, Loss = 0.0109177856
14-09-2024 11:21:58 - __main__ - <module> - INFO: Epoch 5 / 10, Step 50 / 221, Loss = 0.0083987368
14-09-2024 11:22:05 - __main__ - <module> - INFO: Epoch 5 / 10, Step 60 / 221, Loss = 0.0083058020
14-09-2024 11:22:11 - __main__ - <module> - INFO: Epoch 5 / 10, Step 70 / 221, Loss = 0.0053174249
14-09-2024 11:22:17 - __main__ - <module> - INFO: Epoch 5 / 10, Step 80 / 221, Loss = 0.0059140176
14-09-2024 11:22:24 - __main__ - <module> - INFO: Epoch 5 / 10, Step 90 / 221, Loss = 0.0074262009
14-09-2024 11:22:30 - __main__ - <module> - INFO: Epoch 5 / 10, Step 100 / 221, Loss = 0.0050911917
14-09-2024 11:22:36 - __main__ - <module> - INFO: Epoch 5 / 10, Step 110 / 221, Loss = 0.0053206817
14-09-2024 11:22:43 - __main__ - <module> - INFO: Epoch 5 / 10, Step 120 / 221, Loss = 0.0090299333
14-09-2024 11:22:49 - __main__ - <module> - INFO: Epoch 5 / 10, Step 130 / 221, Loss = 0.0083508370
14-09-2024 11:22:56 - __main__ - <module> - INFO: Epoch 5 / 10, Step 140 / 221, Loss = 0.0070220428
14-09-2024 11:23:02 - __main__ - <module> - INFO: Epoch 5 / 10, Step 150 / 221, Loss = 0.0076724477
14-09-2024 11:23:08 - __main__ - <module> - INFO: Epoch 5 / 10, Step 160 / 221, Loss = 0.0058420463
14-09-2024 11:23:15 - __main__ - <module> - INFO: Epoch 5 / 10, Step 170 / 221, Loss = 0.0045861397
14-09-2024 11:23:21 - __main__ - <module> - INFO: Epoch 5 / 10, Step 180 / 221, Loss = 0.0067928298
14-09-2024 11:23:28 - __main__ - <module> - INFO: Epoch 5 / 10, Step 190 / 221, Loss = 0.0047906567
14-09-2024 11:23:34 - __main__ - <module> - INFO: Epoch 5 / 10, Step 200 / 221, Loss = 0.0054502822
14-09-2024 11:23:40 - __main__ - <module> - INFO: Epoch 5 / 10, Step 210 / 221, Loss = 0.0114959637
14-09-2024 11:23:47 - __main__ - <module> - INFO: Epoch 5 / 10, Step 220 / 221, Loss = 0.0116584683
14-09-2024 11:23:48 - __main__ - <module> - INFO: New learning rate: 0.0003125
14-09-2024 11:23:48 - __main__ - <module> - INFO: Starting Validation for epoch 5 / 10
14-09-2024 11:24:05 - __main__ - <module> - INFO: Validation Loss: 0.0082164386
14-09-2024 11:24:11 - __main__ - <module> - INFO: Epoch 6 / 10, Step 10 / 221, Loss = 0.0060793995
14-09-2024 11:24:18 - __main__ - <module> - INFO: Epoch 6 / 10, Step 20 / 221, Loss = 0.0069457698
14-09-2024 11:24:24 - __main__ - <module> - INFO: Epoch 6 / 10, Step 30 / 221, Loss = 0.0036846013
14-09-2024 11:24:30 - __main__ - <module> - INFO: Epoch 6 / 10, Step 40 / 221, Loss = 0.0077595650
14-09-2024 11:24:37 - __main__ - <module> - INFO: Epoch 6 / 10, Step 50 / 221, Loss = 0.0076839053
14-09-2024 11:24:43 - __main__ - <module> - INFO: Epoch 6 / 10, Step 60 / 221, Loss = 0.0146287531
14-09-2024 11:24:49 - __main__ - <module> - INFO: Epoch 6 / 10, Step 70 / 221, Loss = 0.0017349027
14-09-2024 11:24:56 - __main__ - <module> - INFO: Epoch 6 / 10, Step 80 / 221, Loss = 0.0055838604
14-09-2024 11:25:02 - __main__ - <module> - INFO: Epoch 6 / 10, Step 90 / 221, Loss = 0.0102670286
14-09-2024 11:25:09 - __main__ - <module> - INFO: Epoch 6 / 10, Step 100 / 221, Loss = 0.0051327185
14-09-2024 11:25:15 - __main__ - <module> - INFO: Epoch 6 / 10, Step 110 / 221, Loss = 0.0076129991
14-09-2024 11:25:21 - __main__ - <module> - INFO: Epoch 6 / 10, Step 120 / 221, Loss = 0.0033300575
14-09-2024 11:25:28 - __main__ - <module> - INFO: Epoch 6 / 10, Step 130 / 221, Loss = 0.0096980911
14-09-2024 11:25:34 - __main__ - <module> - INFO: Epoch 6 / 10, Step 140 / 221, Loss = 0.0048277238
14-09-2024 11:25:40 - __main__ - <module> - INFO: Epoch 6 / 10, Step 150 / 221, Loss = 0.0123338886
14-09-2024 11:25:47 - __main__ - <module> - INFO: Epoch 6 / 10, Step 160 / 221, Loss = 0.0036015362
14-09-2024 11:25:53 - __main__ - <module> - INFO: Epoch 6 / 10, Step 170 / 221, Loss = 0.0081217187
14-09-2024 11:25:59 - __main__ - <module> - INFO: Epoch 6 / 10, Step 180 / 221, Loss = 0.0073830546
14-09-2024 11:26:06 - __main__ - <module> - INFO: Epoch 6 / 10, Step 190 / 221, Loss = 0.0051865876
14-09-2024 11:26:12 - __main__ - <module> - INFO: Epoch 6 / 10, Step 200 / 221, Loss = 0.0072616860
14-09-2024 11:26:18 - __main__ - <module> - INFO: Epoch 6 / 10, Step 210 / 221, Loss = 0.0126059623
14-09-2024 11:26:25 - __main__ - <module> - INFO: Epoch 6 / 10, Step 220 / 221, Loss = 0.0086126914
14-09-2024 11:26:26 - __main__ - <module> - INFO: New learning rate: 0.00015625
14-09-2024 11:26:26 - __main__ - <module> - INFO: Starting Validation for epoch 6 / 10
14-09-2024 11:26:43 - __main__ - <module> - INFO: Validation Loss: 0.0078969718
14-09-2024 11:26:49 - __main__ - <module> - INFO: Epoch 7 / 10, Step 10 / 221, Loss = 0.0082075559
14-09-2024 11:26:55 - __main__ - <module> - INFO: Epoch 7 / 10, Step 20 / 221, Loss = 0.0047692023
14-09-2024 11:27:02 - __main__ - <module> - INFO: Epoch 7 / 10, Step 30 / 221, Loss = 0.0035115730
14-09-2024 11:27:08 - __main__ - <module> - INFO: Epoch 7 / 10, Step 40 / 221, Loss = 0.0115286745
14-09-2024 11:27:15 - __main__ - <module> - INFO: Epoch 7 / 10, Step 50 / 221, Loss = 0.0047188988
14-09-2024 11:27:21 - __main__ - <module> - INFO: Epoch 7 / 10, Step 60 / 221, Loss = 0.0074081416
14-09-2024 11:27:27 - __main__ - <module> - INFO: Epoch 7 / 10, Step 70 / 221, Loss = 0.0059083742
14-09-2024 11:27:34 - __main__ - <module> - INFO: Epoch 7 / 10, Step 80 / 221, Loss = 0.0082128048
14-09-2024 11:27:40 - __main__ - <module> - INFO: Epoch 7 / 10, Step 90 / 221, Loss = 0.0041316417
14-09-2024 11:27:46 - __main__ - <module> - INFO: Epoch 7 / 10, Step 100 / 221, Loss = 0.0041160067
14-09-2024 11:27:53 - __main__ - <module> - INFO: Epoch 7 / 10, Step 110 / 221, Loss = 0.0052815019
14-09-2024 11:27:59 - __main__ - <module> - INFO: Epoch 7 / 10, Step 120 / 221, Loss = 0.0053588832
14-09-2024 11:28:05 - __main__ - <module> - INFO: Epoch 7 / 10, Step 130 / 221, Loss = 0.0077714100
14-09-2024 11:28:12 - __main__ - <module> - INFO: Epoch 7 / 10, Step 140 / 221, Loss = 0.0063697710
14-09-2024 11:28:18 - __main__ - <module> - INFO: Epoch 7 / 10, Step 150 / 221, Loss = 0.0052301274
14-09-2024 11:28:24 - __main__ - <module> - INFO: Epoch 7 / 10, Step 160 / 221, Loss = 0.0080060596
14-09-2024 11:28:31 - __main__ - <module> - INFO: Epoch 7 / 10, Step 170 / 221, Loss = 0.0055718455
14-09-2024 11:28:37 - __main__ - <module> - INFO: Epoch 7 / 10, Step 180 / 221, Loss = 0.0073208869
14-09-2024 11:28:43 - __main__ - <module> - INFO: Epoch 7 / 10, Step 190 / 221, Loss = 0.0099724373
14-09-2024 11:28:50 - __main__ - <module> - INFO: Epoch 7 / 10, Step 200 / 221, Loss = 0.0079933433
14-09-2024 11:28:56 - __main__ - <module> - INFO: Epoch 7 / 10, Step 210 / 221, Loss = 0.0060682716
14-09-2024 11:29:02 - __main__ - <module> - INFO: Epoch 7 / 10, Step 220 / 221, Loss = 0.0035720423
14-09-2024 11:29:03 - __main__ - <module> - INFO: New learning rate: 7.8125e-05
14-09-2024 11:29:03 - __main__ - <module> - INFO: Starting Validation for epoch 7 / 10
14-09-2024 11:29:20 - __main__ - <module> - INFO: Validation Loss: 0.0078321277
14-09-2024 11:29:27 - __main__ - <module> - INFO: Epoch 8 / 10, Step 10 / 221, Loss = 0.0098060565
14-09-2024 11:29:33 - __main__ - <module> - INFO: Epoch 8 / 10, Step 20 / 221, Loss = 0.0066308356
14-09-2024 11:29:39 - __main__ - <module> - INFO: Epoch 8 / 10, Step 30 / 221, Loss = 0.0102090752
14-09-2024 11:29:46 - __main__ - <module> - INFO: Epoch 8 / 10, Step 40 / 221, Loss = 0.0090803336
14-09-2024 11:29:52 - __main__ - <module> - INFO: Epoch 8 / 10, Step 50 / 221, Loss = 0.0098391017
14-09-2024 11:29:59 - __main__ - <module> - INFO: Epoch 8 / 10, Step 60 / 221, Loss = 0.0084321219
14-09-2024 11:30:05 - __main__ - <module> - INFO: Epoch 8 / 10, Step 70 / 221, Loss = 0.0112826191
14-09-2024 11:30:11 - __main__ - <module> - INFO: Epoch 8 / 10, Step 80 / 221, Loss = 0.0053404062
14-09-2024 11:30:18 - __main__ - <module> - INFO: Epoch 8 / 10, Step 90 / 221, Loss = 0.0044180574
14-09-2024 11:30:24 - __main__ - <module> - INFO: Epoch 8 / 10, Step 100 / 221, Loss = 0.0044289115
14-09-2024 11:30:30 - __main__ - <module> - INFO: Epoch 8 / 10, Step 110 / 221, Loss = 0.0074360180
14-09-2024 11:30:37 - __main__ - <module> - INFO: Epoch 8 / 10, Step 120 / 221, Loss = 0.0049152523
14-09-2024 11:30:43 - __main__ - <module> - INFO: Epoch 8 / 10, Step 130 / 221, Loss = 0.0084737195
14-09-2024 11:30:49 - __main__ - <module> - INFO: Epoch 8 / 10, Step 140 / 221, Loss = 0.0073473053
14-09-2024 11:30:56 - __main__ - <module> - INFO: Epoch 8 / 10, Step 150 / 221, Loss = 0.0074145286
14-09-2024 11:31:02 - __main__ - <module> - INFO: Epoch 8 / 10, Step 160 / 221, Loss = 0.0058772829
14-09-2024 11:31:08 - __main__ - <module> - INFO: Epoch 8 / 10, Step 170 / 221, Loss = 0.0080256145
14-09-2024 11:31:14 - __main__ - <module> - INFO: Epoch 8 / 10, Step 180 / 221, Loss = 0.0116496300
14-09-2024 11:31:21 - __main__ - <module> - INFO: Epoch 8 / 10, Step 190 / 221, Loss = 0.0055394876
14-09-2024 11:31:27 - __main__ - <module> - INFO: Epoch 8 / 10, Step 200 / 221, Loss = 0.0067456416
14-09-2024 11:31:33 - __main__ - <module> - INFO: Epoch 8 / 10, Step 210 / 221, Loss = 0.0063314857
14-09-2024 11:31:39 - __main__ - <module> - INFO: Epoch 8 / 10, Step 220 / 221, Loss = 0.0113025205
14-09-2024 11:31:40 - __main__ - <module> - INFO: New learning rate: 3.90625e-05
14-09-2024 11:31:40 - __main__ - <module> - INFO: Starting Validation for epoch 8 / 10
14-09-2024 11:31:57 - __main__ - <module> - INFO: Validation Loss: 0.0080665823
14-09-2024 11:32:03 - __main__ - <module> - INFO: Epoch 9 / 10, Step 10 / 221, Loss = 0.0055448073
14-09-2024 11:32:10 - __main__ - <module> - INFO: Epoch 9 / 10, Step 20 / 221, Loss = 0.0066629127
14-09-2024 11:32:16 - __main__ - <module> - INFO: Epoch 9 / 10, Step 30 / 221, Loss = 0.0054038987
14-09-2024 11:32:22 - __main__ - <module> - INFO: Epoch 9 / 10, Step 40 / 221, Loss = 0.0065069124
14-09-2024 11:32:28 - __main__ - <module> - INFO: Epoch 9 / 10, Step 50 / 221, Loss = 0.0064337268
14-09-2024 11:32:35 - __main__ - <module> - INFO: Epoch 9 / 10, Step 60 / 221, Loss = 0.0064808549
14-09-2024 11:32:41 - __main__ - <module> - INFO: Epoch 9 / 10, Step 70 / 221, Loss = 0.0073536062
14-09-2024 11:32:47 - __main__ - <module> - INFO: Epoch 9 / 10, Step 80 / 221, Loss = 0.0068815239
14-09-2024 11:32:53 - __main__ - <module> - INFO: Epoch 9 / 10, Step 90 / 221, Loss = 0.0053858813
14-09-2024 11:32:59 - __main__ - <module> - INFO: Epoch 9 / 10, Step 100 / 221, Loss = 0.0098231742
14-09-2024 11:33:06 - __main__ - <module> - INFO: Epoch 9 / 10, Step 110 / 221, Loss = 0.0060271816
14-09-2024 11:33:12 - __main__ - <module> - INFO: Epoch 9 / 10, Step 120 / 221, Loss = 0.0129320417
14-09-2024 11:33:18 - __main__ - <module> - INFO: Epoch 9 / 10, Step 130 / 221, Loss = 0.0028546271
14-09-2024 11:33:24 - __main__ - <module> - INFO: Epoch 9 / 10, Step 140 / 221, Loss = 0.0085086897
14-09-2024 11:33:31 - __main__ - <module> - INFO: Epoch 9 / 10, Step 150 / 221, Loss = 0.0058863806
14-09-2024 11:33:37 - __main__ - <module> - INFO: Epoch 9 / 10, Step 160 / 221, Loss = 0.0072832420
14-09-2024 11:33:43 - __main__ - <module> - INFO: Epoch 9 / 10, Step 170 / 221, Loss = 0.0041475538
14-09-2024 11:33:49 - __main__ - <module> - INFO: Epoch 9 / 10, Step 180 / 221, Loss = 0.0046806256
14-09-2024 11:33:56 - __main__ - <module> - INFO: Epoch 9 / 10, Step 190 / 221, Loss = 0.0046851686
14-09-2024 11:34:02 - __main__ - <module> - INFO: Epoch 9 / 10, Step 200 / 221, Loss = 0.0057350816
14-09-2024 11:34:08 - __main__ - <module> - INFO: Epoch 9 / 10, Step 210 / 221, Loss = 0.0067853718
14-09-2024 11:34:14 - __main__ - <module> - INFO: Epoch 9 / 10, Step 220 / 221, Loss = 0.0083855866
14-09-2024 11:34:16 - __main__ - <module> - INFO: New learning rate: 1.953125e-05
14-09-2024 11:34:16 - __main__ - <module> - INFO: Starting Validation for epoch 9 / 10
14-09-2024 11:34:32 - __main__ - <module> - INFO: Validation Loss: 0.0078863500
14-09-2024 11:34:39 - __main__ - <module> - INFO: Epoch 10 / 10, Step 10 / 221, Loss = 0.0084980940
14-09-2024 11:34:45 - __main__ - <module> - INFO: Epoch 10 / 10, Step 20 / 221, Loss = 0.0082592014
14-09-2024 11:34:51 - __main__ - <module> - INFO: Epoch 10 / 10, Step 30 / 221, Loss = 0.0073860125
14-09-2024 11:34:57 - __main__ - <module> - INFO: Epoch 10 / 10, Step 40 / 221, Loss = 0.0050591575
14-09-2024 11:35:03 - __main__ - <module> - INFO: Epoch 10 / 10, Step 50 / 221, Loss = 0.0084259957
14-09-2024 11:35:10 - __main__ - <module> - INFO: Epoch 10 / 10, Step 60 / 221, Loss = 0.0044054608
14-09-2024 11:35:16 - __main__ - <module> - INFO: Epoch 10 / 10, Step 70 / 221, Loss = 0.0063991286
14-09-2024 11:35:22 - __main__ - <module> - INFO: Epoch 10 / 10, Step 80 / 221, Loss = 0.0063752704
14-09-2024 11:35:28 - __main__ - <module> - INFO: Epoch 10 / 10, Step 90 / 221, Loss = 0.0067185122
14-09-2024 11:35:35 - __main__ - <module> - INFO: Epoch 10 / 10, Step 100 / 221, Loss = 0.0070869103
14-09-2024 11:35:41 - __main__ - <module> - INFO: Epoch 10 / 10, Step 110 / 221, Loss = 0.0052308301
14-09-2024 11:35:47 - __main__ - <module> - INFO: Epoch 10 / 10, Step 120 / 221, Loss = 0.0049928180
14-09-2024 11:35:53 - __main__ - <module> - INFO: Epoch 10 / 10, Step 130 / 221, Loss = 0.0068250522
14-09-2024 11:36:00 - __main__ - <module> - INFO: Epoch 10 / 10, Step 140 / 221, Loss = 0.0050276383
14-09-2024 11:36:06 - __main__ - <module> - INFO: Epoch 10 / 10, Step 150 / 221, Loss = 0.0082297204
14-09-2024 11:36:12 - __main__ - <module> - INFO: Epoch 10 / 10, Step 160 / 221, Loss = 0.0043039969
14-09-2024 11:36:19 - __main__ - <module> - INFO: Epoch 10 / 10, Step 170 / 221, Loss = 0.0130446823
14-09-2024 11:36:25 - __main__ - <module> - INFO: Epoch 10 / 10, Step 180 / 221, Loss = 0.0061322893
14-09-2024 11:36:31 - __main__ - <module> - INFO: Epoch 10 / 10, Step 190 / 221, Loss = 0.0053687473
14-09-2024 11:36:38 - __main__ - <module> - INFO: Epoch 10 / 10, Step 200 / 221, Loss = 0.0067669856
14-09-2024 11:36:44 - __main__ - <module> - INFO: Epoch 10 / 10, Step 210 / 221, Loss = 0.0083639314
14-09-2024 11:36:50 - __main__ - <module> - INFO: Epoch 10 / 10, Step 220 / 221, Loss = 0.0082939053
14-09-2024 11:36:51 - __main__ - <module> - INFO: Starting Validation for epoch 10 / 10
14-09-2024 11:37:08 - __main__ - <module> - INFO: Validation Loss: 0.0077502005
14-09-2024 11:37:09 - visualize - save_plot_training_loss - INFO: Plot writen to ./logs/training_loss_7.png
14-09-2024 11:37:09 - __main__ - <module> - INFO: Training finished!
14-09-2024 11:37:09 - __main__ - <module> - INFO: Saved Model
14-09-2024 11:37:09 - __main__ - <module> - INFO: Starting Test Step...
14-09-2024 11:37:26 - __main__ - <module> - INFO: Test Loss: 0.0067269231
14-09-2024 11:37:27 - visualize - compareTimeDomainComplex - INFO: Saved comparison of random prediction and label to ./random_test_prediction.png
14-09-2024 11:37:27 - __main__ - <module> - INFO: Test Step finished!
