02-08-2024 14:21:20 - __main__ - <module> - INFO: Size of Output Tensor: 512 Elements
02-08-2024 14:21:20 - __main__ - <module> - INFO: Batch Size: 10 Elements
02-08-2024 14:21:20 - __main__ - <module> - INFO: Number of Epochs: 2
02-08-2024 14:21:20 - __main__ - <module> - INFO: Learning Rate: 0.0001
02-08-2024 14:21:20 - __main__ - <module> - INFO: Device used (cuda/cpu): cuda
02-08-2024 14:21:20 - __main__ - <module> - INFO: Loading Model...
02-08-2024 14:21:22 - __main__ - <module> - INFO: Loading Model finished!
02-08-2024 14:21:22 - __main__ - <module> - INFO: Loading Data...
02-08-2024 14:21:22 - __main__ - <module> - INFO: Size of dataset: 1000
02-08-2024 14:21:22 - __main__ - <module> - INFO: Size of training data: 800
02-08-2024 14:21:22 - __main__ - <module> - INFO: Size of validation data: 100
02-08-2024 14:21:22 - __main__ - <module> - INFO: Size of test data: 100
02-08-2024 14:21:22 - __main__ - <module> - INFO: Loading Data finished!
02-08-2024 14:21:22 - __main__ - <module> - INFO: Starting Training...
02-08-2024 14:21:32 - __main__ - <module> - INFO: Epoch 1 / 2, Step 10 / 80, Loss = 2.7730197906
02-08-2024 14:21:40 - __main__ - <module> - INFO: Epoch 1 / 2, Step 20 / 80, Loss = 0.7334144115
02-08-2024 14:21:49 - __main__ - <module> - INFO: Epoch 1 / 2, Step 30 / 80, Loss = 0.3861352801
02-08-2024 14:21:57 - __main__ - <module> - INFO: Epoch 1 / 2, Step 40 / 80, Loss = 0.1982616037
02-08-2024 14:22:05 - __main__ - <module> - INFO: Epoch 1 / 2, Step 50 / 80, Loss = 0.0880665034
02-08-2024 14:22:14 - __main__ - <module> - INFO: Epoch 1 / 2, Step 60 / 80, Loss = 0.0320365764
02-08-2024 14:22:22 - __main__ - <module> - INFO: Epoch 1 / 2, Step 70 / 80, Loss = 0.0098702880
02-08-2024 14:22:31 - __main__ - <module> - INFO: Epoch 1 / 2, Step 80 / 80, Loss = 0.0024684512
02-08-2024 14:22:39 - __main__ - <module> - INFO: Epoch 2 / 2, Step 10 / 80, Loss = 0.0007457716
02-08-2024 14:22:47 - __main__ - <module> - INFO: Epoch 2 / 2, Step 20 / 80, Loss = 0.0002764208
02-08-2024 14:22:56 - __main__ - <module> - INFO: Epoch 2 / 2, Step 30 / 80, Loss = 0.0000978310
02-08-2024 14:23:04 - __main__ - <module> - INFO: Epoch 2 / 2, Step 40 / 80, Loss = 0.0000359731
02-08-2024 14:23:13 - __main__ - <module> - INFO: Epoch 2 / 2, Step 50 / 80, Loss = 0.0000151406
02-08-2024 14:23:21 - __main__ - <module> - INFO: Epoch 2 / 2, Step 60 / 80, Loss = 0.0000048104
02-08-2024 14:23:30 - __main__ - <module> - INFO: Epoch 2 / 2, Step 70 / 80, Loss = 0.0000016153
02-08-2024 14:23:38 - __main__ - <module> - INFO: Epoch 2 / 2, Step 80 / 80, Loss = 0.0000005718
02-08-2024 14:23:38 - __main__ - <module> - INFO: Saved plot of training loss!
02-08-2024 14:23:38 - __main__ - <module> - INFO: Training finished!
02-08-2024 14:23:38 - __main__ - <module> - INFO: Starting Validation...
02-08-2024 14:23:39 - __main__ - <module> - INFO: Validation finished!
