16-09-2024 16:19:57 - __main__ - <module> - INFO: Writing into log file: ./logs/training_16.log
16-09-2024 16:19:57 - __main__ - <module> - INFO: Dataset used: /mnt/data/desy/frog_simulated/grid_256_v3/
16-09-2024 16:19:57 - __main__ - <module> - INFO: Spectrograms used: as_gn00.dat
16-09-2024 16:19:57 - __main__ - <module> - INFO: Size of output tensor: 256 elements
16-09-2024 16:19:57 - __main__ - <module> - INFO: Batch size: 10 elements
16-09-2024 16:19:57 - __main__ - <module> - INFO: Number of epochs: 20
16-09-2024 16:19:57 - __main__ - <module> - INFO: Initial learning rate: 0.0001
16-09-2024 16:19:57 - __main__ - <module> - INFO: Only Pulses with PBDrms lower than 0.5 are used!
16-09-2024 16:19:57 - __main__ - <module> - INFO: Device used (cuda/cpu): cuda
16-09-2024 16:19:57 - __main__ - <module> - INFO: Loading Model...
16-09-2024 16:19:58 - __main__ - <module> - INFO: Freezing early layers!
16-09-2024 16:19:58 - __main__ - <module> - INFO: Loading Model finished!
16-09-2024 16:19:58 - __main__ - <module> - INFO: Loading Data...
16-09-2024 16:19:58 - __main__ - <module> - INFO: Size of dataset: 3510
16-09-2024 16:19:58 - __main__ - <module> - INFO: Size of training data:   2808
16-09-2024 16:19:58 - __main__ - <module> - INFO: Size of validation data: 351
16-09-2024 16:19:58 - __main__ - <module> - INFO: Size of test data:       351
16-09-2024 16:19:58 - __main__ - <module> - INFO: Finished loading data!
16-09-2024 16:19:58 - __main__ - <module> - INFO: Starting training...
16-09-2024 16:20:05 - __main__ - <module> - INFO: Epoch 1 / 20, Step 10 / 280, Loss = 1.5580025315e-01
16-09-2024 16:20:11 - __main__ - <module> - INFO: Epoch 1 / 20, Step 20 / 280, Loss = 1.3942058384e-01
16-09-2024 16:20:17 - __main__ - <module> - INFO: Epoch 1 / 20, Step 30 / 280, Loss = 9.8059080541e-02
16-09-2024 16:20:24 - __main__ - <module> - INFO: Epoch 1 / 20, Step 40 / 280, Loss = 1.0063645989e-01
16-09-2024 16:20:30 - __main__ - <module> - INFO: Epoch 1 / 20, Step 50 / 280, Loss = 6.9046817720e-02
16-09-2024 16:20:36 - __main__ - <module> - INFO: Epoch 1 / 20, Step 60 / 280, Loss = 7.2888799012e-02
