18-10-2024 10:34:54 - __main__ - <module> - INFO: Testing training using hilbert transform for imaginary part - with 1 Epochs
18-10-2024 10:34:54 - __main__ - <module> - INFO: Writing into log file: ./logs/training_012/training.log
18-10-2024 10:34:54 - __main__ - <module> - INFO: Dataset used: /mnt/data/desy/frog_simulated/grid_256_v3/
18-10-2024 10:34:54 - __main__ - <module> - INFO: Spectrograms used: as_gn00.dat
18-10-2024 10:34:54 - __main__ - <module> - INFO: Size of output tensor: 512 elements
18-10-2024 10:34:54 - __main__ - <module> - INFO: Batch size: 10 elements
18-10-2024 10:34:54 - __main__ - <module> - INFO: Number of epochs: 1
18-10-2024 10:34:54 - __main__ - <module> - INFO: Initial learning rate: 1e-07
18-10-2024 10:34:54 - __main__ - <module> - INFO: Only Pulses with PBDrms lower than 0.27 are used!
18-10-2024 10:34:55 - __main__ - <module> - INFO: Device used (cuda/cpu): cuda
18-10-2024 10:34:55 - __main__ - <module> - INFO: Loading Model...
18-10-2024 10:34:55 - __main__ - <module> - INFO: Freezing early layers!
18-10-2024 10:34:55 - __main__ - <module> - INFO: Loading Model finished!
18-10-2024 10:34:55 - __main__ - <module> - INFO: Loading Data...
18-10-2024 10:34:56 - __main__ - <module> - INFO: Size of dataset: 1616
18-10-2024 10:34:56 - __main__ - <module> - INFO: Size of training data:   1294
18-10-2024 10:34:56 - __main__ - <module> - INFO: Size of validation data: 161
18-10-2024 10:34:56 - __main__ - <module> - INFO: Size of test data:       161
18-10-2024 10:34:56 - __main__ - <module> - INFO: Finished loading data!
18-10-2024 10:34:56 - __main__ - <module> - INFO: Starting training...
18-10-2024 10:34:56 - __main__ - <module> - INFO: Epoch 1 / 1, Step 1 / 130, Loss = 1.2139211893e+00, LR = 2.0000e-03
18-10-2024 10:34:57 - __main__ - <module> - INFO: Epoch 1 / 1, Step 2 / 130, Loss = 2.9171543121e+00, LR = 2.0820e-03
18-10-2024 10:34:58 - __main__ - <module> - INFO: Epoch 1 / 1, Step 3 / 130, Loss = 8.8590806723e-01, LR = 2.3273e-03
18-10-2024 10:34:58 - __main__ - <module> - INFO: Epoch 1 / 1, Step 4 / 130, Loss = 7.9593181610e-01, LR = 2.7344e-03
18-10-2024 10:34:59 - __main__ - <module> - INFO: Epoch 1 / 1, Step 5 / 130, Loss = 9.1326123476e-01, LR = 3.3004e-03
18-10-2024 10:34:59 - __main__ - <module> - INFO: Epoch 1 / 1, Step 6 / 130, Loss = 7.4367886782e-01, LR = 4.0214e-03
18-10-2024 10:35:00 - __main__ - <module> - INFO: Epoch 1 / 1, Step 7 / 130, Loss = 6.1844015121e-01, LR = 4.8926e-03
18-10-2024 10:35:01 - __main__ - <module> - INFO: Epoch 1 / 1, Step 8 / 130, Loss = 6.6137737036e-01, LR = 5.9080e-03
18-10-2024 10:35:01 - __main__ - <module> - INFO: Epoch 1 / 1, Step 9 / 130, Loss = 5.8774727583e-01, LR = 7.0606e-03
18-10-2024 10:35:02 - __main__ - <module> - INFO: Epoch 1 / 1, Step 10 / 130, Loss = 6.0500895977e-01, LR = 8.3426e-03
18-10-2024 10:35:02 - __main__ - <module> - INFO: Epoch 1 / 1, Step 11 / 130, Loss = 5.4353779554e-01, LR = 9.7452e-03
18-10-2024 10:35:03 - __main__ - <module> - INFO: Epoch 1 / 1, Step 12 / 130, Loss = 5.7686436176e-01, LR = 1.1259e-02
18-10-2024 10:35:04 - __main__ - <module> - INFO: Epoch 1 / 1, Step 13 / 130, Loss = 6.2646156549e-01, LR = 1.2873e-02
18-10-2024 10:35:04 - __main__ - <module> - INFO: Epoch 1 / 1, Step 14 / 130, Loss = 7.0921498537e-01, LR = 1.4577e-02
18-10-2024 10:35:05 - __main__ - <module> - INFO: Epoch 1 / 1, Step 15 / 130, Loss = 9.1329634190e-01, LR = 1.6359e-02
18-10-2024 10:35:05 - __main__ - <module> - INFO: Epoch 1 / 1, Step 16 / 130, Loss = 1.5122269392e+00, LR = 1.8207e-02
18-10-2024 10:35:06 - __main__ - <module> - INFO: Epoch 1 / 1, Step 17 / 130, Loss = 1.0311079025e+00, LR = 2.0108e-02
18-10-2024 10:35:07 - __main__ - <module> - INFO: Epoch 1 / 1, Step 18 / 130, Loss = 7.1535170078e-01, LR = 2.2050e-02
18-10-2024 10:35:07 - __main__ - <module> - INFO: Epoch 1 / 1, Step 19 / 130, Loss = 7.0739930868e-01, LR = 2.4018e-02
18-10-2024 10:35:08 - __main__ - <module> - INFO: Epoch 1 / 1, Step 20 / 130, Loss = 6.4327979088e-01, LR = 2.6000e-02
18-10-2024 10:35:08 - __main__ - <module> - INFO: Epoch 1 / 1, Step 21 / 130, Loss = 5.7829397917e-01, LR = 2.7982e-02
18-10-2024 10:35:09 - __main__ - <module> - INFO: Epoch 1 / 1, Step 22 / 130, Loss = 6.3810634613e-01, LR = 2.9950e-02
18-10-2024 10:35:10 - __main__ - <module> - INFO: Epoch 1 / 1, Step 23 / 130, Loss = 6.1694937944e-01, LR = 3.1892e-02
18-10-2024 10:35:10 - __main__ - <module> - INFO: Epoch 1 / 1, Step 24 / 130, Loss = 5.4934644699e-01, LR = 3.3793e-02
18-10-2024 10:35:11 - __main__ - <module> - INFO: Epoch 1 / 1, Step 25 / 130, Loss = 6.0470867157e-01, LR = 3.5641e-02
18-10-2024 10:35:11 - __main__ - <module> - INFO: Epoch 1 / 1, Step 26 / 130, Loss = 6.3590973616e-01, LR = 3.7423e-02
18-10-2024 10:35:12 - __main__ - <module> - INFO: Epoch 1 / 1, Step 27 / 130, Loss = 5.3671664000e-01, LR = 3.9127e-02
18-10-2024 10:35:13 - __main__ - <module> - INFO: Epoch 1 / 1, Step 28 / 130, Loss = 5.6993931532e-01, LR = 4.0741e-02
18-10-2024 10:35:13 - __main__ - <module> - INFO: Epoch 1 / 1, Step 29 / 130, Loss = 6.9129294157e-01, LR = 4.2255e-02
18-10-2024 10:35:14 - __main__ - <module> - INFO: Epoch 1 / 1, Step 30 / 130, Loss = 5.7934725285e-01, LR = 4.3657e-02
18-10-2024 10:35:14 - __main__ - <module> - INFO: Epoch 1 / 1, Step 31 / 130, Loss = 8.4623777866e-01, LR = 4.4939e-02
18-10-2024 10:35:15 - __main__ - <module> - INFO: Epoch 1 / 1, Step 32 / 130, Loss = 6.8767786026e-01, LR = 4.6092e-02
18-10-2024 10:35:16 - __main__ - <module> - INFO: Epoch 1 / 1, Step 33 / 130, Loss = 5.7999098301e-01, LR = 4.7107e-02
18-10-2024 10:35:16 - __main__ - <module> - INFO: Epoch 1 / 1, Step 34 / 130, Loss = 5.6391823292e-01, LR = 4.7979e-02
18-10-2024 10:35:17 - __main__ - <module> - INFO: Epoch 1 / 1, Step 35 / 130, Loss = 1.1354503632e+00, LR = 4.8700e-02
18-10-2024 10:35:17 - __main__ - <module> - INFO: Epoch 1 / 1, Step 36 / 130, Loss = 1.6753917933e+00, LR = 4.9266e-02
18-10-2024 10:35:18 - __main__ - <module> - INFO: Epoch 1 / 1, Step 37 / 130, Loss = 1.7651427984e+00, LR = 4.9673e-02
18-10-2024 10:35:19 - __main__ - <module> - INFO: Epoch 1 / 1, Step 38 / 130, Loss = 4.3126769066e+00, LR = 4.9918e-02
18-10-2024 10:35:19 - __main__ - <module> - INFO: Epoch 1 / 1, Step 39 / 130, Loss = 5.2182328701e-01, LR = 5.0000e-02
18-10-2024 10:35:20 - __main__ - <module> - INFO: Epoch 1 / 1, Step 40 / 130, Loss = 6.4039820433e-01, LR = 4.9985e-02
18-10-2024 10:35:20 - __main__ - <module> - INFO: Epoch 1 / 1, Step 41 / 130, Loss = 5.4453879595e-01, LR = 4.9940e-02
18-10-2024 10:35:21 - __main__ - <module> - INFO: Epoch 1 / 1, Step 42 / 130, Loss = 5.9996765852e-01, LR = 4.9866e-02
18-10-2024 10:35:22 - __main__ - <module> - INFO: Epoch 1 / 1, Step 43 / 130, Loss = 5.6825762987e-01, LR = 4.9762e-02
18-10-2024 10:35:22 - __main__ - <module> - INFO: Epoch 1 / 1, Step 44 / 130, Loss = 5.5547922850e-01, LR = 4.9628e-02
18-10-2024 10:35:23 - __main__ - <module> - INFO: Epoch 1 / 1, Step 45 / 130, Loss = 4.9791998863e+00, LR = 4.9466e-02
18-10-2024 10:35:23 - __main__ - <module> - INFO: Epoch 1 / 1, Step 46 / 130, Loss = 5.7525247335e-01, LR = 4.9274e-02
18-10-2024 10:35:24 - __main__ - <module> - INFO: Epoch 1 / 1, Step 47 / 130, Loss = 5.6078660488e-01, LR = 4.9053e-02
18-10-2024 10:35:25 - __main__ - <module> - INFO: Epoch 1 / 1, Step 48 / 130, Loss = 2.4952046871e+00, LR = 4.8803e-02
18-10-2024 10:35:25 - __main__ - <module> - INFO: Epoch 1 / 1, Step 49 / 130, Loss = 2.8907096386e+00, LR = 4.8525e-02
18-10-2024 10:35:26 - __main__ - <module> - INFO: Epoch 1 / 1, Step 50 / 130, Loss = 4.5876619220e-01, LR = 4.8219e-02
18-10-2024 10:35:26 - __main__ - <module> - INFO: Epoch 1 / 1, Step 51 / 130, Loss = 9.1664278507e-01, LR = 4.7885e-02
18-10-2024 10:35:27 - __main__ - <module> - INFO: Epoch 1 / 1, Step 52 / 130, Loss = 1.0600543022e+00, LR = 4.7524e-02
18-10-2024 10:35:28 - __main__ - <module> - INFO: Epoch 1 / 1, Step 53 / 130, Loss = 6.0703688860e-01, LR = 4.7136e-02
18-10-2024 10:35:28 - __main__ - <module> - INFO: Epoch 1 / 1, Step 54 / 130, Loss = 5.2440273762e-01, LR = 4.6722e-02
18-10-2024 10:35:29 - __main__ - <module> - INFO: Epoch 1 / 1, Step 55 / 130, Loss = 5.6958454847e-01, LR = 4.6282e-02
18-10-2024 10:35:29 - __main__ - <module> - INFO: Epoch 1 / 1, Step 56 / 130, Loss = 4.7529155016e-01, LR = 4.5817e-02
18-10-2024 10:35:30 - __main__ - <module> - INFO: Epoch 1 / 1, Step 57 / 130, Loss = 1.1705098152e+00, LR = 4.5326e-02
18-10-2024 10:35:31 - __main__ - <module> - INFO: Epoch 1 / 1, Step 58 / 130, Loss = 5.0095635653e-01, LR = 4.4812e-02
18-10-2024 10:35:31 - __main__ - <module> - INFO: Epoch 1 / 1, Step 59 / 130, Loss = 5.9306067228e-01, LR = 4.4274e-02
18-10-2024 10:35:32 - __main__ - <module> - INFO: Epoch 1 / 1, Step 60 / 130, Loss = 5.8040094376e-01, LR = 4.3713e-02
18-10-2024 10:35:32 - __main__ - <module> - INFO: Epoch 1 / 1, Step 61 / 130, Loss = 4.4212841988e-01, LR = 4.3129e-02
18-10-2024 10:35:33 - __main__ - <module> - INFO: Epoch 1 / 1, Step 62 / 130, Loss = 5.5127280951e-01, LR = 4.2524e-02
18-10-2024 10:35:34 - __main__ - <module> - INFO: Epoch 1 / 1, Step 63 / 130, Loss = 5.7962095737e-01, LR = 4.1899e-02
18-10-2024 10:35:34 - __main__ - <module> - INFO: Epoch 1 / 1, Step 64 / 130, Loss = 5.0662964582e-01, LR = 4.1253e-02
18-10-2024 10:35:35 - __main__ - <module> - INFO: Epoch 1 / 1, Step 65 / 130, Loss = 5.2776360512e-01, LR = 4.0587e-02
18-10-2024 10:35:35 - __main__ - <module> - INFO: Epoch 1 / 1, Step 66 / 130, Loss = 1.1574658155e+00, LR = 3.9903e-02
18-10-2024 10:35:36 - __main__ - <module> - INFO: Epoch 1 / 1, Step 67 / 130, Loss = 4.6935066581e-01, LR = 3.9202e-02
18-10-2024 10:35:37 - __main__ - <module> - INFO: Epoch 1 / 1, Step 68 / 130, Loss = 5.8414560556e-01, LR = 3.8483e-02
18-10-2024 10:35:37 - __main__ - <module> - INFO: Epoch 1 / 1, Step 69 / 130, Loss = 4.8914381862e-01, LR = 3.7748e-02
18-10-2024 10:35:38 - __main__ - <module> - INFO: Epoch 1 / 1, Step 70 / 130, Loss = 4.7939744592e-01, LR = 3.6998e-02
18-10-2024 10:35:38 - __main__ - <module> - INFO: Epoch 1 / 1, Step 71 / 130, Loss = 4.0947690606e-01, LR = 3.6234e-02
18-10-2024 10:35:39 - __main__ - <module> - INFO: Epoch 1 / 1, Step 72 / 130, Loss = 4.4895815849e-01, LR = 3.5457e-02
18-10-2024 10:35:40 - __main__ - <module> - INFO: Epoch 1 / 1, Step 73 / 130, Loss = 4.9129506946e-01, LR = 3.4667e-02
18-10-2024 10:35:40 - __main__ - <module> - INFO: Epoch 1 / 1, Step 74 / 130, Loss = 5.4748481512e-01, LR = 3.3865e-02
18-10-2024 10:35:41 - __main__ - <module> - INFO: Epoch 1 / 1, Step 75 / 130, Loss = 3.7697315216e-01, LR = 3.3053e-02
18-10-2024 10:35:41 - __main__ - <module> - INFO: Epoch 1 / 1, Step 76 / 130, Loss = 4.3784496188e-01, LR = 3.2231e-02
18-10-2024 10:35:42 - __main__ - <module> - INFO: Epoch 1 / 1, Step 77 / 130, Loss = 6.3018369675e-01, LR = 3.1401e-02
18-10-2024 10:35:43 - __main__ - <module> - INFO: Epoch 1 / 1, Step 78 / 130, Loss = 5.5923610926e-01, LR = 3.0563e-02
18-10-2024 10:35:43 - __main__ - <module> - INFO: Epoch 1 / 1, Step 79 / 130, Loss = 4.1187387705e-01, LR = 2.9719e-02
18-10-2024 10:35:44 - __main__ - <module> - INFO: Epoch 1 / 1, Step 80 / 130, Loss = 5.8183288574e-01, LR = 2.8868e-02
18-10-2024 10:35:44 - __main__ - <module> - INFO: Epoch 1 / 1, Step 81 / 130, Loss = 5.3031092882e-01, LR = 2.8014e-02
18-10-2024 10:35:45 - __main__ - <module> - INFO: Epoch 1 / 1, Step 82 / 130, Loss = 5.0287061930e-01, LR = 2.7155e-02
18-10-2024 10:35:46 - __main__ - <module> - INFO: Epoch 1 / 1, Step 83 / 130, Loss = 4.5847639441e-01, LR = 2.6294e-02
18-10-2024 10:35:46 - __main__ - <module> - INFO: Epoch 1 / 1, Step 84 / 130, Loss = 4.4909358025e-01, LR = 2.5432e-02
18-10-2024 10:35:47 - __main__ - <module> - INFO: Epoch 1 / 1, Step 85 / 130, Loss = 4.5444831252e-01, LR = 2.4569e-02
18-10-2024 10:35:47 - __main__ - <module> - INFO: Epoch 1 / 1, Step 86 / 130, Loss = 4.6123036742e-01, LR = 2.3706e-02
18-10-2024 10:35:48 - __main__ - <module> - INFO: Epoch 1 / 1, Step 87 / 130, Loss = 5.1511955261e-01, LR = 2.2845e-02
18-10-2024 10:35:49 - __main__ - <module> - INFO: Epoch 1 / 1, Step 88 / 130, Loss = 4.5555266738e-01, LR = 2.1987e-02
18-10-2024 10:35:49 - __main__ - <module> - INFO: Epoch 1 / 1, Step 89 / 130, Loss = 5.0948154926e-01, LR = 2.1132e-02
18-10-2024 10:35:50 - __main__ - <module> - INFO: Epoch 1 / 1, Step 90 / 130, Loss = 4.5415383577e-01, LR = 2.0282e-02
18-10-2024 10:35:50 - __main__ - <module> - INFO: Epoch 1 / 1, Step 91 / 130, Loss = 5.0396031141e-01, LR = 1.9437e-02
18-10-2024 10:35:51 - __main__ - <module> - INFO: Epoch 1 / 1, Step 92 / 130, Loss = 4.1835483909e-01, LR = 1.8599e-02
18-10-2024 10:35:52 - __main__ - <module> - INFO: Epoch 1 / 1, Step 93 / 130, Loss = 5.1060414314e-01, LR = 1.7769e-02
18-10-2024 10:35:52 - __main__ - <module> - INFO: Epoch 1 / 1, Step 94 / 130, Loss = 5.8022654057e-01, LR = 1.6947e-02
18-10-2024 10:35:53 - __main__ - <module> - INFO: Epoch 1 / 1, Step 95 / 130, Loss = 5.1759153605e-01, LR = 1.6135e-02
18-10-2024 10:35:53 - __main__ - <module> - INFO: Epoch 1 / 1, Step 96 / 130, Loss = 3.9254221320e-01, LR = 1.5333e-02
18-10-2024 10:35:54 - __main__ - <module> - INFO: Epoch 1 / 1, Step 97 / 130, Loss = 3.8225337863e-01, LR = 1.4543e-02
18-10-2024 10:35:55 - __main__ - <module> - INFO: Epoch 1 / 1, Step 98 / 130, Loss = 6.3376122713e-01, LR = 1.3766e-02
18-10-2024 10:35:55 - __main__ - <module> - INFO: Epoch 1 / 1, Step 99 / 130, Loss = 5.1712208986e-01, LR = 1.3002e-02
18-10-2024 10:35:56 - __main__ - <module> - INFO: Epoch 1 / 1, Step 100 / 130, Loss = 5.1926392317e-01, LR = 1.2252e-02
18-10-2024 10:35:56 - __main__ - <module> - INFO: Epoch 1 / 1, Step 101 / 130, Loss = 4.8329049349e-01, LR = 1.1517e-02
18-10-2024 10:35:57 - __main__ - <module> - INFO: Epoch 1 / 1, Step 102 / 130, Loss = 5.3328913450e-01, LR = 1.0799e-02
18-10-2024 10:35:58 - __main__ - <module> - INFO: Epoch 1 / 1, Step 103 / 130, Loss = 4.3533918262e-01, LR = 1.0097e-02
18-10-2024 10:35:58 - __main__ - <module> - INFO: Epoch 1 / 1, Step 104 / 130, Loss = 4.1109690070e-01, LR = 9.4129e-03
18-10-2024 10:35:59 - __main__ - <module> - INFO: Epoch 1 / 1, Step 105 / 130, Loss = 5.0634676218e-01, LR = 8.7476e-03
18-10-2024 10:35:59 - __main__ - <module> - INFO: Epoch 1 / 1, Step 106 / 130, Loss = 4.2794248462e-01, LR = 8.1016e-03
18-10-2024 10:36:00 - __main__ - <module> - INFO: Epoch 1 / 1, Step 107 / 130, Loss = 4.0462905169e-01, LR = 7.4757e-03
18-10-2024 10:36:01 - __main__ - <module> - INFO: Epoch 1 / 1, Step 108 / 130, Loss = 4.2507848144e-01, LR = 6.8708e-03
18-10-2024 10:36:01 - __main__ - <module> - INFO: Epoch 1 / 1, Step 109 / 130, Loss = 5.1760214567e-01, LR = 6.2874e-03
18-10-2024 10:36:02 - __main__ - <module> - INFO: Epoch 1 / 1, Step 110 / 130, Loss = 4.9466544390e-01, LR = 5.7263e-03
18-10-2024 10:36:02 - __main__ - <module> - INFO: Epoch 1 / 1, Step 111 / 130, Loss = 5.0523132086e-01, LR = 5.1883e-03
18-10-2024 10:36:03 - __main__ - <module> - INFO: Epoch 1 / 1, Step 112 / 130, Loss = 4.1389432549e-01, LR = 4.6738e-03
18-10-2024 10:36:04 - __main__ - <module> - INFO: Epoch 1 / 1, Step 113 / 130, Loss = 4.3814370036e-01, LR = 4.1835e-03
18-10-2024 10:36:04 - __main__ - <module> - INFO: Epoch 1 / 1, Step 114 / 130, Loss = 4.9228873849e-01, LR = 3.7181e-03
18-10-2024 10:36:05 - __main__ - <module> - INFO: Epoch 1 / 1, Step 115 / 130, Loss = 4.0703234076e-01, LR = 3.2780e-03
18-10-2024 10:36:05 - __main__ - <module> - INFO: Epoch 1 / 1, Step 116 / 130, Loss = 4.1899695992e-01, LR = 2.8638e-03
18-10-2024 10:36:06 - __main__ - <module> - INFO: Epoch 1 / 1, Step 117 / 130, Loss = 5.7770454884e-01, LR = 2.4760e-03
18-10-2024 10:36:07 - __main__ - <module> - INFO: Epoch 1 / 1, Step 118 / 130, Loss = 4.6647772193e-01, LR = 2.1150e-03
18-10-2024 10:36:07 - __main__ - <module> - INFO: Epoch 1 / 1, Step 119 / 130, Loss = 4.5747533441e-01, LR = 1.7813e-03
18-10-2024 10:36:08 - __main__ - <module> - INFO: Epoch 1 / 1, Step 120 / 130, Loss = 5.5925190449e-01, LR = 1.4753e-03
18-10-2024 10:36:08 - __main__ - <module> - INFO: Epoch 1 / 1, Step 121 / 130, Loss = 3.9792248607e-01, LR = 1.1973e-03
18-10-2024 10:36:09 - __main__ - <module> - INFO: Epoch 1 / 1, Step 122 / 130, Loss = 4.8488458991e-01, LR = 9.4762e-04
18-10-2024 10:36:10 - __main__ - <module> - INFO: Epoch 1 / 1, Step 123 / 130, Loss = 5.1842576265e-01, LR = 7.2665e-04
18-10-2024 10:36:10 - __main__ - <module> - INFO: Epoch 1 / 1, Step 124 / 130, Loss = 5.1295304298e-01, LR = 5.3461e-04
18-10-2024 10:36:11 - __main__ - <module> - INFO: Epoch 1 / 1, Step 125 / 130, Loss = 5.2739781141e-01, LR = 3.7172e-04
18-10-2024 10:36:11 - __main__ - <module> - INFO: Epoch 1 / 1, Step 126 / 130, Loss = 4.5094680786e-01, LR = 2.3819e-04
18-10-2024 10:36:12 - __main__ - <module> - INFO: Epoch 1 / 1, Step 127 / 130, Loss = 3.9324814081e-01, LR = 1.3416e-04
18-10-2024 10:36:13 - __main__ - <module> - INFO: Epoch 1 / 1, Step 128 / 130, Loss = 5.4807728529e-01, LR = 5.9768e-05
18-10-2024 10:36:13 - __main__ - <module> - INFO: Epoch 1 / 1, Step 129 / 130, Loss = 4.4662007689e-01, LR = 1.5096e-05
18-10-2024 10:36:14 - __main__ - <module> - INFO: Epoch 1 / 1, Step 130 / 130, Loss = 2.4597521126e-01, LR = 2.0000e-07
18-10-2024 10:36:14 - __main__ - <module> - INFO: Starting Validation for epoch 1 / 1
18-10-2024 10:36:23 - __main__ - <module> - INFO: Validation Loss: 4.4902264327e-01
18-10-2024 10:36:23 - visualize - save_plot_training_loss - INFO: Plot writen to ./logs/training_012/loss.png
18-10-2024 10:36:23 - __main__ - <module> - INFO: Training finished!
18-10-2024 10:36:23 - __main__ - <module> - INFO: Saved Model
18-10-2024 10:36:23 - __main__ - <module> - INFO: Starting Test Step...
18-10-2024 10:36:33 - __main__ - <module> - INFO: Test Loss: 4.3976861151e-01
18-10-2024 10:36:33 - visualize - compareTimeDomainComplex - INFO: Saved comparison of random prediction and label to ./logs/training_012/random_prediction.png
18-10-2024 10:36:33 - __main__ - <module> - INFO: Test Step finished!
